ARM GAS  /tmp/cccC7Cc9.s 			page 1


   1              		.syntax unified
   2              		.cpu cortex-m3
   3              		.fpu softvfp
   4              		.eabi_attribute 20, 1
   5              		.eabi_attribute 21, 1
   6              		.eabi_attribute 23, 3
   7              		.eabi_attribute 24, 1
   8              		.eabi_attribute 25, 1
   9              		.eabi_attribute 26, 1
  10              		.eabi_attribute 30, 4
  11              		.eabi_attribute 34, 1
  12              		.eabi_attribute 18, 4
  13              		.thumb
  14              		.file	"chcore_v7m.c"
  15              		.section	.text._port_switch_from_isr,"ax",%progbits
  16              		.align	1
  17              		.global	_port_switch_from_isr
  18              		.thumb
  19              		.thumb_func
  20              		.type	_port_switch_from_isr, %function
  21              	_port_switch_from_isr:
  22              		@ Naked Function: prologue and epilogue provided by programmer.
  23              		@ args = 0, pretend = 0, frame = 0
  24              		@ frame_needed = 0, uses_anonymous_args = 0
  25 0000 FFF7FEFF 		bl	chSchDoReschedule
  26              	@ 205 "zubax_chibios///chibios/os/ports/GCC/ARMCMx/chcore_v7m.c" 1
  27              		_port_exit_from_isr:
  28              	@ 0 "" 2
  29              	@ 207 "zubax_chibios///chibios/os/ports/GCC/ARMCMx/chcore_v7m.c" 1
  30 0004 00DF     		svc     #0
  31              	@ 0 "" 2
  32              		.thumb
  33              		.size	_port_switch_from_isr, .-_port_switch_from_isr
  34              		.section	.text.SVCallVector,"ax",%progbits
  35              		.align	1
  36              		.global	SVCallVector
  37              		.thumb
  38              		.thumb_func
  39              		.type	SVCallVector, %function
  40              	SVCallVector:
  41              		@ args = 0, pretend = 0, frame = 0
  42              		@ frame_needed = 0, uses_anonymous_args = 0
  43              		@ link register save eliminated.
  44              	@ 74 "zubax_chibios///chibios/os/ports/GCC/ARMCMx/chcore_v7m.c" 1
  45 0000 EFF30983 		mrs     r3, PSP
  46              	@ 0 "" 2
  47              		.thumb
  48 0004 2033     		adds	r3, r3, #32
  49              	@ 81 "zubax_chibios///chibios/os/ports/GCC/ARMCMx/chcore_v7m.c" 1
  50 0006 83F30988 		msr     PSP, r3
  51              	@ 0 "" 2
  52              		.thumb
  53 000a 0023     		movs	r3, #0
  54              	@ 82 "zubax_chibios///chibios/os/ports/GCC/ARMCMx/chcore_v7m.c" 1
  55 000c 83F31188 		msr     BASEPRI, r3
  56              	@ 0 "" 2
  57              		.thumb
ARM GAS  /tmp/cccC7Cc9.s 			page 2


  58 0010 7047     		bx	lr
  59              		.size	SVCallVector, .-SVCallVector
  60              		.section	.text._port_init,"ax",%progbits
  61              		.align	1
  62              		.global	_port_init
  63              		.thumb
  64              		.thumb_func
  65              		.type	_port_init, %function
  66              	_port_init:
  67              		@ args = 0, pretend = 0, frame = 0
  68              		@ frame_needed = 0, uses_anonymous_args = 0
  69 0000 08B5     		push	{r3, lr}
  70 0002 094B     		ldr	r3, .L4
  71 0004 0022     		movs	r2, #0
  72 0006 9A60     		str	r2, [r3, #8]
  73 0008 084A     		ldr	r2, .L4+4
  74 000a 0720     		movs	r0, #7
  75 000c DA60     		str	r2, [r3, #12]
  76 000e 1021     		movs	r1, #16
  77 0010 FFF7FEFF 		bl	nvicSetSystemHandlerPriority
  78 0014 0A20     		movs	r0, #10
  79 0016 2021     		movs	r1, #32
  80 0018 FFF7FEFF 		bl	nvicSetSystemHandlerPriority
  81 001c BDE80840 		pop	{r3, lr}
  82 0020 0B20     		movs	r0, #11
  83 0022 8021     		movs	r1, #128
  84 0024 FFF7FEBF 		b	nvicSetSystemHandlerPriority
  85              	.L5:
  86              		.align	2
  87              	.L4:
  88 0028 00ED00E0 		.word	-536810240
  89 002c 0003FA05 		.word	100270848
  90              		.size	_port_init, .-_port_init
  91              		.section	.text._port_irq_epilogue,"ax",%progbits
  92              		.align	1
  93              		.global	_port_irq_epilogue
  94              		.thumb
  95              		.thumb_func
  96              		.type	_port_irq_epilogue, %function
  97              	_port_irq_epilogue:
  98              		@ args = 0, pretend = 0, frame = 0
  99              		@ frame_needed = 0, uses_anonymous_args = 0
 100              		@ link register save eliminated.
 101 0000 2023     		movs	r3, #32
 102              	@ 152 "zubax_chibios///chibios/os/ports/GCC/ARMCMx/chcore_v7m.c" 1
 103 0002 83F31188 		msr     BASEPRI, r3
 104              	@ 0 "" 2
 105              		.thumb
 106 0006 144B     		ldr	r3, .L14
 107 0008 5B68     		ldr	r3, [r3, #4]
 108 000a 13F40063 		ands	r3, r3, #2048
 109 000e 20D0     		beq	.L7
 110              	@ 163 "zubax_chibios///chibios/os/ports/GCC/ARMCMx/chcore_v7m.c" 1
 111 0010 EFF30982 		mrs     r2, PSP
 112              	@ 0 "" 2
 113              		.thumb
 114 0014 4FF08073 		mov	r3, #16777216
ARM GAS  /tmp/cccC7Cc9.s 			page 3


 115 0018 42F8043C 		str	r3, [r2, #-4]
 116 001c A2F12003 		sub	r3, r2, #32
 117              	@ 172 "zubax_chibios///chibios/os/ports/GCC/ARMCMx/chcore_v7m.c" 1
 118 0020 83F30988 		msr     PSP, r3
 119              	@ 0 "" 2
 120              		.thumb
 121 0024 0D49     		ldr	r1, .L14+4
 122 0026 8B69     		ldr	r3, [r1, #24]
 123 0028 0968     		ldr	r1, [r1]
 124 002a 987F     		ldrb	r0, [r3, #30]	@ zero_extendqisi2
 125 002c 8968     		ldr	r1, [r1, #8]
 126 002e 9B68     		ldr	r3, [r3, #8]
 127 0030 20B1     		cbz	r0, .L8
 128 0032 9942     		cmp	r1, r3
 129 0034 94BF     		ite	ls
 130 0036 0023     		movls	r3, #0
 131 0038 0123     		movhi	r3, #1
 132 003a 03E0     		b	.L9
 133              	.L8:
 134 003c 9942     		cmp	r1, r3
 135 003e 34BF     		ite	cc
 136 0040 0023     		movcc	r3, #0
 137 0042 0123     		movcs	r3, #1
 138              	.L9:
 139 0044 0BB1     		cbz	r3, .L10
 140 0046 064B     		ldr	r3, .L14+8
 141 0048 00E0     		b	.L12
 142              	.L10:
 143 004a 064B     		ldr	r3, .L14+12
 144              	.L12:
 145 004c 42F8083C 		str	r3, [r2, #-8]
 146 0050 7047     		bx	lr
 147              	.L7:
 148              	@ 190 "zubax_chibios///chibios/os/ports/GCC/ARMCMx/chcore_v7m.c" 1
 149 0052 83F31188 		msr     BASEPRI, r3
 150              	@ 0 "" 2
 151              		.thumb
 152 0056 7047     		bx	lr
 153              	.L15:
 154              		.align	2
 155              	.L14:
 156 0058 00ED00E0 		.word	-536810240
 157 005c 00000000 		.word	rlist
 158 0060 00000000 		.word	_port_switch_from_isr
 159 0064 04000000 		.word	_port_exit_from_isr
 160              		.size	_port_irq_epilogue, .-_port_irq_epilogue
 161              		.section	.text.SysTickVector,"ax",%progbits
 162              		.align	1
 163              		.global	SysTickVector
 164              		.thumb
 165              		.thumb_func
 166              		.type	SysTickVector, %function
 167              	SysTickVector:
 168              		@ args = 0, pretend = 0, frame = 0
 169              		@ frame_needed = 0, uses_anonymous_args = 0
 170 0000 08B5     		push	{r3, lr}
 171 0002 2023     		movs	r3, #32
ARM GAS  /tmp/cccC7Cc9.s 			page 4


 172              	@ 51 "zubax_chibios///chibios/os/ports/GCC/ARMCMx/chcore_v7m.c" 1
 173 0004 83F31188 		msr     BASEPRI, r3
 174              	@ 0 "" 2
 175              		.thumb
 176 0008 FFF7FEFF 		bl	chSysTimerHandlerI
 177 000c 0023     		movs	r3, #0
 178              	@ 53 "zubax_chibios///chibios/os/ports/GCC/ARMCMx/chcore_v7m.c" 1
 179 000e 83F31188 		msr     BASEPRI, r3
 180              	@ 0 "" 2
 181              		.thumb
 182 0012 BDE80840 		pop	{r3, lr}
 183 0016 FFF7FEBF 		b	_port_irq_epilogue
 184              		.size	SysTickVector, .-SysTickVector
 185              		.section	.text._port_switch,"ax",%progbits
 186              		.align	1
 187              		.global	_port_switch
 188              		.thumb
 189              		.thumb_func
 190              		.type	_port_switch, %function
 191              	_port_switch:
 192              		@ Naked Function: prologue and epilogue provided by programmer.
 193              		@ args = 0, pretend = 0, frame = 0
 194              		@ frame_needed = 0, uses_anonymous_args = 0
 195              	@ 231 "zubax_chibios///chibios/os/ports/GCC/ARMCMx/chcore_v7m.c" 1
 196 0000 2DE9F04F 		push    {r4, r5, r6, r7, r8, r9, r10, r11, lr}
 197              	@ 0 "" 2
 198              	@ 237 "zubax_chibios///chibios/os/ports/GCC/ARMCMx/chcore_v7m.c" 1
 199 0004 C1F80CD0 		str     sp, [r1, #12]                          
 200 0008 D0F80CD0 		ldr     sp, [r0, #12]
 201              	@ 0 "" 2
 202              	@ 243 "zubax_chibios///chibios/os/ports/GCC/ARMCMx/chcore_v7m.c" 1
 203 000c BDE8F08F 		pop     {r4, r5, r6, r7, r8, r9, r10, r11, pc}
 204              	@ 0 "" 2
 205              		.thumb
 206              		.size	_port_switch, .-_port_switch
 207              		.section	.text._port_thread_start,"ax",%progbits
 208              		.align	1
 209              		.global	_port_thread_start
 210              		.thumb
 211              		.thumb_func
 212              		.type	_port_thread_start, %function
 213              	_port_thread_start:
 214              		@ args = 0, pretend = 0, frame = 0
 215              		@ frame_needed = 0, uses_anonymous_args = 0
 216              		@ link register save eliminated.
 217 0000 0023     		movs	r3, #0
 218              	@ 254 "zubax_chibios///chibios/os/ports/GCC/ARMCMx/chcore_v7m.c" 1
 219 0002 83F31188 		msr     BASEPRI, r3
 220              	@ 0 "" 2
 221              	@ 255 "zubax_chibios///chibios/os/ports/GCC/ARMCMx/chcore_v7m.c" 1
 222 0006 2846     		mov     r0, r5                                 
 223 0008 A047     		blx     r4                                     
 224 000a FFF7FEFF 		bl      chThdExit
 225              	@ 0 "" 2
 226              		.thumb
 227 000e 7047     		bx	lr
 228              		.size	_port_thread_start, .-_port_thread_start
ARM GAS  /tmp/cccC7Cc9.s 			page 5


 229              		.ident	"GCC: (15:4.9.3+svn231177-1) 4.9.3 20150529 (prerelease)"
ARM GAS  /tmp/cccC7Cc9.s 			page 6


DEFINED SYMBOLS
                            *ABS*:0000000000000000 chcore_v7m.c
     /tmp/cccC7Cc9.s:16     .text._port_switch_from_isr:0000000000000000 $t
     /tmp/cccC7Cc9.s:21     .text._port_switch_from_isr:0000000000000000 _port_switch_from_isr
     /tmp/cccC7Cc9.s:27     .text._port_switch_from_isr:0000000000000004 _port_exit_from_isr
     /tmp/cccC7Cc9.s:35     .text.SVCallVector:0000000000000000 $t
     /tmp/cccC7Cc9.s:40     .text.SVCallVector:0000000000000000 SVCallVector
     /tmp/cccC7Cc9.s:61     .text._port_init:0000000000000000 $t
     /tmp/cccC7Cc9.s:66     .text._port_init:0000000000000000 _port_init
     /tmp/cccC7Cc9.s:88     .text._port_init:0000000000000028 $d
     /tmp/cccC7Cc9.s:92     .text._port_irq_epilogue:0000000000000000 $t
     /tmp/cccC7Cc9.s:97     .text._port_irq_epilogue:0000000000000000 _port_irq_epilogue
     /tmp/cccC7Cc9.s:156    .text._port_irq_epilogue:0000000000000058 $d
     /tmp/cccC7Cc9.s:162    .text.SysTickVector:0000000000000000 $t
     /tmp/cccC7Cc9.s:167    .text.SysTickVector:0000000000000000 SysTickVector
     /tmp/cccC7Cc9.s:186    .text._port_switch:0000000000000000 $t
     /tmp/cccC7Cc9.s:191    .text._port_switch:0000000000000000 _port_switch
     /tmp/cccC7Cc9.s:208    .text._port_thread_start:0000000000000000 $t
     /tmp/cccC7Cc9.s:213    .text._port_thread_start:0000000000000000 _port_thread_start

UNDEFINED SYMBOLS
chSchDoReschedule
nvicSetSystemHandlerPriority
rlist
chSysTimerHandlerI
chThdExit
