ARM GAS  /tmp/cc3QYeQD.s 			page 1


   1              		.syntax unified
   2              		.cpu cortex-m3
   3              		.fpu softvfp
   4              		.eabi_attribute 20, 1
   5              		.eabi_attribute 21, 1
   6              		.eabi_attribute 23, 3
   7              		.eabi_attribute 24, 1
   8              		.eabi_attribute 25, 1
   9              		.eabi_attribute 26, 1
  10              		.eabi_attribute 30, 4
  11              		.eabi_attribute 34, 1
  12              		.eabi_attribute 18, 4
  13              		.thumb
  14              		.file	"chmboxes.c"
  15              		.section	.text.chMBInit,"ax",%progbits
  16              		.align	1
  17              		.global	chMBInit
  18              		.thumb
  19              		.thumb_func
  20              		.type	chMBInit, %function
  21              	chMBInit:
  22              		@ args = 0, pretend = 0, frame = 0
  23              		@ frame_needed = 0, uses_anonymous_args = 0
  24 0000 10B5     		push	{r4, lr}
  25 0002 0446     		mov	r4, r0
  26 0004 01EB8203 		add	r3, r1, r2, lsl #2
  27 0008 C160     		str	r1, [r0, #12]
  28 000a 8160     		str	r1, [r0, #8]
  29 000c 0160     		str	r1, [r0]
  30 000e 4360     		str	r3, [r0, #4]
  31 0010 1146     		mov	r1, r2
  32 0012 1C30     		adds	r0, r0, #28
  33 0014 FFF7FEFF 		bl	chSemInit
  34 0018 04F11000 		add	r0, r4, #16
  35 001c 0021     		movs	r1, #0
  36 001e BDE81040 		pop	{r4, lr}
  37 0022 FFF7FEBF 		b	chSemInit
  38              		.size	chMBInit, .-chMBInit
  39              		.section	.text.chMBReset,"ax",%progbits
  40              		.align	1
  41              		.global	chMBReset
  42              		.thumb
  43              		.thumb_func
  44              		.type	chMBReset, %function
  45              	chMBReset:
  46              		@ args = 0, pretend = 0, frame = 0
  47              		@ frame_needed = 0, uses_anonymous_args = 0
  48 0000 10B5     		push	{r4, lr}
  49 0002 2023     		movs	r3, #32
  50 0004 0446     		mov	r4, r0
  51              	@ 95 "zubax_chibios///chibios/os/kernel/src/chmboxes.c" 1
  52 0006 83F31188 		msr     BASEPRI, r3
  53              	@ 0 "" 2
  54              		.thumb
  55 000a 4368     		ldr	r3, [r0, #4]
  56 000c 0168     		ldr	r1, [r0]
  57 000e 1C30     		adds	r0, r0, #28
ARM GAS  /tmp/cc3QYeQD.s 			page 2


  58 0010 40F8101C 		str	r1, [r0, #-16]
  59 0014 40F8141C 		str	r1, [r0, #-20]
  60 0018 591A     		subs	r1, r3, r1
  61 001a 8910     		asrs	r1, r1, #2
  62 001c FFF7FEFF 		bl	chSemResetI
  63 0020 04F11000 		add	r0, r4, #16
  64 0024 0021     		movs	r1, #0
  65 0026 FFF7FEFF 		bl	chSemResetI
  66 002a FFF7FEFF 		bl	chSchRescheduleS
  67 002e 0023     		movs	r3, #0
  68              	@ 100 "zubax_chibios///chibios/os/kernel/src/chmboxes.c" 1
  69 0030 83F31188 		msr     BASEPRI, r3
  70              	@ 0 "" 2
  71              		.thumb
  72 0034 10BD     		pop	{r4, pc}
  73              		.size	chMBReset, .-chMBReset
  74              		.section	.text.chMBPostS,"ax",%progbits
  75              		.align	1
  76              		.global	chMBPostS
  77              		.thumb
  78              		.thumb_func
  79              		.type	chMBPostS, %function
  80              	chMBPostS:
  81              		@ args = 0, pretend = 0, frame = 0
  82              		@ frame_needed = 0, uses_anonymous_args = 0
  83 0000 70B5     		push	{r4, r5, r6, lr}
  84 0002 0446     		mov	r4, r0
  85 0004 0E46     		mov	r6, r1
  86 0006 1C30     		adds	r0, r0, #28
  87 0008 1146     		mov	r1, r2
  88 000a FFF7FEFF 		bl	chSemWaitTimeoutS
  89 000e 0546     		mov	r5, r0
  90 0010 70B9     		cbnz	r0, .L4
  91 0012 A268     		ldr	r2, [r4, #8]
  92 0014 04F11000 		add	r0, r4, #16
  93 0018 131D     		adds	r3, r2, #4
  94 001a A360     		str	r3, [r4, #8]
  95 001c 1660     		str	r6, [r2]
  96 001e 6268     		ldr	r2, [r4, #4]
  97 0020 9342     		cmp	r3, r2
  98 0022 24BF     		itt	cs
  99 0024 2368     		ldrcs	r3, [r4]
 100 0026 A360     		strcs	r3, [r4, #8]
 101 0028 FFF7FEFF 		bl	chSemSignalI
 102 002c FFF7FEFF 		bl	chSchRescheduleS
 103              	.L4:
 104 0030 2846     		mov	r0, r5
 105 0032 70BD     		pop	{r4, r5, r6, pc}
 106              		.size	chMBPostS, .-chMBPostS
 107              		.section	.text.chMBPost,"ax",%progbits
 108              		.align	1
 109              		.global	chMBPost
 110              		.thumb
 111              		.thumb_func
 112              		.type	chMBPost, %function
 113              	chMBPost:
 114              		@ args = 0, pretend = 0, frame = 0
ARM GAS  /tmp/cc3QYeQD.s 			page 3


 115              		@ frame_needed = 0, uses_anonymous_args = 0
 116 0000 08B5     		push	{r3, lr}
 117 0002 2023     		movs	r3, #32
 118              	@ 125 "zubax_chibios///chibios/os/kernel/src/chmboxes.c" 1
 119 0004 83F31188 		msr     BASEPRI, r3
 120              	@ 0 "" 2
 121              		.thumb
 122 0008 FFF7FEFF 		bl	chMBPostS
 123 000c 0023     		movs	r3, #0
 124              	@ 127 "zubax_chibios///chibios/os/kernel/src/chmboxes.c" 1
 125 000e 83F31188 		msr     BASEPRI, r3
 126              	@ 0 "" 2
 127              		.thumb
 128 0012 08BD     		pop	{r3, pc}
 129              		.size	chMBPost, .-chMBPost
 130              		.section	.text.chMBPostI,"ax",%progbits
 131              		.align	1
 132              		.global	chMBPostI
 133              		.thumb
 134              		.thumb_func
 135              		.type	chMBPostI, %function
 136              	chMBPostI:
 137              		@ args = 0, pretend = 0, frame = 0
 138              		@ frame_needed = 0, uses_anonymous_args = 0
 139 0000 08B5     		push	{r3, lr}
 140 0002 436A     		ldr	r3, [r0, #36]
 141 0004 002B     		cmp	r3, #0
 142 0006 11DD     		ble	.L11
 143 0008 8268     		ldr	r2, [r0, #8]
 144 000a 013B     		subs	r3, r3, #1
 145 000c 4362     		str	r3, [r0, #36]
 146 000e 131D     		adds	r3, r2, #4
 147 0010 8360     		str	r3, [r0, #8]
 148 0012 1160     		str	r1, [r2]
 149 0014 4268     		ldr	r2, [r0, #4]
 150 0016 1030     		adds	r0, r0, #16
 151 0018 9342     		cmp	r3, r2
 152 001a 24BF     		itt	cs
 153 001c 50F8103C 		ldrcs	r3, [r0, #-16]
 154 0020 40F8083C 		strcs	r3, [r0, #-8]
 155 0024 FFF7FEFF 		bl	chSemSignalI
 156 0028 0020     		movs	r0, #0
 157 002a 08BD     		pop	{r3, pc}
 158              	.L11:
 159 002c 4FF0FF30 		mov	r0, #-1
 160 0030 08BD     		pop	{r3, pc}
 161              		.size	chMBPostI, .-chMBPostI
 162              		.section	.text.chMBPostAheadS,"ax",%progbits
 163              		.align	1
 164              		.global	chMBPostAheadS
 165              		.thumb
 166              		.thumb_func
 167              		.type	chMBPostAheadS, %function
 168              	chMBPostAheadS:
 169              		@ args = 0, pretend = 0, frame = 0
 170              		@ frame_needed = 0, uses_anonymous_args = 0
 171 0000 70B5     		push	{r4, r5, r6, lr}
ARM GAS  /tmp/cc3QYeQD.s 			page 4


 172 0002 0446     		mov	r4, r0
 173 0004 0E46     		mov	r6, r1
 174 0006 1C30     		adds	r0, r0, #28
 175 0008 1146     		mov	r1, r2
 176 000a FFF7FEFF 		bl	chSemWaitTimeoutS
 177 000e 0546     		mov	r5, r0
 178 0010 88B9     		cbnz	r0, .L13
 179 0012 E368     		ldr	r3, [r4, #12]
 180 0014 2268     		ldr	r2, [r4]
 181 0016 043B     		subs	r3, r3, #4
 182 0018 9342     		cmp	r3, r2
 183 001a E360     		str	r3, [r4, #12]
 184 001c 38BF     		it	cc
 185 001e 6368     		ldrcc	r3, [r4, #4]
 186 0020 04F11000 		add	r0, r4, #16
 187 0024 3CBF     		itt	cc
 188 0026 043B     		subcc	r3, r3, #4
 189 0028 E360     		strcc	r3, [r4, #12]
 190 002a E368     		ldr	r3, [r4, #12]
 191 002c 1E60     		str	r6, [r3]
 192 002e FFF7FEFF 		bl	chSemSignalI
 193 0032 FFF7FEFF 		bl	chSchRescheduleS
 194              	.L13:
 195 0036 2846     		mov	r0, r5
 196 0038 70BD     		pop	{r4, r5, r6, pc}
 197              		.size	chMBPostAheadS, .-chMBPostAheadS
 198              		.section	.text.chMBPostAhead,"ax",%progbits
 199              		.align	1
 200              		.global	chMBPostAhead
 201              		.thumb
 202              		.thumb_func
 203              		.type	chMBPostAhead, %function
 204              	chMBPostAhead:
 205              		@ args = 0, pretend = 0, frame = 0
 206              		@ frame_needed = 0, uses_anonymous_args = 0
 207 0000 08B5     		push	{r3, lr}
 208 0002 2023     		movs	r3, #32
 209              	@ 218 "zubax_chibios///chibios/os/kernel/src/chmboxes.c" 1
 210 0004 83F31188 		msr     BASEPRI, r3
 211              	@ 0 "" 2
 212              		.thumb
 213 0008 FFF7FEFF 		bl	chMBPostAheadS
 214 000c 0023     		movs	r3, #0
 215              	@ 220 "zubax_chibios///chibios/os/kernel/src/chmboxes.c" 1
 216 000e 83F31188 		msr     BASEPRI, r3
 217              	@ 0 "" 2
 218              		.thumb
 219 0012 08BD     		pop	{r3, pc}
 220              		.size	chMBPostAhead, .-chMBPostAhead
 221              		.section	.text.chMBPostAheadI,"ax",%progbits
 222              		.align	1
 223              		.global	chMBPostAheadI
 224              		.thumb
 225              		.thumb_func
 226              		.type	chMBPostAheadI, %function
 227              	chMBPostAheadI:
 228              		@ args = 0, pretend = 0, frame = 0
ARM GAS  /tmp/cc3QYeQD.s 			page 5


 229              		@ frame_needed = 0, uses_anonymous_args = 0
 230 0000 08B5     		push	{r3, lr}
 231 0002 436A     		ldr	r3, [r0, #36]
 232 0004 002B     		cmp	r3, #0
 233 0006 15DD     		ble	.L19
 234 0008 013B     		subs	r3, r3, #1
 235 000a 4362     		str	r3, [r0, #36]
 236 000c C368     		ldr	r3, [r0, #12]
 237 000e 0268     		ldr	r2, [r0]
 238 0010 043B     		subs	r3, r3, #4
 239 0012 9342     		cmp	r3, r2
 240 0014 C360     		str	r3, [r0, #12]
 241 0016 38BF     		it	cc
 242 0018 4368     		ldrcc	r3, [r0, #4]
 243 001a 00F11000 		add	r0, r0, #16
 244 001e 3CBF     		itt	cc
 245 0020 043B     		subcc	r3, r3, #4
 246 0022 40F8043C 		strcc	r3, [r0, #-4]
 247 0026 50F8043C 		ldr	r3, [r0, #-4]
 248 002a 1960     		str	r1, [r3]
 249 002c FFF7FEFF 		bl	chSemSignalI
 250 0030 0020     		movs	r0, #0
 251 0032 08BD     		pop	{r3, pc}
 252              	.L19:
 253 0034 4FF0FF30 		mov	r0, #-1
 254 0038 08BD     		pop	{r3, pc}
 255              		.size	chMBPostAheadI, .-chMBPostAheadI
 256              		.section	.text.chMBFetchS,"ax",%progbits
 257              		.align	1
 258              		.global	chMBFetchS
 259              		.thumb
 260              		.thumb_func
 261              		.type	chMBFetchS, %function
 262              	chMBFetchS:
 263              		@ args = 0, pretend = 0, frame = 0
 264              		@ frame_needed = 0, uses_anonymous_args = 0
 265 0000 70B5     		push	{r4, r5, r6, lr}
 266 0002 0446     		mov	r4, r0
 267 0004 0E46     		mov	r6, r1
 268 0006 1030     		adds	r0, r0, #16
 269 0008 1146     		mov	r1, r2
 270 000a FFF7FEFF 		bl	chSemWaitTimeoutS
 271 000e 0546     		mov	r5, r0
 272 0010 78B9     		cbnz	r0, .L21
 273 0012 E268     		ldr	r2, [r4, #12]
 274 0014 04F11C00 		add	r0, r4, #28
 275 0018 131D     		adds	r3, r2, #4
 276 001a 1268     		ldr	r2, [r2]
 277 001c E360     		str	r3, [r4, #12]
 278 001e 3260     		str	r2, [r6]
 279 0020 6268     		ldr	r2, [r4, #4]
 280 0022 9342     		cmp	r3, r2
 281 0024 24BF     		itt	cs
 282 0026 2368     		ldrcs	r3, [r4]
 283 0028 E360     		strcs	r3, [r4, #12]
 284 002a FFF7FEFF 		bl	chSemSignalI
 285 002e FFF7FEFF 		bl	chSchRescheduleS
ARM GAS  /tmp/cc3QYeQD.s 			page 6


 286              	.L21:
 287 0032 2846     		mov	r0, r5
 288 0034 70BD     		pop	{r4, r5, r6, pc}
 289              		.size	chMBFetchS, .-chMBFetchS
 290              		.section	.text.chMBFetch,"ax",%progbits
 291              		.align	1
 292              		.global	chMBFetch
 293              		.thumb
 294              		.thumb_func
 295              		.type	chMBFetch, %function
 296              	chMBFetch:
 297              		@ args = 0, pretend = 0, frame = 0
 298              		@ frame_needed = 0, uses_anonymous_args = 0
 299 0000 08B5     		push	{r3, lr}
 300 0002 2023     		movs	r3, #32
 301              	@ 311 "zubax_chibios///chibios/os/kernel/src/chmboxes.c" 1
 302 0004 83F31188 		msr     BASEPRI, r3
 303              	@ 0 "" 2
 304              		.thumb
 305 0008 FFF7FEFF 		bl	chMBFetchS
 306 000c 0023     		movs	r3, #0
 307              	@ 313 "zubax_chibios///chibios/os/kernel/src/chmboxes.c" 1
 308 000e 83F31188 		msr     BASEPRI, r3
 309              	@ 0 "" 2
 310              		.thumb
 311 0012 08BD     		pop	{r3, pc}
 312              		.size	chMBFetch, .-chMBFetch
 313              		.section	.text.chMBFetchI,"ax",%progbits
 314              		.align	1
 315              		.global	chMBFetchI
 316              		.thumb
 317              		.thumb_func
 318              		.type	chMBFetchI, %function
 319              	chMBFetchI:
 320              		@ args = 0, pretend = 0, frame = 0
 321              		@ frame_needed = 0, uses_anonymous_args = 0
 322 0000 08B5     		push	{r3, lr}
 323 0002 8369     		ldr	r3, [r0, #24]
 324 0004 002B     		cmp	r3, #0
 325 0006 12DD     		ble	.L27
 326 0008 C268     		ldr	r2, [r0, #12]
 327 000a 013B     		subs	r3, r3, #1
 328 000c 8361     		str	r3, [r0, #24]
 329 000e 131D     		adds	r3, r2, #4
 330 0010 1268     		ldr	r2, [r2]
 331 0012 C360     		str	r3, [r0, #12]
 332 0014 0A60     		str	r2, [r1]
 333 0016 4268     		ldr	r2, [r0, #4]
 334 0018 1C30     		adds	r0, r0, #28
 335 001a 9342     		cmp	r3, r2
 336 001c 24BF     		itt	cs
 337 001e 50F81C3C 		ldrcs	r3, [r0, #-28]
 338 0022 40F8103C 		strcs	r3, [r0, #-16]
 339 0026 FFF7FEFF 		bl	chSemSignalI
 340 002a 0020     		movs	r0, #0
 341 002c 08BD     		pop	{r3, pc}
 342              	.L27:
ARM GAS  /tmp/cc3QYeQD.s 			page 7


 343 002e 4FF0FF30 		mov	r0, #-1
 344 0032 08BD     		pop	{r3, pc}
 345              		.size	chMBFetchI, .-chMBFetchI
 346              		.ident	"GCC: (15:4.9.3+svn231177-1) 4.9.3 20150529 (prerelease)"
ARM GAS  /tmp/cc3QYeQD.s 			page 8


DEFINED SYMBOLS
                            *ABS*:0000000000000000 chmboxes.c
     /tmp/cc3QYeQD.s:16     .text.chMBInit:0000000000000000 $t
     /tmp/cc3QYeQD.s:21     .text.chMBInit:0000000000000000 chMBInit
     /tmp/cc3QYeQD.s:40     .text.chMBReset:0000000000000000 $t
     /tmp/cc3QYeQD.s:45     .text.chMBReset:0000000000000000 chMBReset
     /tmp/cc3QYeQD.s:75     .text.chMBPostS:0000000000000000 $t
     /tmp/cc3QYeQD.s:80     .text.chMBPostS:0000000000000000 chMBPostS
     /tmp/cc3QYeQD.s:108    .text.chMBPost:0000000000000000 $t
     /tmp/cc3QYeQD.s:113    .text.chMBPost:0000000000000000 chMBPost
     /tmp/cc3QYeQD.s:131    .text.chMBPostI:0000000000000000 $t
     /tmp/cc3QYeQD.s:136    .text.chMBPostI:0000000000000000 chMBPostI
     /tmp/cc3QYeQD.s:163    .text.chMBPostAheadS:0000000000000000 $t
     /tmp/cc3QYeQD.s:168    .text.chMBPostAheadS:0000000000000000 chMBPostAheadS
     /tmp/cc3QYeQD.s:199    .text.chMBPostAhead:0000000000000000 $t
     /tmp/cc3QYeQD.s:204    .text.chMBPostAhead:0000000000000000 chMBPostAhead
     /tmp/cc3QYeQD.s:222    .text.chMBPostAheadI:0000000000000000 $t
     /tmp/cc3QYeQD.s:227    .text.chMBPostAheadI:0000000000000000 chMBPostAheadI
     /tmp/cc3QYeQD.s:257    .text.chMBFetchS:0000000000000000 $t
     /tmp/cc3QYeQD.s:262    .text.chMBFetchS:0000000000000000 chMBFetchS
     /tmp/cc3QYeQD.s:291    .text.chMBFetch:0000000000000000 $t
     /tmp/cc3QYeQD.s:296    .text.chMBFetch:0000000000000000 chMBFetch
     /tmp/cc3QYeQD.s:314    .text.chMBFetchI:0000000000000000 $t
     /tmp/cc3QYeQD.s:319    .text.chMBFetchI:0000000000000000 chMBFetchI

UNDEFINED SYMBOLS
chSemInit
chSemResetI
chSchRescheduleS
chSemWaitTimeoutS
chSemSignalI
