ARM GAS  /tmp/ccm3T6Xy.s 			page 1


   1              		.syntax unified
   2              		.cpu cortex-m3
   3              		.fpu softvfp
   4              		.eabi_attribute 20, 1
   5              		.eabi_attribute 21, 1
   6              		.eabi_attribute 23, 3
   7              		.eabi_attribute 24, 1
   8              		.eabi_attribute 25, 1
   9              		.eabi_attribute 26, 1
  10              		.eabi_attribute 30, 4
  11              		.eabi_attribute 34, 1
  12              		.eabi_attribute 18, 4
  13              		.thumb
  14              		.file	"chprintf.c"
  15              		.section	.text.long_to_string_with_divisor,"ax",%progbits
  16              		.align	1
  17              		.thumb
  18              		.thumb_func
  19              		.type	long_to_string_with_divisor, %function
  20              	long_to_string_with_divisor:
  21              		@ args = 0, pretend = 0, frame = 0
  22              		@ frame_needed = 0, uses_anonymous_args = 0
  23 0000 F0B5     		push	{r4, r5, r6, r7, lr}
  24 0002 00F10B05 		add	r5, r0, #11
  25 0006 002B     		cmp	r3, #0
  26 0008 08BF     		it	eq
  27 000a 0B46     		moveq	r3, r1
  28 000c 2C46     		mov	r4, r5
  29              	.L4:
  30 000e B1FBF2F7 		udiv	r7, r1, r2
  31 0012 B3FBF2F3 		udiv	r3, r3, r2
  32 0016 02FB1711 		mls	r1, r2, r7, r1
  33 001a 01F13006 		add	r6, r1, #48
  34 001e 392E     		cmp	r6, #57
  35 0020 C8BF     		it	gt
  36 0022 01F13706 		addgt	r6, r1, #55
  37 0026 04F8016D 		strb	r6, [r4, #-1]!
  38 002a 3946     		mov	r1, r7
  39 002c 002B     		cmp	r3, #0
  40 002e EED1     		bne	.L4
  41 0030 431E     		subs	r3, r0, #1
  42 0032 2A1B     		subs	r2, r5, r4
  43              	.L5:
  44 0034 14F8011B 		ldrb	r1, [r4], #1	@ zero_extendqisi2
  45 0038 AC42     		cmp	r4, r5
  46 003a 03F8011F 		strb	r1, [r3, #1]!
  47 003e F9D1     		bne	.L5
  48 0040 1044     		add	r0, r0, r2
  49 0042 F0BD     		pop	{r4, r5, r6, r7, pc}
  50              		.size	long_to_string_with_divisor, .-long_to_string_with_divisor
  51              		.global	__aeabi_d2f
  52              		.global	__aeabi_fcmplt
  53              		.global	__aeabi_f2iz
  54              		.global	__aeabi_f2d
  55              		.global	__aeabi_i2d
  56              		.global	__aeabi_dsub
  57              		.global	__aeabi_dmul
ARM GAS  /tmp/ccm3T6Xy.s 			page 2


  58              		.global	__aeabi_d2iz
  59              		.section	.text.chvprintf,"ax",%progbits
  60              		.align	1
  61              		.global	chvprintf
  62              		.thumb
  63              		.thumb_func
  64              		.type	chvprintf, %function
  65              	chvprintf:
  66              		@ args = 0, pretend = 0, frame = 40
  67              		@ frame_needed = 0, uses_anonymous_args = 0
  68 0000 2DE9F04F 		push	{r4, r5, r6, r7, r8, r9, r10, fp, lr}
  69 0004 0B46     		mov	r3, r1
  70 0006 0646     		mov	r6, r0
  71 0008 9346     		mov	fp, r2
  72 000a 8BB0     		sub	sp, sp, #44
  73              	.L11:
  74 000c 1978     		ldrb	r1, [r3]	@ zero_extendqisi2
  75 000e 5D1C     		adds	r5, r3, #1
  76 0010 0029     		cmp	r1, #0
  77 0012 00F02C81 		beq	.L10
  78 0016 2529     		cmp	r1, #37
  79 0018 07D0     		beq	.L13
  80 001a 3368     		ldr	r3, [r6]
  81 001c 3046     		mov	r0, r6
  82 001e 9B68     		ldr	r3, [r3, #8]
  83 0020 9847     		blx	r3
  84 0022 5F46     		mov	r7, fp
  85              	.L14:
  86 0024 BB46     		mov	fp, r7
  87 0026 2B46     		mov	r3, r5
  88 0028 F0E7     		b	.L11
  89              	.L13:
  90 002a 5A78     		ldrb	r2, [r3, #1]	@ zero_extendqisi2
  91 002c 2D2A     		cmp	r2, #45
  92 002e 0ABF     		itet	eq
  93 0030 9D1C     		addeq	r5, r3, #2
  94 0032 0023     		movne	r3, #0
  95 0034 0123     		moveq	r3, #1
  96 0036 0193     		str	r3, [sp, #4]
  97 0038 2B78     		ldrb	r3, [r5]	@ zero_extendqisi2
  98 003a 2E2B     		cmp	r3, #46
  99 003c 01D0     		beq	.L16
 100 003e 302B     		cmp	r3, #48
 101 0040 03D1     		bne	.L63
 102              	.L16:
 103 0042 0135     		adds	r5, r5, #1
 104 0044 4FF03008 		mov	r8, #48
 105 0048 01E0     		b	.L17
 106              	.L63:
 107 004a 4FF02008 		mov	r8, #32
 108              	.L17:
 109 004e 0024     		movs	r4, #0
 110              	.L20:
 111 0050 15F8013B 		ldrb	r3, [r5], #1	@ zero_extendqisi2
 112 0054 A3F13002 		sub	r2, r3, #48
 113 0058 D2B2     		uxtb	r2, r2
 114 005a 092A     		cmp	r2, #9
ARM GAS  /tmp/ccm3T6Xy.s 			page 3


 115 005c 05D9     		bls	.L18
 116 005e 2A2B     		cmp	r3, #42
 117 0060 07D1     		bne	.L19
 118 0062 9BF80020 		ldrb	r2, [fp]	@ zero_extendqisi2
 119 0066 0BF1040B 		add	fp, fp, #4
 120              	.L18:
 121 006a 0A23     		movs	r3, #10
 122 006c 03FB0424 		mla	r4, r3, r4, r2
 123 0070 EEE7     		b	.L20
 124              	.L19:
 125 0072 2E2B     		cmp	r3, #46
 126 0074 4FF00002 		mov	r2, #0
 127 0078 10D1     		bne	.L21
 128              	.L23:
 129 007a 15F8013B 		ldrb	r3, [r5], #1	@ zero_extendqisi2
 130 007e A3F13001 		sub	r1, r3, #48
 131 0082 C9B2     		uxtb	r1, r1
 132 0084 0929     		cmp	r1, #9
 133 0086 05D9     		bls	.L22
 134 0088 2A2B     		cmp	r3, #42
 135 008a 07D1     		bne	.L21
 136 008c 9BF80010 		ldrb	r1, [fp]	@ zero_extendqisi2
 137 0090 0BF1040B 		add	fp, fp, #4
 138              	.L22:
 139 0094 0A23     		movs	r3, #10
 140 0096 03FB0212 		mla	r2, r3, r2, r1
 141 009a EEE7     		b	.L23
 142              	.L21:
 143 009c 03F0DF01 		and	r1, r3, #223
 144 00a0 4C29     		cmp	r1, #76
 145 00a2 03D1     		bne	.L25
 146 00a4 2978     		ldrb	r1, [r5]	@ zero_extendqisi2
 147 00a6 09B1     		cbz	r1, .L25
 148 00a8 0B46     		mov	r3, r1
 149 00aa 0135     		adds	r5, r5, #1
 150              	.L25:
 151 00ac 642B     		cmp	r3, #100
 152 00ae 1FD1     		bne	.L188
 153              	.L42:
 154 00b0 DBF80010 		ldr	r1, [fp]
 155 00b4 0BF10407 		add	r7, fp, #4
 156 00b8 0029     		cmp	r1, #0
 157 00ba BFBF     		itttt	lt
 158 00bc 2D23     		movlt	r3, #45
 159 00be 8DF81130 		strblt	r3, [sp, #17]
 160 00c2 4942     		rsblt	r1, r1, #0
 161 00c4 0DF11200 		addlt	r0, sp, #18
 162 00c8 A8BF     		it	ge
 163 00ca 0DF11100 		addge	r0, sp, #17
 164 00ce 0A22     		movs	r2, #10
 165 00d0 08E0     		b	.L165
 166              	.L190:
 167 00d2 552B     		cmp	r3, #85
 168 00d4 67D1     		bne	.L26
 169              	.L33:
 170 00d6 0A22     		movs	r2, #10
 171              	.L170:
ARM GAS  /tmp/ccm3T6Xy.s 			page 4


 172 00d8 DBF80010 		ldr	r1, [fp]
 173 00dc 0BF10407 		add	r7, fp, #4
 174 00e0 0DF11100 		add	r0, sp, #17
 175              	.L165:
 176 00e4 0023     		movs	r3, #0
 177              	.L167:
 178 00e6 FFF7FEFF 		bl	long_to_string_with_divisor
 179 00ea 0DF11109 		add	r9, sp, #17
 180 00ee 13E0     		b	.L37
 181              	.L188:
 182 00f0 46D8     		bhi	.L57
 183 00f2 4F2B     		cmp	r3, #79
 184 00f4 46D0     		beq	.L29
 185 00f6 47D9     		bls	.L189
 186 00f8 582B     		cmp	r3, #88
 187 00fa 4ED0     		beq	.L65
 188 00fc 632B     		cmp	r3, #99
 189 00fe E8D1     		bne	.L190
 190 0100 DBF80030 		ldr	r3, [fp]
 191 0104 0DF12809 		add	r9, sp, #40
 192 0108 0BF10407 		add	r7, fp, #4
 193 010c 09F8173D 		strb	r3, [r9, #-23]!
 194 0110 4FF02008 		mov	r8, #32
 195              	.L166:
 196 0114 0DF11200 		add	r0, sp, #18
 197              	.L37:
 198 0118 C9EB000B 		rsb	fp, r9, r0
 199 011c 019B     		ldr	r3, [sp, #4]
 200 011e CBEB0404 		rsb	r4, fp, r4
 201 0122 24EAE474 		bic	r4, r4, r4, asr #31
 202 0126 BBB9     		cbnz	r3, .L53
 203 0128 6442     		negs	r4, r4
 204 012a ACB1     		cbz	r4, .L53
 205 012c 99F80010 		ldrb	r1, [r9]	@ zero_extendqisi2
 206 0130 2D29     		cmp	r1, #45
 207 0132 0AD1     		bne	.L52
 208 0134 B8F1300F 		cmp	r8, #48
 209 0138 07D1     		bne	.L52
 210 013a 3368     		ldr	r3, [r6]
 211 013c 3046     		mov	r0, r6
 212 013e 9B68     		ldr	r3, [r3, #8]
 213 0140 9847     		blx	r3
 214 0142 09F10109 		add	r9, r9, #1
 215 0146 0BF1FF3B 		add	fp, fp, #-1
 216              	.L52:
 217 014a 3368     		ldr	r3, [r6]
 218 014c 3046     		mov	r0, r6
 219 014e 9B68     		ldr	r3, [r3, #8]
 220 0150 4146     		mov	r1, r8
 221 0152 9847     		blx	r3
 222 0154 0134     		adds	r4, r4, #1
 223 0156 F8D1     		bne	.L52
 224              	.L53:
 225 0158 BBF1010B 		subs	fp, fp, #1
 226 015c 06D4     		bmi	.L55
 227 015e 3368     		ldr	r3, [r6]
 228 0160 3046     		mov	r0, r6
ARM GAS  /tmp/ccm3T6Xy.s 			page 5


 229 0162 9B68     		ldr	r3, [r3, #8]
 230 0164 19F8011B 		ldrb	r1, [r9], #1	@ zero_extendqisi2
 231 0168 9847     		blx	r3
 232 016a F5E7     		b	.L53
 233              	.L55:
 234 016c 002C     		cmp	r4, #0
 235 016e 3FF459AF 		beq	.L14
 236 0172 3368     		ldr	r3, [r6]
 237 0174 3046     		mov	r0, r6
 238 0176 9B68     		ldr	r3, [r3, #8]
 239 0178 4146     		mov	r1, r8
 240 017a 9847     		blx	r3
 241 017c 013C     		subs	r4, r4, #1
 242 017e F5E7     		b	.L55
 243              	.L57:
 244 0180 6F2B     		cmp	r3, #111
 245 0182 05D1     		bne	.L191
 246              	.L29:
 247 0184 0822     		movs	r2, #8
 248 0186 A7E7     		b	.L170
 249              	.L189:
 250 0188 442B     		cmp	r3, #68
 251 018a 91D0     		beq	.L42
 252 018c 492B     		cmp	r3, #73
 253 018e 09E0     		b	.L164
 254              	.L191:
 255 0190 05D9     		bls	.L192
 256 0192 752B     		cmp	r3, #117
 257 0194 9FD0     		beq	.L33
 258 0196 782B     		cmp	r3, #120
 259 0198 4ED1     		bne	.L193
 260              	.L65:
 261              	.L31:
 262 019a 1022     		movs	r2, #16
 263 019c 9CE7     		b	.L170
 264              	.L192:
 265 019e 662B     		cmp	r3, #102
 266 01a0 07D0     		beq	.L35
 267 01a2 692B     		cmp	r3, #105
 268              	.L164:
 269 01a4 84D0     		beq	.L42
 270              	.L26:
 271 01a6 0DF12809 		add	r9, sp, #40
 272 01aa 09F8173D 		strb	r3, [r9, #-23]!
 273 01ae 5F46     		mov	r7, fp
 274 01b0 B0E7     		b	.L166
 275              	.L35:
 276 01b2 0BF1070B 		add	fp, fp, #7
 277 01b6 2BF0070B 		bic	fp, fp, #7
 278 01ba DBE90001 		ldrd	r0, [fp]
 279 01be FFF7FEFF 		bl	__aeabi_d2f
 280 01c2 0021     		movs	r1, #0
 281 01c4 0BF10807 		add	r7, fp, #8
 282 01c8 8246     		mov	r10, r0
 283 01ca FFF7FEFF 		bl	__aeabi_fcmplt
 284 01ce 40B1     		cbz	r0, .L160
 285 01d0 2D23     		movs	r3, #45
ARM GAS  /tmp/ccm3T6Xy.s 			page 6


 286 01d2 0AF1004C 		add	ip, r10, #-2147483648
 287 01d6 8DF81130 		strb	r3, [sp, #17]
 288 01da E246     		mov	r10, ip
 289 01dc 0DF11209 		add	r9, sp, #18
 290 01e0 01E0     		b	.L46
 291              	.L160:
 292 01e2 0DF11109 		add	r9, sp, #17
 293              	.L46:
 294 01e6 5046     		mov	r0, r10
 295 01e8 FFF7FEFF 		bl	__aeabi_f2iz
 296 01ec 8346     		mov	fp, r0
 297 01ee 0A22     		movs	r2, #10
 298 01f0 4846     		mov	r0, r9
 299 01f2 5946     		mov	r1, fp
 300 01f4 0023     		movs	r3, #0
 301 01f6 FFF7FEFF 		bl	long_to_string_with_divisor
 302 01fa 8146     		mov	r9, r0
 303 01fc 2E23     		movs	r3, #46
 304 01fe 09F8013B 		strb	r3, [r9], #1
 305 0202 5046     		mov	r0, r10
 306 0204 FFF7FEFF 		bl	__aeabi_f2d
 307 0208 CDE90201 		strd	r0, [sp, #8]
 308 020c 5846     		mov	r0, fp
 309 020e FFF7FEFF 		bl	__aeabi_i2d
 310 0212 0246     		mov	r2, r0
 311 0214 0B46     		mov	r3, r1
 312 0216 DDE90201 		ldrd	r0, [sp, #8]
 313 021a FFF7FEFF 		bl	__aeabi_dsub
 314 021e 16A3     		adr	r3, .L194
 315 0220 D3E90023 		ldrd	r2, [r3]
 316 0224 FFF7FEFF 		bl	__aeabi_dmul
 317 0228 FFF7FEFF 		bl	__aeabi_d2iz
 318 022c 0A22     		movs	r2, #10
 319 022e 0146     		mov	r1, r0
 320 0230 42F21073 		movw	r3, #10000
 321 0234 4846     		mov	r0, r9
 322 0236 56E7     		b	.L167
 323              	.L193:
 324 0238 732B     		cmp	r3, #115
 325 023a B4D1     		bne	.L26
 326 023c 104B     		ldr	r3, .L194+8
 327 023e DBF80090 		ldr	r9, [fp]
 328 0242 0BF10407 		add	r7, fp, #4
 329 0246 B9F1000F 		cmp	r9, #0
 330 024a 08BF     		it	eq
 331 024c 9946     		moveq	r9, r3
 332 024e 47F6FF73 		movw	r3, #32767
 333 0252 002A     		cmp	r2, #0
 334 0254 08BF     		it	eq
 335 0256 1A46     		moveq	r2, r3
 336 0258 4846     		mov	r0, r9
 337 025a 4A44     		add	r2, r2, r9
 338              	.L40:
 339 025c 0378     		ldrb	r3, [r0]	@ zero_extendqisi2
 340 025e 1BB1     		cbz	r3, .L66
 341 0260 9042     		cmp	r0, r2
 342 0262 01D0     		beq	.L66
ARM GAS  /tmp/ccm3T6Xy.s 			page 7


 343 0264 0130     		adds	r0, r0, #1
 344 0266 F9E7     		b	.L40
 345              	.L66:
 346 0268 4FF02008 		mov	r8, #32
 347 026c 54E7     		b	.L37
 348              	.L10:
 349 026e 0BB0     		add	sp, sp, #44
 350              		@ sp needed
 351 0270 BDE8F08F 		pop	{r4, r5, r6, r7, r8, r9, r10, fp, pc}
 352              	.L195:
 353 0274 AFF30080 		.align	3
 354              	.L194:
 355 0278 00000000 		.word	0
 356 027c 006AF840 		.word	1090021888
 357 0280 00000000 		.word	.LC0
 358              		.size	chvprintf, .-chvprintf
 359              		.section	.text.chsnprintf,"ax",%progbits
 360              		.align	1
 361              		.global	chsnprintf
 362              		.thumb
 363              		.thumb_func
 364              		.type	chsnprintf, %function
 365              	chsnprintf:
 366              		@ args = 4, pretend = 8, frame = 24
 367              		@ frame_needed = 0, uses_anonymous_args = 1
 368 0000 0CB4     		push	{r2, r3}
 369 0002 70B5     		push	{r4, r5, r6, lr}
 370 0004 0546     		mov	r5, r0
 371 0006 86B0     		sub	sp, sp, #24
 372 0008 0AAC     		add	r4, sp, #40
 373 000a 54F8046B 		ldr	r6, [r4], #4
 374 000e 4A1E     		subs	r2, r1, #1
 375 0010 01A8     		add	r0, sp, #4
 376 0012 2946     		mov	r1, r5
 377 0014 0023     		movs	r3, #0
 378 0016 FFF7FEFF 		bl	msObjectInit
 379 001a 01A8     		add	r0, sp, #4
 380 001c 3146     		mov	r1, r6
 381 001e 2246     		mov	r2, r4
 382 0020 0094     		str	r4, [sp]
 383 0022 FFF7FEFF 		bl	chvprintf
 384 0026 0498     		ldr	r0, [sp, #16]
 385 0028 0023     		movs	r3, #0
 386 002a 2B54     		strb	r3, [r5, r0]
 387 002c 06B0     		add	sp, sp, #24
 388              		@ sp needed
 389 002e BDE87040 		pop	{r4, r5, r6, lr}
 390 0032 02B0     		add	sp, sp, #8
 391 0034 7047     		bx	lr
 392              		.size	chsnprintf, .-chsnprintf
 393              		.section	.rodata.str1.1,"aMS",%progbits,1
 394              	.LC0:
 395 0000 286E756C 		.ascii	"(null)\000"
 395      6C2900
 396              		.ident	"GCC: (15:4.9.3+svn231177-1) 4.9.3 20150529 (prerelease)"
ARM GAS  /tmp/ccm3T6Xy.s 			page 8


DEFINED SYMBOLS
                            *ABS*:0000000000000000 chprintf.c
     /tmp/ccm3T6Xy.s:16     .text.long_to_string_with_divisor:0000000000000000 $t
     /tmp/ccm3T6Xy.s:20     .text.long_to_string_with_divisor:0000000000000000 long_to_string_with_divisor
     /tmp/ccm3T6Xy.s:60     .text.chvprintf:0000000000000000 $t
     /tmp/ccm3T6Xy.s:65     .text.chvprintf:0000000000000000 chvprintf
     /tmp/ccm3T6Xy.s:355    .text.chvprintf:0000000000000278 $d
     /tmp/ccm3T6Xy.s:360    .text.chsnprintf:0000000000000000 $t
     /tmp/ccm3T6Xy.s:365    .text.chsnprintf:0000000000000000 chsnprintf

UNDEFINED SYMBOLS
__aeabi_d2f
__aeabi_fcmplt
__aeabi_f2iz
__aeabi_f2d
__aeabi_i2d
__aeabi_dsub
__aeabi_dmul
__aeabi_d2iz
msObjectInit
