ARM GAS  /tmp/cc8htnPy.s 			page 1


   1              		.syntax unified
   2              		.cpu cortex-m3
   3              		.fpu softvfp
   4              		.eabi_attribute 20, 1
   5              		.eabi_attribute 21, 1
   6              		.eabi_attribute 23, 3
   7              		.eabi_attribute 24, 1
   8              		.eabi_attribute 25, 1
   9              		.eabi_attribute 26, 1
  10              		.eabi_attribute 30, 4
  11              		.eabi_attribute 34, 1
  12              		.eabi_attribute 18, 4
  13              		.thumb
  14              		.file	"config_cli.cpp"
  15              		.global	__aeabi_f2d
  16              		.global	__aeabi_f2iz
  17              		.section	.text._ZN13zubax_chibios6configL10printParamEPKcb,"ax",%progbits
  18              		.align	1
  19              		.thumb
  20              		.thumb_func
  21              		.type	_ZN13zubax_chibios6configL10printParamEPKcb, %function
  22              	_ZN13zubax_chibios6configL10printParamEPKcb:
  23              		@ args = 0, pretend = 0, frame = 24
  24              		@ frame_needed = 0, uses_anonymous_args = 0
  25 0000 F0B5     		push	{r4, r5, r6, r7, lr}
  26 0002 304C     		ldr	r4, .L18
  27 0004 8BB0     		sub	sp, sp, #44
  28 0006 2568     		ldr	r5, [r4]
  29 0008 0646     		mov	r6, r0
  30 000a 0F46     		mov	r7, r1
  31 000c 65B9     		cbnz	r5, .L2
  32              	.L4:
  33 000e 2846     		mov	r0, r5
  34 0010 FFF7FEFF 		bl	configNameByIndex
  35 0014 40B1     		cbz	r0, .L2
  36 0016 FFF7FEFF 		bl	strlen
  37 001a 2368     		ldr	r3, [r4]
  38 001c 0135     		adds	r5, r5, #1
  39 001e 9842     		cmp	r0, r3
  40 0020 C4BF     		itt	gt
  41 0022 284B     		ldrgt	r3, .L18
  42 0024 1860     		strgt	r0, [r3]
  43 0026 F2E7     		b	.L4
  44              	.L2:
  45 0028 3046     		mov	r0, r6
  46 002a 05A9     		add	r1, sp, #20
  47 002c FFF7FEFF 		bl	configGetDescr
  48 0030 0028     		cmp	r0, #0
  49 0032 45D1     		bne	.L5
  50 0034 9DF82430 		ldrb	r3, [sp, #36]	@ zero_extendqisi2
  51 0038 2468     		ldr	r4, [r4]
  52 003a 3046     		mov	r0, r6
  53 003c 03BB     		cbnz	r3, .L6
  54 003e FFF7FEFF 		bl	configGet
  55 0042 FFF7FEFF 		bl	__aeabi_f2d
  56 0046 3246     		mov	r2, r6
  57 0048 CDE90001 		strd	r0, [sp]
ARM GAS  /tmp/cc8htnPy.s 			page 2


  58 004c 1E48     		ldr	r0, .L18+4
  59 004e 2146     		mov	r1, r4
  60 0050 FFF7FEFF 		bl	printf
  61 0054 87B3     		cbz	r7, .L8
  62 0056 0798     		ldr	r0, [sp, #28]	@ float
  63 0058 FFF7FEFF 		bl	__aeabi_f2d
  64 005c 0446     		mov	r4, r0
  65 005e 0898     		ldr	r0, [sp, #32]	@ float
  66 0060 0D46     		mov	r5, r1
  67 0062 FFF7FEFF 		bl	__aeabi_f2d
  68 0066 CDE90001 		strd	r0, [sp]
  69 006a 0698     		ldr	r0, [sp, #24]	@ float
  70 006c FFF7FEFF 		bl	__aeabi_f2d
  71 0070 2246     		mov	r2, r4
  72 0072 CDE90201 		strd	r0, [sp, #8]
  73 0076 2B46     		mov	r3, r5
  74 0078 1448     		ldr	r0, .L18+8
  75 007a FFF7FEFF 		bl	printf
  76 007e 1BE0     		b	.L8
  77              	.L6:
  78 0080 FFF7FEFF 		bl	configGet
  79 0084 FFF7FEFF 		bl	__aeabi_f2iz
  80 0088 2146     		mov	r1, r4
  81 008a 0346     		mov	r3, r0
  82 008c 3246     		mov	r2, r6
  83 008e 1048     		ldr	r0, .L18+12
  84 0090 FFF7FEFF 		bl	printf
  85 0094 87B1     		cbz	r7, .L8
  86 0096 0798     		ldr	r0, [sp, #28]	@ float
  87 0098 FFF7FEFF 		bl	__aeabi_f2iz
  88 009c 0546     		mov	r5, r0
  89 009e 0898     		ldr	r0, [sp, #32]	@ float
  90 00a0 FFF7FEFF 		bl	__aeabi_f2iz
  91 00a4 0446     		mov	r4, r0
  92 00a6 0698     		ldr	r0, [sp, #24]	@ float
  93 00a8 FFF7FEFF 		bl	__aeabi_f2iz
  94 00ac 2946     		mov	r1, r5
  95 00ae 0346     		mov	r3, r0
  96 00b0 2246     		mov	r2, r4
  97 00b2 0848     		ldr	r0, .L18+16
  98 00b4 FFF7FEFF 		bl	printf
  99              	.L8:
 100 00b8 0748     		ldr	r0, .L18+20
 101 00ba FFF7FEFF 		bl	puts
 102 00be 0020     		movs	r0, #0
 103              	.L5:
 104 00c0 0BB0     		add	sp, sp, #44
 105              		@ sp needed
 106 00c2 F0BD     		pop	{r4, r5, r6, r7, pc}
 107              	.L19:
 108              		.align	2
 109              	.L18:
 110 00c4 00000000 		.word	.LANCHOR0
 111 00c8 00000000 		.word	.LC0
 112 00cc 0D000000 		.word	.LC1
 113 00d0 1B000000 		.word	.LC2
 114 00d4 28000000 		.word	.LC3
ARM GAS  /tmp/cc8htnPy.s 			page 3


 115 00d8 36000000 		.word	.LC4
 116              		.size	_ZN13zubax_chibios6configL10printParamEPKcb, .-_ZN13zubax_chibios6configL10printParamEPKcb
 117              		.section	.text._ZN13zubax_chibios6config17executeCliCommandEiPPc,"ax",%progbits
 118              		.align	1
 119              		.global	_ZN13zubax_chibios6config17executeCliCommandEiPPc
 120              		.thumb
 121              		.thumb_func
 122              		.type	_ZN13zubax_chibios6config17executeCliCommandEiPPc, %function
 123              	_ZN13zubax_chibios6config17executeCliCommandEiPPc:
 124              		@ args = 0, pretend = 0, frame = 0
 125              		@ frame_needed = 0, uses_anonymous_args = 0
 126 0000 F8B5     		push	{r3, r4, r5, r6, r7, lr}
 127 0002 071E     		subs	r7, r0, #0
 128 0004 CCBF     		ite	gt
 129 0006 0D68     		ldrgt	r5, [r1]
 130 0008 294D     		ldrle	r5, .L39
 131 000a 0E46     		mov	r6, r1
 132 000c 2846     		mov	r0, r5
 133 000e 2949     		ldr	r1, .L39+4
 134 0010 FFF7FEFF 		bl	strcmp
 135 0014 0446     		mov	r4, r0
 136 0016 60B9     		cbnz	r0, .L22
 137 0018 0546     		mov	r5, r0
 138              	.L24:
 139 001a 2846     		mov	r0, r5
 140 001c FFF7FEFF 		bl	configNameByIndex
 141 0020 0028     		cmp	r0, #0
 142 0022 43D0     		beq	.L23
 143 0024 0121     		movs	r1, #1
 144 0026 FFF7FEFF 		bl	_ZN13zubax_chibios6configL10printParamEPKcb
 145 002a 0028     		cmp	r0, #0
 146 002c 3BD1     		bne	.L32
 147 002e 0135     		adds	r5, r5, #1
 148 0030 F3E7     		b	.L24
 149              	.L22:
 150 0032 2846     		mov	r0, r5
 151 0034 2049     		ldr	r1, .L39+8
 152 0036 FFF7FEFF 		bl	strcmp
 153 003a 18B9     		cbnz	r0, .L25
 154 003c BDE8F840 		pop	{r3, r4, r5, r6, r7, lr}
 155 0040 FFF7FEBF 		b	configSave
 156              	.L25:
 157 0044 2846     		mov	r0, r5
 158 0046 1D49     		ldr	r1, .L39+12
 159 0048 FFF7FEFF 		bl	strcmp
 160 004c 18B9     		cbnz	r0, .L26
 161 004e BDE8F840 		pop	{r3, r4, r5, r6, r7, lr}
 162 0052 FFF7FEBF 		b	configErase
 163              	.L26:
 164 0056 1A49     		ldr	r1, .L39+16
 165 0058 2846     		mov	r0, r5
 166 005a FFF7FEFF 		bl	strcmp
 167 005e 0146     		mov	r1, r0
 168 0060 28B9     		cbnz	r0, .L27
 169 0062 012F     		cmp	r7, #1
 170 0064 01DC     		bgt	.L28
 171              	.L30:
ARM GAS  /tmp/cc8htnPy.s 			page 4


 172 0066 1748     		ldr	r0, .L39+20
 173 0068 18E0     		b	.L37
 174              	.L28:
 175 006a 7068     		ldr	r0, [r6, #4]
 176 006c 11E0     		b	.L38
 177              	.L27:
 178 006e 2846     		mov	r0, r5
 179 0070 1549     		ldr	r1, .L39+24
 180 0072 FFF7FEFF 		bl	strcmp
 181 0076 80B9     		cbnz	r0, .L29
 182 0078 022F     		cmp	r7, #2
 183 007a F4DD     		ble	.L30
 184 007c B068     		ldr	r0, [r6, #8]
 185 007e 7468     		ldr	r4, [r6, #4]
 186 0080 FFF7FEFF 		bl	atoff
 187 0084 0146     		mov	r1, r0
 188 0086 2046     		mov	r0, r4
 189 0088 FFF7FEFF 		bl	configSet
 190 008c 0146     		mov	r1, r0
 191 008e 60B9     		cbnz	r0, .L33
 192 0090 2046     		mov	r0, r4
 193              	.L38:
 194 0092 BDE8F840 		pop	{r3, r4, r5, r6, r7, lr}
 195 0096 FFF7FEBF 		b	_ZN13zubax_chibios6configL10printParamEPKcb
 196              	.L29:
 197 009a 0C48     		ldr	r0, .L39+28
 198              	.L37:
 199 009c FFF7FEFF 		bl	puts
 200 00a0 6FF01504 		mvn	r4, #21
 201 00a4 02E0     		b	.L23
 202              	.L32:
 203 00a6 0446     		mov	r4, r0
 204 00a8 00E0     		b	.L23
 205              	.L33:
 206 00aa 0446     		mov	r4, r0
 207              	.L23:
 208 00ac 2046     		mov	r0, r4
 209 00ae F8BD     		pop	{r3, r4, r5, r6, r7, pc}
 210              	.L40:
 211              		.align	2
 212              	.L39:
 213 00b0 36000000 		.word	.LC4
 214 00b4 37000000 		.word	.LC5
 215 00b8 3C000000 		.word	.LC6
 216 00bc 41000000 		.word	.LC7
 217 00c0 47000000 		.word	.LC8
 218 00c4 4B000000 		.word	.LC9
 219 00c8 67000000 		.word	.LC10
 220 00cc 6B000000 		.word	.LC11
 221              		.size	_ZN13zubax_chibios6config17executeCliCommandEiPPc, .-_ZN13zubax_chibios6config17executeCliCo
 222              		.section	.bss._ZZN13zubax_chibios6configL10printParamEPKcbE13_max_name_len,"aw",%nobits
 223              		.align	2
 224              		.set	.LANCHOR0,. + 0
 225              		.type	_ZZN13zubax_chibios6configL10printParamEPKcbE13_max_name_len, %object
 226              		.size	_ZZN13zubax_chibios6configL10printParamEPKcbE13_max_name_len, 4
 227              	_ZZN13zubax_chibios6configL10printParamEPKcbE13_max_name_len:
 228 0000 00000000 		.space	4
ARM GAS  /tmp/cc8htnPy.s 			page 5


 229              		.section	.rodata.str1.1,"aMS",%progbits,1
 230              	.LC0:
 231 0000 252D2A73 		.ascii	"%-*s = %-12f\000"
 231      203D2025 
 231      2D313266 
 231      00
 232              	.LC1:
 233 000d 5B25662C 		.ascii	"[%f, %f] (%f)\000"
 233      2025665D 
 233      20282566 
 233      2900
 234              	.LC2:
 235 001b 252D2A73 		.ascii	"%-*s = %-12i\000"
 235      203D2025 
 235      2D313269 
 235      00
 236              	.LC3:
 237 0028 5B25692C 		.ascii	"[%i, %i] (%i)\000"
 237      2025695D 
 237      20282569 
 237      2900
 238              	.LC4:
 239 0036 00       		.ascii	"\000"
 240              	.LC5:
 241 0037 6C697374 		.ascii	"list\000"
 241      00
 242              	.LC6:
 243 003c 73617665 		.ascii	"save\000"
 243      00
 244              	.LC7:
 245 0041 65726173 		.ascii	"erase\000"
 245      6500
 246              	.LC8:
 247 0047 67657400 		.ascii	"get\000"
 248              	.LC9:
 249 004b 4572726F 		.ascii	"Error: Not enough arguments\000"
 249      723A204E 
 249      6F742065 
 249      6E6F7567 
 249      68206172 
 250              	.LC10:
 251 0067 73657400 		.ascii	"set\000"
 252              	.LC11:
 253 006b 55736167 		.ascii	"Usage:\012  cfg list\012  cfg save\012  cfg erase\012"
 253      653A0A20 
 253      20636667 
 253      206C6973 
 253      740A2020 
 254 0094 20206366 		.ascii	"  cfg get <name>\012  cfg set <name> <value>\012Not"
 254      67206765 
 254      74203C6E 
 254      616D653E 
 254      0A202063 
 255 00c1 65207468 		.ascii	"e that save or erase may halt CPU for a few millise"
 255      61742073 
 255      61766520 
 255      6F722065 
ARM GAS  /tmp/cc8htnPy.s 			page 6


 255      72617365 
 256 00f4 636F6E64 		.ascii	"conds which\012can cause transient failures in real"
 256      73207768 
 256      6963680A 
 256      63616E20 
 256      63617573 
 257 0124 2074696D 		.ascii	" time tasks or communications.\000"
 257      65207461 
 257      736B7320 
 257      6F722063 
 257      6F6D6D75 
 258              		.ident	"GCC: (15:4.9.3+svn231177-1) 4.9.3 20150529 (prerelease)"
ARM GAS  /tmp/cc8htnPy.s 			page 7


DEFINED SYMBOLS
                            *ABS*:0000000000000000 config_cli.cpp
     /tmp/cc8htnPy.s:18     .text._ZN13zubax_chibios6configL10printParamEPKcb:0000000000000000 $t
     /tmp/cc8htnPy.s:22     .text._ZN13zubax_chibios6configL10printParamEPKcb:0000000000000000 _ZN13zubax_chibios6configL10printParamEPKcb
     /tmp/cc8htnPy.s:110    .text._ZN13zubax_chibios6configL10printParamEPKcb:00000000000000c4 $d
     /tmp/cc8htnPy.s:118    .text._ZN13zubax_chibios6config17executeCliCommandEiPPc:0000000000000000 $t
     /tmp/cc8htnPy.s:123    .text._ZN13zubax_chibios6config17executeCliCommandEiPPc:0000000000000000 _ZN13zubax_chibios6config17executeCliCommandEiPPc
     /tmp/cc8htnPy.s:213    .text._ZN13zubax_chibios6config17executeCliCommandEiPPc:00000000000000b0 $d
     /tmp/cc8htnPy.s:223    .bss._ZZN13zubax_chibios6configL10printParamEPKcbE13_max_name_len:0000000000000000 $d
     /tmp/cc8htnPy.s:227    .bss._ZZN13zubax_chibios6configL10printParamEPKcbE13_max_name_len:0000000000000000 _ZZN13zubax_chibios6configL10printParamEPKcbE13_max_name_len

UNDEFINED SYMBOLS
__aeabi_f2d
__aeabi_f2iz
configNameByIndex
strlen
configGetDescr
configGet
printf
puts
strcmp
configSave
configErase
atoff
configSet
