ARM GAS  /tmp/ccd6JuRQ.s 			page 1


   1              		.syntax unified
   2              		.cpu cortex-m3
   3              		.fpu softvfp
   4              		.eabi_attribute 20, 1
   5              		.eabi_attribute 21, 1
   6              		.eabi_attribute 23, 3
   7              		.eabi_attribute 24, 1
   8              		.eabi_attribute 25, 1
   9              		.eabi_attribute 26, 1
  10              		.eabi_attribute 30, 4
  11              		.eabi_attribute 34, 1
  12              		.eabi_attribute 18, 4
  13              		.thumb
  14              		.file	"memstreams.c"
  15              		.section	.text.put,"ax",%progbits
  16              		.align	1
  17              		.thumb
  18              		.thumb_func
  19              		.type	put, %function
  20              	put:
  21              		@ args = 0, pretend = 0, frame = 0
  22              		@ frame_needed = 0, uses_anonymous_args = 0
  23              		@ link register save eliminated.
  24 0000 C368     		ldr	r3, [r0, #12]
  25 0002 8268     		ldr	r2, [r0, #8]
  26 0004 9A42     		cmp	r2, r3
  27 0006 1FBF     		itttt	ne
  28 0008 4268     		ldrne	r2, [r0, #4]
  29 000a D154     		strbne	r1, [r2, r3]
  30 000c C368     		ldrne	r3, [r0, #12]
  31 000e 0133     		addne	r3, r3, #1
  32 0010 1ABF     		itte	ne
  33 0012 C360     		strne	r3, [r0, #12]
  34 0014 0020     		movne	r0, #0
  35 0016 6FF00100 		mvneq	r0, #1
  36 001a 7047     		bx	lr
  37              		.size	put, .-put
  38              		.section	.text.get,"ax",%progbits
  39              		.align	1
  40              		.thumb
  41              		.thumb_func
  42              		.type	get, %function
  43              	get:
  44              		@ args = 0, pretend = 0, frame = 0
  45              		@ frame_needed = 0, uses_anonymous_args = 0
  46              		@ link register save eliminated.
  47 0000 0369     		ldr	r3, [r0, #16]
  48 0002 C268     		ldr	r2, [r0, #12]
  49 0004 9A42     		cmp	r2, r3
  50 0006 1FBF     		itttt	ne
  51 0008 4268     		ldrne	r2, [r0, #4]
  52 000a D25C     		ldrbne	r2, [r2, r3]	@ zero_extendqisi2
  53 000c 0133     		addne	r3, r3, #1
  54 000e 0361     		strne	r3, [r0, #16]
  55 0010 14BF     		ite	ne
  56 0012 1046     		movne	r0, r2
  57 0014 6FF00100 		mvneq	r0, #1
ARM GAS  /tmp/ccd6JuRQ.s 			page 2


  58 0018 7047     		bx	lr
  59              		.size	get, .-get
  60              		.section	.text.reads,"ax",%progbits
  61              		.align	1
  62              		.thumb
  63              		.thumb_func
  64              		.type	reads, %function
  65              	reads:
  66              		@ args = 0, pretend = 0, frame = 0
  67              		@ frame_needed = 0, uses_anonymous_args = 0
  68 0000 38B5     		push	{r3, r4, r5, lr}
  69 0002 0369     		ldr	r3, [r0, #16]
  70 0004 C468     		ldr	r4, [r0, #12]
  71 0006 0546     		mov	r5, r0
  72 0008 E41A     		subs	r4, r4, r3
  73 000a 9442     		cmp	r4, r2
  74 000c 28BF     		it	cs
  75 000e 1446     		movcs	r4, r2
  76 0010 4268     		ldr	r2, [r0, #4]
  77 0012 0846     		mov	r0, r1
  78 0014 D118     		adds	r1, r2, r3
  79 0016 2246     		mov	r2, r4
  80 0018 FFF7FEFF 		bl	memcpy
  81 001c 2B69     		ldr	r3, [r5, #16]
  82 001e 2046     		mov	r0, r4
  83 0020 2344     		add	r3, r3, r4
  84 0022 2B61     		str	r3, [r5, #16]
  85 0024 38BD     		pop	{r3, r4, r5, pc}
  86              		.size	reads, .-reads
  87              		.section	.text.writes,"ax",%progbits
  88              		.align	1
  89              		.thumb
  90              		.thumb_func
  91              		.type	writes, %function
  92              	writes:
  93              		@ args = 0, pretend = 0, frame = 0
  94              		@ frame_needed = 0, uses_anonymous_args = 0
  95 0000 38B5     		push	{r3, r4, r5, lr}
  96 0002 C368     		ldr	r3, [r0, #12]
  97 0004 8468     		ldr	r4, [r0, #8]
  98 0006 0546     		mov	r5, r0
  99 0008 E41A     		subs	r4, r4, r3
 100 000a 9442     		cmp	r4, r2
 101 000c 28BF     		it	cs
 102 000e 1446     		movcs	r4, r2
 103 0010 4068     		ldr	r0, [r0, #4]
 104 0012 2246     		mov	r2, r4
 105 0014 1844     		add	r0, r0, r3
 106 0016 FFF7FEFF 		bl	memcpy
 107 001a EB68     		ldr	r3, [r5, #12]
 108 001c 2046     		mov	r0, r4
 109 001e 2344     		add	r3, r3, r4
 110 0020 EB60     		str	r3, [r5, #12]
 111 0022 38BD     		pop	{r3, r4, r5, pc}
 112              		.size	writes, .-writes
 113              		.section	.text.msObjectInit,"ax",%progbits
 114              		.align	1
ARM GAS  /tmp/ccd6JuRQ.s 			page 3


 115              		.global	msObjectInit
 116              		.thumb
 117              		.thumb_func
 118              		.type	msObjectInit, %function
 119              	msObjectInit:
 120              		@ args = 0, pretend = 0, frame = 0
 121              		@ frame_needed = 0, uses_anonymous_args = 0
 122 0000 10B5     		push	{r4, lr}
 123 0002 044C     		ldr	r4, .L10
 124 0004 C360     		str	r3, [r0, #12]
 125 0006 0023     		movs	r3, #0
 126 0008 0460     		str	r4, [r0]
 127 000a 4160     		str	r1, [r0, #4]
 128 000c 8260     		str	r2, [r0, #8]
 129 000e 0361     		str	r3, [r0, #16]
 130 0010 10BD     		pop	{r4, pc}
 131              	.L11:
 132 0012 00BF     		.align	2
 133              	.L10:
 134 0014 00000000 		.word	.LANCHOR0
 135              		.size	msObjectInit, .-msObjectInit
 136              		.section	.rodata.vmt,"a",%progbits
 137              		.align	2
 138              		.set	.LANCHOR0,. + 0
 139              		.type	vmt, %object
 140              		.size	vmt, 16
 141              	vmt:
 142 0000 00000000 		.word	writes
 143 0004 00000000 		.word	reads
 144 0008 00000000 		.word	put
 145 000c 00000000 		.word	get
 146              		.ident	"GCC: (15:4.9.3+svn231177-1) 4.9.3 20150529 (prerelease)"
ARM GAS  /tmp/ccd6JuRQ.s 			page 4


DEFINED SYMBOLS
                            *ABS*:0000000000000000 memstreams.c
     /tmp/ccd6JuRQ.s:16     .text.put:0000000000000000 $t
     /tmp/ccd6JuRQ.s:20     .text.put:0000000000000000 put
     /tmp/ccd6JuRQ.s:39     .text.get:0000000000000000 $t
     /tmp/ccd6JuRQ.s:43     .text.get:0000000000000000 get
     /tmp/ccd6JuRQ.s:61     .text.reads:0000000000000000 $t
     /tmp/ccd6JuRQ.s:65     .text.reads:0000000000000000 reads
     /tmp/ccd6JuRQ.s:88     .text.writes:0000000000000000 $t
     /tmp/ccd6JuRQ.s:92     .text.writes:0000000000000000 writes
     /tmp/ccd6JuRQ.s:114    .text.msObjectInit:0000000000000000 $t
     /tmp/ccd6JuRQ.s:119    .text.msObjectInit:0000000000000000 msObjectInit
     /tmp/ccd6JuRQ.s:134    .text.msObjectInit:0000000000000014 $d
     /tmp/ccd6JuRQ.s:137    .rodata.vmt:0000000000000000 $d
     /tmp/ccd6JuRQ.s:141    .rodata.vmt:0000000000000000 vmt

UNDEFINED SYMBOLS
memcpy
