ARM GAS  /tmp/ccmpXXIC.s 			page 1


   1              		.syntax unified
   2              		.cpu cortex-m3
   3              		.fpu softvfp
   4              		.eabi_attribute 20, 1
   5              		.eabi_attribute 21, 1
   6              		.eabi_attribute 23, 3
   7              		.eabi_attribute 24, 1
   8              		.eabi_attribute 25, 1
   9              		.eabi_attribute 26, 1
  10              		.eabi_attribute 30, 4
  11              		.eabi_attribute 34, 1
  12              		.eabi_attribute 18, 4
  13              		.thumb
  14              		.file	"uc_crc.cpp"
  15              		.global	_ZN6uavcan11TransferCRC5TableE
  16              		.section	.rodata._ZN6uavcan11TransferCRC5TableE,"a",%progbits
  17              		.align	1
  18              		.type	_ZN6uavcan11TransferCRC5TableE, %object
  19              		.size	_ZN6uavcan11TransferCRC5TableE, 512
  20              	_ZN6uavcan11TransferCRC5TableE:
  21 0000 0000     		.short	0
  22 0002 2110     		.short	4129
  23 0004 4220     		.short	8258
  24 0006 6330     		.short	12387
  25 0008 8440     		.short	16516
  26 000a A550     		.short	20645
  27 000c C660     		.short	24774
  28 000e E770     		.short	28903
  29 0010 0881     		.short	-32504
  30 0012 2991     		.short	-28375
  31 0014 4AA1     		.short	-24246
  32 0016 6BB1     		.short	-20117
  33 0018 8CC1     		.short	-15988
  34 001a ADD1     		.short	-11859
  35 001c CEE1     		.short	-7730
  36 001e EFF1     		.short	-3601
  37 0020 3112     		.short	4657
  38 0022 1002     		.short	528
  39 0024 7332     		.short	12915
  40 0026 5222     		.short	8786
  41 0028 B552     		.short	21173
  42 002a 9442     		.short	17044
  43 002c F772     		.short	29431
  44 002e D662     		.short	25302
  45 0030 3993     		.short	-27847
  46 0032 1883     		.short	-31976
  47 0034 7BB3     		.short	-19589
  48 0036 5AA3     		.short	-23718
  49 0038 BDD3     		.short	-11331
  50 003a 9CC3     		.short	-15460
  51 003c FFF3     		.short	-3073
  52 003e DEE3     		.short	-7202
  53 0040 6224     		.short	9314
  54 0042 4334     		.short	13379
  55 0044 2004     		.short	1056
  56 0046 0114     		.short	5121
  57 0048 E664     		.short	25830
ARM GAS  /tmp/ccmpXXIC.s 			page 2


  58 004a C774     		.short	29895
  59 004c A444     		.short	17572
  60 004e 8554     		.short	21637
  61 0050 6AA5     		.short	-23190
  62 0052 4BB5     		.short	-19125
  63 0054 2885     		.short	-31448
  64 0056 0995     		.short	-27383
  65 0058 EEE5     		.short	-6674
  66 005a CFF5     		.short	-2609
  67 005c ACC5     		.short	-14932
  68 005e 8DD5     		.short	-10867
  69 0060 5336     		.short	13907
  70 0062 7226     		.short	9842
  71 0064 1116     		.short	5649
  72 0066 3006     		.short	1584
  73 0068 D776     		.short	30423
  74 006a F666     		.short	26358
  75 006c 9556     		.short	22165
  76 006e B446     		.short	18100
  77 0070 5BB7     		.short	-18597
  78 0072 7AA7     		.short	-22662
  79 0074 1997     		.short	-26855
  80 0076 3887     		.short	-30920
  81 0078 DFF7     		.short	-2081
  82 007a FEE7     		.short	-6146
  83 007c 9DD7     		.short	-10339
  84 007e BCC7     		.short	-14404
  85 0080 C448     		.short	18628
  86 0082 E558     		.short	22757
  87 0084 8668     		.short	26758
  88 0086 A778     		.short	30887
  89 0088 4008     		.short	2112
  90 008a 6118     		.short	6241
  91 008c 0228     		.short	10242
  92 008e 2338     		.short	14371
  93 0090 CCC9     		.short	-13876
  94 0092 EDD9     		.short	-9747
  95 0094 8EE9     		.short	-5746
  96 0096 AFF9     		.short	-1617
  97 0098 4889     		.short	-30392
  98 009a 6999     		.short	-26263
  99 009c 0AA9     		.short	-22262
 100 009e 2BB9     		.short	-18133
 101 00a0 F55A     		.short	23285
 102 00a2 D44A     		.short	19156
 103 00a4 B77A     		.short	31415
 104 00a6 966A     		.short	27286
 105 00a8 711A     		.short	6769
 106 00aa 500A     		.short	2640
 107 00ac 333A     		.short	14899
 108 00ae 122A     		.short	10770
 109 00b0 FDDB     		.short	-9219
 110 00b2 DCCB     		.short	-13348
 111 00b4 BFFB     		.short	-1089
 112 00b6 9EEB     		.short	-5218
 113 00b8 799B     		.short	-25735
 114 00ba 588B     		.short	-29864
ARM GAS  /tmp/ccmpXXIC.s 			page 3


 115 00bc 3BBB     		.short	-17605
 116 00be 1AAB     		.short	-21734
 117 00c0 A66C     		.short	27814
 118 00c2 877C     		.short	31879
 119 00c4 E44C     		.short	19684
 120 00c6 C55C     		.short	23749
 121 00c8 222C     		.short	11298
 122 00ca 033C     		.short	15363
 123 00cc 600C     		.short	3168
 124 00ce 411C     		.short	7233
 125 00d0 AEED     		.short	-4690
 126 00d2 8FFD     		.short	-625
 127 00d4 ECCD     		.short	-12820
 128 00d6 CDDD     		.short	-8755
 129 00d8 2AAD     		.short	-21206
 130 00da 0BBD     		.short	-17141
 131 00dc 688D     		.short	-29336
 132 00de 499D     		.short	-25271
 133 00e0 977E     		.short	32407
 134 00e2 B66E     		.short	28342
 135 00e4 D55E     		.short	24277
 136 00e6 F44E     		.short	20212
 137 00e8 133E     		.short	15891
 138 00ea 322E     		.short	11826
 139 00ec 511E     		.short	7761
 140 00ee 700E     		.short	3696
 141 00f0 9FFF     		.short	-97
 142 00f2 BEEF     		.short	-4162
 143 00f4 DDDF     		.short	-8227
 144 00f6 FCCF     		.short	-12292
 145 00f8 1BBF     		.short	-16613
 146 00fa 3AAF     		.short	-20678
 147 00fc 599F     		.short	-24743
 148 00fe 788F     		.short	-28808
 149 0100 8891     		.short	-28280
 150 0102 A981     		.short	-32343
 151 0104 CAB1     		.short	-20022
 152 0106 EBA1     		.short	-24085
 153 0108 0CD1     		.short	-12020
 154 010a 2DC1     		.short	-16083
 155 010c 4EF1     		.short	-3762
 156 010e 6FE1     		.short	-7825
 157 0110 8010     		.short	4224
 158 0112 A100     		.short	161
 159 0114 C230     		.short	12482
 160 0116 E320     		.short	8419
 161 0118 0450     		.short	20484
 162 011a 2540     		.short	16421
 163 011c 4670     		.short	28742
 164 011e 6760     		.short	24679
 165 0120 B983     		.short	-31815
 166 0122 9893     		.short	-27752
 167 0124 FBA3     		.short	-23557
 168 0126 DAB3     		.short	-19494
 169 0128 3DC3     		.short	-15555
 170 012a 1CD3     		.short	-11492
 171 012c 7FE3     		.short	-7297
ARM GAS  /tmp/ccmpXXIC.s 			page 4


 172 012e 5EF3     		.short	-3234
 173 0130 B102     		.short	689
 174 0132 9012     		.short	4752
 175 0134 F322     		.short	8947
 176 0136 D232     		.short	13010
 177 0138 3542     		.short	16949
 178 013a 1452     		.short	21012
 179 013c 7762     		.short	25207
 180 013e 5672     		.short	29270
 181 0140 EAB5     		.short	-18966
 182 0142 CBA5     		.short	-23093
 183 0144 A895     		.short	-27224
 184 0146 8985     		.short	-31351
 185 0148 6EF5     		.short	-2706
 186 014a 4FE5     		.short	-6833
 187 014c 2CD5     		.short	-10964
 188 014e 0DC5     		.short	-15091
 189 0150 E234     		.short	13538
 190 0152 C324     		.short	9411
 191 0154 A014     		.short	5280
 192 0156 8104     		.short	1153
 193 0158 6674     		.short	29798
 194 015a 4764     		.short	25671
 195 015c 2454     		.short	21540
 196 015e 0544     		.short	17413
 197 0160 DBA7     		.short	-22565
 198 0162 FAB7     		.short	-18438
 199 0164 9987     		.short	-30823
 200 0166 B897     		.short	-26696
 201 0168 5FE7     		.short	-6305
 202 016a 7EF7     		.short	-2178
 203 016c 1DC7     		.short	-14563
 204 016e 3CD7     		.short	-10436
 205 0170 D326     		.short	9939
 206 0172 F236     		.short	14066
 207 0174 9106     		.short	1681
 208 0176 B016     		.short	5808
 209 0178 5766     		.short	26199
 210 017a 7676     		.short	30326
 211 017c 1546     		.short	17941
 212 017e 3456     		.short	22068
 213 0180 4CD9     		.short	-9908
 214 0182 6DC9     		.short	-13971
 215 0184 0EF9     		.short	-1778
 216 0186 2FE9     		.short	-5841
 217 0188 C899     		.short	-26168
 218 018a E989     		.short	-30231
 219 018c 8AB9     		.short	-18038
 220 018e ABA9     		.short	-22101
 221 0190 4458     		.short	22596
 222 0192 6548     		.short	18533
 223 0194 0678     		.short	30726
 224 0196 2768     		.short	26663
 225 0198 C018     		.short	6336
 226 019a E108     		.short	2273
 227 019c 8238     		.short	14466
 228 019e A328     		.short	10403
ARM GAS  /tmp/ccmpXXIC.s 			page 5


 229 01a0 7DCB     		.short	-13443
 230 01a2 5CDB     		.short	-9380
 231 01a4 3FEB     		.short	-5313
 232 01a6 1EFB     		.short	-1250
 233 01a8 F98B     		.short	-29703
 234 01aa D89B     		.short	-25640
 235 01ac BBAB     		.short	-21573
 236 01ae 9ABB     		.short	-17510
 237 01b0 754A     		.short	19061
 238 01b2 545A     		.short	23124
 239 01b4 376A     		.short	27191
 240 01b6 167A     		.short	31254
 241 01b8 F10A     		.short	2801
 242 01ba D01A     		.short	6864
 243 01bc B32A     		.short	10931
 244 01be 923A     		.short	14994
 245 01c0 2EFD     		.short	-722
 246 01c2 0FED     		.short	-4849
 247 01c4 6CDD     		.short	-8852
 248 01c6 4DCD     		.short	-12979
 249 01c8 AABD     		.short	-16982
 250 01ca 8BAD     		.short	-21109
 251 01cc E89D     		.short	-25112
 252 01ce C98D     		.short	-29239
 253 01d0 267C     		.short	31782
 254 01d2 076C     		.short	27655
 255 01d4 645C     		.short	23652
 256 01d6 454C     		.short	19525
 257 01d8 A23C     		.short	15522
 258 01da 832C     		.short	11395
 259 01dc E01C     		.short	7392
 260 01de C10C     		.short	3265
 261 01e0 1FEF     		.short	-4321
 262 01e2 3EFF     		.short	-194
 263 01e4 5DCF     		.short	-12451
 264 01e6 7CDF     		.short	-8324
 265 01e8 9BAF     		.short	-20581
 266 01ea BABF     		.short	-16454
 267 01ec D98F     		.short	-28711
 268 01ee F89F     		.short	-24584
 269 01f0 176E     		.short	28183
 270 01f2 367E     		.short	32310
 271 01f4 554E     		.short	20053
 272 01f6 745E     		.short	24180
 273 01f8 932E     		.short	11923
 274 01fa B23E     		.short	16050
 275 01fc D10E     		.short	3793
 276 01fe F01E     		.short	7920
 277              		.ident	"GCC: (15:4.9.3+svn231177-1) 4.9.3 20150529 (prerelease)"
ARM GAS  /tmp/ccmpXXIC.s 			page 6


DEFINED SYMBOLS
                            *ABS*:0000000000000000 uc_crc.cpp
     /tmp/ccmpXXIC.s:20     .rodata._ZN6uavcan11TransferCRC5TableE:0000000000000000 _ZN6uavcan11TransferCRC5TableE
     /tmp/ccmpXXIC.s:17     .rodata._ZN6uavcan11TransferCRC5TableE:0000000000000000 $d

NO UNDEFINED SYMBOLS
