ARM GAS  /tmp/cc9ZPbh0.s 			page 1


   1              		.syntax unified
   2              		.cpu cortex-m3
   3              		.fpu softvfp
   4              		.eabi_attribute 20, 1
   5              		.eabi_attribute 21, 1
   6              		.eabi_attribute 23, 3
   7              		.eabi_attribute 24, 1
   8              		.eabi_attribute 25, 1
   9              		.eabi_attribute 26, 1
  10              		.eabi_attribute 30, 4
  11              		.eabi_attribute 34, 1
  12              		.eabi_attribute 18, 4
  13              		.thumb
  14              		.file	"uc_dynamic_memory.cpp"
  15              		.section	.text._ZN6uavcan20LimitedPoolAllocator8allocateEj,"ax",%progbits
  16              		.align	1
  17              		.global	_ZN6uavcan20LimitedPoolAllocator8allocateEj
  18              		.thumb
  19              		.thumb_func
  20              		.type	_ZN6uavcan20LimitedPoolAllocator8allocateEj, %function
  21              	_ZN6uavcan20LimitedPoolAllocator8allocateEj:
  22              		@ args = 0, pretend = 0, frame = 0
  23              		@ frame_needed = 0, uses_anonymous_args = 0
  24              		@ link register save eliminated.
  25 0000 4389     		ldrh	r3, [r0, #10]
  26 0002 0289     		ldrh	r2, [r0, #8]
  27 0004 9A42     		cmp	r2, r3
  28 0006 05D9     		bls	.L2
  29 0008 0133     		adds	r3, r3, #1
  30 000a 4381     		strh	r3, [r0, #10]	@ movhi
  31 000c 4068     		ldr	r0, [r0, #4]
  32 000e 0368     		ldr	r3, [r0]
  33 0010 9B68     		ldr	r3, [r3, #8]
  34 0012 1847     		bx	r3
  35              	.L2:
  36 0014 0020     		movs	r0, #0
  37 0016 7047     		bx	lr
  38              		.size	_ZN6uavcan20LimitedPoolAllocator8allocateEj, .-_ZN6uavcan20LimitedPoolAllocator8allocateEj
  39              		.section	.text._ZN6uavcan20LimitedPoolAllocator10deallocateEPKv,"ax",%progbits
  40              		.align	1
  41              		.global	_ZN6uavcan20LimitedPoolAllocator10deallocateEPKv
  42              		.thumb
  43              		.thumb_func
  44              		.type	_ZN6uavcan20LimitedPoolAllocator10deallocateEPKv, %function
  45              	_ZN6uavcan20LimitedPoolAllocator10deallocateEPKv:
  46              		@ args = 0, pretend = 0, frame = 0
  47              		@ frame_needed = 0, uses_anonymous_args = 0
  48 0000 10B5     		push	{r4, lr}
  49 0002 0446     		mov	r4, r0
  50 0004 4068     		ldr	r0, [r0, #4]
  51 0006 0368     		ldr	r3, [r0]
  52 0008 DB68     		ldr	r3, [r3, #12]
  53 000a 9847     		blx	r3
  54 000c 6389     		ldrh	r3, [r4, #10]
  55 000e 0BB1     		cbz	r3, .L4
  56 0010 013B     		subs	r3, r3, #1
  57 0012 6381     		strh	r3, [r4, #10]	@ movhi
ARM GAS  /tmp/cc9ZPbh0.s 			page 2


  58              	.L4:
  59 0014 10BD     		pop	{r4, pc}
  60              		.size	_ZN6uavcan20LimitedPoolAllocator10deallocateEPKv, .-_ZN6uavcan20LimitedPoolAllocator10deallo
  61              		.section	.text._ZNK6uavcan20LimitedPoolAllocator16getBlockCapacityEv,"ax",%progbits
  62              		.align	1
  63              		.global	_ZNK6uavcan20LimitedPoolAllocator16getBlockCapacityEv
  64              		.thumb
  65              		.thumb_func
  66              		.type	_ZNK6uavcan20LimitedPoolAllocator16getBlockCapacityEv, %function
  67              	_ZNK6uavcan20LimitedPoolAllocator16getBlockCapacityEv:
  68              		@ args = 0, pretend = 0, frame = 0
  69              		@ frame_needed = 0, uses_anonymous_args = 0
  70 0000 10B5     		push	{r4, lr}
  71 0002 0446     		mov	r4, r0
  72 0004 4068     		ldr	r0, [r0, #4]
  73 0006 0368     		ldr	r3, [r0]
  74 0008 1B69     		ldr	r3, [r3, #16]
  75 000a 9847     		blx	r3
  76 000c 2389     		ldrh	r3, [r4, #8]
  77 000e 9842     		cmp	r0, r3
  78 0010 28BF     		it	cs
  79 0012 1846     		movcs	r0, r3
  80 0014 80B2     		uxth	r0, r0
  81 0016 10BD     		pop	{r4, pc}
  82              		.size	_ZNK6uavcan20LimitedPoolAllocator16getBlockCapacityEv, .-_ZNK6uavcan20LimitedPoolAllocator16
  83              		.section	.text._ZN6uavcan20LimitedPoolAllocatorD2Ev,"axG",%progbits,_ZN6uavcan20LimitedPoolAllocat
  84              		.align	1
  85              		.weak	_ZN6uavcan20LimitedPoolAllocatorD2Ev
  86              		.thumb
  87              		.thumb_func
  88              		.type	_ZN6uavcan20LimitedPoolAllocatorD2Ev, %function
  89              	_ZN6uavcan20LimitedPoolAllocatorD2Ev:
  90              		@ args = 0, pretend = 0, frame = 0
  91              		@ frame_needed = 0, uses_anonymous_args = 0
  92              		@ link register save eliminated.
  93 0000 7047     		bx	lr
  94              		.size	_ZN6uavcan20LimitedPoolAllocatorD2Ev, .-_ZN6uavcan20LimitedPoolAllocatorD2Ev
  95              		.weak	_ZN6uavcan20LimitedPoolAllocatorD1Ev
  96              		.thumb_set _ZN6uavcan20LimitedPoolAllocatorD1Ev,_ZN6uavcan20LimitedPoolAllocatorD2Ev
  97              		.section	.text._ZN6uavcan20LimitedPoolAllocatorD0Ev,"axG",%progbits,_ZN6uavcan20LimitedPoolAllocat
  98              		.align	1
  99              		.weak	_ZN6uavcan20LimitedPoolAllocatorD0Ev
 100              		.thumb
 101              		.thumb_func
 102              		.type	_ZN6uavcan20LimitedPoolAllocatorD0Ev, %function
 103              	_ZN6uavcan20LimitedPoolAllocatorD0Ev:
 104              		@ args = 0, pretend = 0, frame = 0
 105              		@ frame_needed = 0, uses_anonymous_args = 0
 106 0000 10B5     		push	{r4, lr}
 107 0002 0446     		mov	r4, r0
 108 0004 FFF7FEFF 		bl	_ZdlPv
 109 0008 2046     		mov	r0, r4
 110 000a 10BD     		pop	{r4, pc}
 111              		.size	_ZN6uavcan20LimitedPoolAllocatorD0Ev, .-_ZN6uavcan20LimitedPoolAllocatorD0Ev
 112              		.global	_ZTVN6uavcan20LimitedPoolAllocatorE
 113              		.section	.rodata._ZTVN6uavcan20LimitedPoolAllocatorE,"a",%progbits
 114              		.align	3
ARM GAS  /tmp/cc9ZPbh0.s 			page 3


 115              		.type	_ZTVN6uavcan20LimitedPoolAllocatorE, %object
 116              		.size	_ZTVN6uavcan20LimitedPoolAllocatorE, 28
 117              	_ZTVN6uavcan20LimitedPoolAllocatorE:
 118 0000 00000000 		.word	0
 119 0004 00000000 		.word	0
 120 0008 00000000 		.word	_ZN6uavcan20LimitedPoolAllocatorD1Ev
 121 000c 00000000 		.word	_ZN6uavcan20LimitedPoolAllocatorD0Ev
 122 0010 00000000 		.word	_ZN6uavcan20LimitedPoolAllocator8allocateEj
 123 0014 00000000 		.word	_ZN6uavcan20LimitedPoolAllocator10deallocateEPKv
 124 0018 00000000 		.word	_ZNK6uavcan20LimitedPoolAllocator16getBlockCapacityEv
 125              		.ident	"GCC: (15:4.9.3+svn231177-1) 4.9.3 20150529 (prerelease)"
ARM GAS  /tmp/cc9ZPbh0.s 			page 4


DEFINED SYMBOLS
                            *ABS*:0000000000000000 uc_dynamic_memory.cpp
     /tmp/cc9ZPbh0.s:16     .text._ZN6uavcan20LimitedPoolAllocator8allocateEj:0000000000000000 $t
     /tmp/cc9ZPbh0.s:21     .text._ZN6uavcan20LimitedPoolAllocator8allocateEj:0000000000000000 _ZN6uavcan20LimitedPoolAllocator8allocateEj
     /tmp/cc9ZPbh0.s:40     .text._ZN6uavcan20LimitedPoolAllocator10deallocateEPKv:0000000000000000 $t
     /tmp/cc9ZPbh0.s:45     .text._ZN6uavcan20LimitedPoolAllocator10deallocateEPKv:0000000000000000 _ZN6uavcan20LimitedPoolAllocator10deallocateEPKv
     /tmp/cc9ZPbh0.s:62     .text._ZNK6uavcan20LimitedPoolAllocator16getBlockCapacityEv:0000000000000000 $t
     /tmp/cc9ZPbh0.s:67     .text._ZNK6uavcan20LimitedPoolAllocator16getBlockCapacityEv:0000000000000000 _ZNK6uavcan20LimitedPoolAllocator16getBlockCapacityEv
     /tmp/cc9ZPbh0.s:84     .text._ZN6uavcan20LimitedPoolAllocatorD2Ev:0000000000000000 $t
     /tmp/cc9ZPbh0.s:89     .text._ZN6uavcan20LimitedPoolAllocatorD2Ev:0000000000000000 _ZN6uavcan20LimitedPoolAllocatorD2Ev
     /tmp/cc9ZPbh0.s:89     .text._ZN6uavcan20LimitedPoolAllocatorD2Ev:0000000000000000 _ZN6uavcan20LimitedPoolAllocatorD1Ev
     /tmp/cc9ZPbh0.s:98     .text._ZN6uavcan20LimitedPoolAllocatorD0Ev:0000000000000000 $t
     /tmp/cc9ZPbh0.s:103    .text._ZN6uavcan20LimitedPoolAllocatorD0Ev:0000000000000000 _ZN6uavcan20LimitedPoolAllocatorD0Ev
     /tmp/cc9ZPbh0.s:117    .rodata._ZTVN6uavcan20LimitedPoolAllocatorE:0000000000000000 _ZTVN6uavcan20LimitedPoolAllocatorE
     /tmp/cc9ZPbh0.s:114    .rodata._ZTVN6uavcan20LimitedPoolAllocatorE:0000000000000000 $d
                           .group:0000000000000000 _ZN6uavcan20LimitedPoolAllocatorD5Ev

UNDEFINED SYMBOLS
_ZdlPv
