ARM GAS  /tmp/ccnhYidG.s 			page 1


   1              		.syntax unified
   2              		.cpu cortex-m3
   3              		.fpu softvfp
   4              		.eabi_attribute 20, 1
   5              		.eabi_attribute 21, 1
   6              		.eabi_attribute 23, 3
   7              		.eabi_attribute 24, 1
   8              		.eabi_attribute 25, 1
   9              		.eabi_attribute 26, 1
  10              		.eabi_attribute 30, 4
  11              		.eabi_attribute 34, 1
  12              		.eabi_attribute 18, 4
  13              		.thumb
  14              		.file	"uc_error.cpp"
  15              		.section	.text._ZN6uavcan16handleFatalErrorEPKc,"ax",%progbits
  16              		.align	1
  17              		.global	_ZN6uavcan16handleFatalErrorEPKc
  18              		.thumb
  19              		.thumb_func
  20              		.type	_ZN6uavcan16handleFatalErrorEPKc, %function
  21              	_ZN6uavcan16handleFatalErrorEPKc:
  22              		@ Volatile: function does not return.
  23              		@ args = 0, pretend = 0, frame = 0
  24              		@ frame_needed = 0, uses_anonymous_args = 0
  25 0000 08B5     		push	{r3, lr}
  26 0002 FFF7FEFF 		bl	abort
  27              		.size	_ZN6uavcan16handleFatalErrorEPKc, .-_ZN6uavcan16handleFatalErrorEPKc
  28              		.ident	"GCC: (15:4.9.3+svn231177-1) 4.9.3 20150529 (prerelease)"
ARM GAS  /tmp/ccnhYidG.s 			page 2


DEFINED SYMBOLS
                            *ABS*:0000000000000000 uc_error.cpp
     /tmp/ccnhYidG.s:16     .text._ZN6uavcan16handleFatalErrorEPKc:0000000000000000 $t
     /tmp/ccnhYidG.s:21     .text._ZN6uavcan16handleFatalErrorEPKc:0000000000000000 _ZN6uavcan16handleFatalErrorEPKc

UNDEFINED SYMBOLS
abort
