ARM GAS  /tmp/ccVpUR5g.s 			page 1


   1              		.syntax unified
   2              		.cpu cortex-m3
   3              		.fpu softvfp
   4              		.eabi_attribute 20, 1
   5              		.eabi_attribute 21, 1
   6              		.eabi_attribute 23, 3
   7              		.eabi_attribute 24, 1
   8              		.eabi_attribute 25, 1
   9              		.eabi_attribute 26, 1
  10              		.eabi_attribute 30, 4
  11              		.eabi_attribute 34, 1
  12              		.eabi_attribute 18, 4
  13              		.thumb
  14              		.file	"uc_frame.cpp"
  15              		.section	.text._ZN6uavcan5Frame10setPayloadEPKhj,"ax",%progbits
  16              		.align	1
  17              		.global	_ZN6uavcan5Frame10setPayloadEPKhj
  18              		.thumb
  19              		.thumb_func
  20              		.type	_ZN6uavcan5Frame10setPayloadEPKhj, %function
  21              	_ZN6uavcan5Frame10setPayloadEPKhj:
  22              		@ args = 0, pretend = 0, frame = 0
  23              		@ frame_needed = 0, uses_anonymous_args = 0
  24 0000 0346     		mov	r3, r0
  25 0002 072A     		cmp	r2, #7
  26 0004 28BF     		it	cs
  27 0006 0722     		movcs	r2, #7
  28 0008 30B5     		push	{r4, r5, lr}
  29 000a 8C18     		adds	r4, r1, r2
  30              	.L3:
  31 000c A142     		cmp	r1, r4
  32 000e 04D0     		beq	.L7
  33 0010 11F8015B 		ldrb	r5, [r1], #1	@ zero_extendqisi2
  34 0014 03F8015B 		strb	r5, [r3], #1
  35 0018 F8E7     		b	.L3
  36              	.L7:
  37 001a 0261     		str	r2, [r0, #16]
  38 001c D0B2     		uxtb	r0, r2
  39 001e 30BD     		pop	{r4, r5, pc}
  40              		.size	_ZN6uavcan5Frame10setPayloadEPKhj, .-_ZN6uavcan5Frame10setPayloadEPKhj
  41              		.section	.text._ZNK6uavcan5Frame7isValidEv,"ax",%progbits
  42              		.align	1
  43              		.global	_ZNK6uavcan5Frame7isValidEv
  44              		.thumb
  45              		.thumb_func
  46              		.type	_ZNK6uavcan5Frame7isValidEv, %function
  47              	_ZNK6uavcan5Frame7isValidEv:
  48              		@ args = 0, pretend = 0, frame = 0
  49              		@ frame_needed = 0, uses_anonymous_args = 0
  50 0000 38B5     		push	{r3, r4, r5, lr}
  51 0002 C57D     		ldrb	r5, [r0, #23]	@ zero_extendqisi2
  52 0004 0446     		mov	r4, r0
  53 0006 1DB1     		cbz	r5, .L9
  54 0008 437E     		ldrb	r3, [r0, #25]	@ zero_extendqisi2
  55 000a 0BB1     		cbz	r3, .L9
  56              	.L11:
  57 000c 0020     		movs	r0, #0
ARM GAS  /tmp/ccVpUR5g.s 			page 2


  58 000e 38BD     		pop	{r3, r4, r5, pc}
  59              	.L9:
  60 0010 227D     		ldrb	r2, [r4, #20]	@ zero_extendqisi2
  61 0012 D1B2     		uxtb	r1, r2
  62 0014 0B06     		lsls	r3, r1, #24
  63 0016 F9D4     		bmi	.L11
  64 0018 637D     		ldrb	r3, [r4, #21]	@ zero_extendqisi2
  65 001a 13F0800F 		tst	r3, #128
  66 001e F5D1     		bne	.L11
  67 0020 09B1     		cbz	r1, .L13
  68 0022 9A42     		cmp	r2, r3
  69 0024 F2D0     		beq	.L11
  70              	.L13:
  71 0026 217A     		ldrb	r1, [r4, #8]	@ zero_extendqisi2
  72 0028 0229     		cmp	r1, #2
  73 002a EFD8     		bhi	.L11
  74 002c B3FA83F3 		clz	r3, r3
  75 0030 0CBF     		ite	eq
  76 0032 0120     		moveq	r0, #1
  77 0034 0020     		movne	r0, #0
  78 0036 5B09     		lsrs	r3, r3, #5
  79 0038 8342     		cmp	r3, r0
  80 003a E7D1     		bne	.L11
  81 003c 32B9     		cbnz	r2, .L14
  82 003e 002D     		cmp	r5, #0
  83 0040 E4D0     		beq	.L11
  84 0042 237E     		ldrb	r3, [r4, #24]	@ zero_extendqisi2
  85 0044 002B     		cmp	r3, #0
  86 0046 E1D0     		beq	.L11
  87 0048 0229     		cmp	r1, #2
  88 004a DFD1     		bne	.L11
  89              	.L14:
  90 004c 2369     		ldr	r3, [r4, #16]
  91 004e 072B     		cmp	r3, #7
  92 0050 DCD8     		bhi	.L11
  93 0052 E568     		ldr	r5, [r4, #12]
  94 0054 FFF7FEFF 		bl	_ZN6uavcan10DataTypeID26getMaxValueForDataTypeKindENS_12DataTypeKindE
  95 0058 80B2     		uxth	r0, r0
  96 005a 8542     		cmp	r5, r0
  97 005c D6D8     		bhi	.L11
  98 005e E079     		ldrb	r0, [r4, #7]	@ zero_extendqisi2
  99 0060 1F28     		cmp	r0, #31
 100 0062 8CBF     		ite	hi
 101 0064 0020     		movhi	r0, #0
 102 0066 0120     		movls	r0, #1
 103 0068 38BD     		pop	{r3, r4, r5, pc}
 104              		.size	_ZNK6uavcan5Frame7isValidEv, .-_ZNK6uavcan5Frame7isValidEv
 105              		.section	.text._ZN6uavcan5Frame5parseERKNS_8CanFrameE,"ax",%progbits
 106              		.align	1
 107              		.global	_ZN6uavcan5Frame5parseERKNS_8CanFrameE
 108              		.thumb
 109              		.thumb_func
 110              		.type	_ZN6uavcan5Frame5parseERKNS_8CanFrameE, %function
 111              	_ZN6uavcan5Frame5parseERKNS_8CanFrameE:
 112              		@ args = 0, pretend = 0, frame = 0
 113              		@ frame_needed = 0, uses_anonymous_args = 0
 114 0000 0B68     		ldr	r3, [r1]
ARM GAS  /tmp/ccVpUR5g.s 			page 3


 115 0002 30B5     		push	{r4, r5, lr}
 116 0004 13F0C04F 		tst	r3, #1610612736
 117 0008 46D1     		bne	.L46
 118 000a 002B     		cmp	r3, #0
 119 000c 44DA     		bge	.L46
 120 000e 0A7B     		ldrb	r2, [r1, #12]	@ zero_extendqisi2
 121 0010 013A     		subs	r2, r2, #1
 122 0012 072A     		cmp	r2, #7
 123 0014 40D8     		bhi	.L46
 124 0016 23F06044 		bic	r4, r3, #-536870912
 125 001a 220E     		lsrs	r2, r4, #24
 126 001c C271     		strb	r2, [r0, #7]
 127 001e 14F0800F 		tst	r4, #128
 128 0022 03F07F02 		and	r2, r3, #127
 129 0026 0275     		strb	r2, [r0, #20]
 130 0028 4FEA1423 		lsr	r3, r4, #8
 131 002c 09D0     		beq	.L37
 132 002e C4F3C032 		ubfx	r2, r4, #15, #1
 133 0032 03F07F03 		and	r3, r3, #127
 134 0036 C4F30744 		ubfx	r4, r4, #16, #8
 135 003a 0272     		strb	r2, [r0, #8]
 136 003c 4375     		strb	r3, [r0, #21]
 137 003e C460     		str	r4, [r0, #12]
 138 0040 09E0     		b	.L38
 139              	.L37:
 140 0042 0224     		movs	r4, #2
 141 0044 0472     		strb	r4, [r0, #8]
 142 0046 154C     		ldr	r4, .L51
 143 0048 9BB2     		uxth	r3, r3
 144 004a 2478     		ldrb	r4, [r4]	@ zero_extendqisi2
 145 004c 4475     		strb	r4, [r0, #21]
 146 004e 0AB9     		cbnz	r2, .L49
 147 0050 03F00303 		and	r3, r3, #3
 148              	.L49:
 149 0054 C360     		str	r3, [r0, #12]
 150              	.L38:
 151 0056 0446     		mov	r4, r0
 152 0058 0B7B     		ldrb	r3, [r1, #12]	@ zero_extendqisi2
 153 005a 0A1D     		adds	r2, r1, #4
 154 005c 013B     		subs	r3, r3, #1
 155 005e DBB2     		uxtb	r3, r3
 156 0060 0361     		str	r3, [r0, #16]
 157 0062 0B44     		add	r3, r3, r1
 158 0064 0433     		adds	r3, r3, #4
 159              	.L40:
 160 0066 9A42     		cmp	r2, r3
 161 0068 04D0     		beq	.L50
 162 006a 12F8015B 		ldrb	r5, [r2], #1	@ zero_extendqisi2
 163 006e 04F8015B 		strb	r5, [r4], #1
 164 0072 F8E7     		b	.L40
 165              	.L50:
 166 0074 0B7B     		ldrb	r3, [r1, #12]	@ zero_extendqisi2
 167 0076 1944     		add	r1, r1, r3
 168 0078 CB78     		ldrb	r3, [r1, #3]	@ zero_extendqisi2
 169 007a DA09     		lsrs	r2, r3, #7
 170 007c C275     		strb	r2, [r0, #23]
 171 007e C3F38012 		ubfx	r2, r3, #6, #1
ARM GAS  /tmp/ccVpUR5g.s 			page 4


 172 0082 0276     		strb	r2, [r0, #24]
 173 0084 C3F34012 		ubfx	r2, r3, #5, #1
 174 0088 03F01F03 		and	r3, r3, #31
 175 008c 8375     		strb	r3, [r0, #22]
 176 008e 4276     		strb	r2, [r0, #25]
 177 0090 BDE83040 		pop	{r4, r5, lr}
 178 0094 FFF7FEBF 		b	_ZNK6uavcan5Frame7isValidEv
 179              	.L46:
 180 0098 0020     		movs	r0, #0
 181 009a 30BD     		pop	{r4, r5, pc}
 182              	.L52:
 183              		.align	2
 184              	.L51:
 185 009c 00000000 		.word	_ZN6uavcan6NodeID9BroadcastE
 186              		.size	_ZN6uavcan5Frame5parseERKNS_8CanFrameE, .-_ZN6uavcan5Frame5parseERKNS_8CanFrameE
 187              		.section	.text._ZNK6uavcan5Frame7compileERNS_8CanFrameE,"ax",%progbits
 188              		.align	1
 189              		.global	_ZNK6uavcan5Frame7compileERNS_8CanFrameE
 190              		.thumb
 191              		.thumb_func
 192              		.type	_ZNK6uavcan5Frame7compileERNS_8CanFrameE, %function
 193              	_ZNK6uavcan5Frame7compileERNS_8CanFrameE:
 194              		@ args = 0, pretend = 0, frame = 0
 195              		@ frame_needed = 0, uses_anonymous_args = 0
 196 0000 F8B5     		push	{r3, r4, r5, r6, r7, lr}
 197 0002 0446     		mov	r4, r0
 198 0004 0D46     		mov	r5, r1
 199 0006 FFF7FEFF 		bl	_ZNK6uavcan5Frame7isValidEv
 200 000a 0028     		cmp	r0, #0
 201 000c 5BD0     		beq	.L54
 202 000e 237D     		ldrb	r3, [r4, #20]	@ zero_extendqisi2
 203 0010 E168     		ldr	r1, [r4, #12]
 204 0012 03F07F03 		and	r3, r3, #127
 205 0016 43F00042 		orr	r2, r3, #-2147483648
 206 001a E379     		ldrb	r3, [r4, #7]	@ zero_extendqisi2
 207 001c 03F01F03 		and	r3, r3, #31
 208 0020 42EA0363 		orr	r3, r2, r3, lsl #24
 209 0024 227A     		ldrb	r2, [r4, #8]	@ zero_extendqisi2
 210 0026 2B60     		str	r3, [r5]
 211 0028 022A     		cmp	r2, #2
 212 002a 03D1     		bne	.L55
 213 002c 89B2     		uxth	r1, r1
 214 002e 43EA0123 		orr	r3, r3, r1, lsl #8
 215 0032 0EE0     		b	.L76
 216              	.L55:
 217 0034 571E     		subs	r7, r2, #1
 218 0036 667D     		ldrb	r6, [r4, #21]	@ zero_extendqisi2
 219 0038 7A42     		rsbs	r2, r7, #0
 220 003a 7A41     		adcs	r2, r2, r7
 221 003c 06F07F06 		and	r6, r6, #127
 222 0040 D203     		lsls	r2, r2, #15
 223 0042 42EA0622 		orr	r2, r2, r6, lsl #8
 224 0046 42F08002 		orr	r2, r2, #128
 225 004a 1343     		orrs	r3, r3, r2
 226 004c C9B2     		uxtb	r1, r1
 227 004e 43EA0143 		orr	r3, r3, r1, lsl #16
 228              	.L76:
ARM GAS  /tmp/ccVpUR5g.s 			page 5


 229 0052 2B60     		str	r3, [r5]
 230 0054 E37D     		ldrb	r3, [r4, #23]	@ zero_extendqisi2
 231 0056 A27D     		ldrb	r2, [r4, #22]	@ zero_extendqisi2
 232 0058 0BB1     		cbz	r3, .L57
 233 005a 42F08002 		orr	r2, r2, #128
 234              	.L57:
 235 005e 237E     		ldrb	r3, [r4, #24]	@ zero_extendqisi2
 236 0060 0BB1     		cbz	r3, .L58
 237 0062 42F04002 		orr	r2, r2, #64
 238              	.L58:
 239 0066 637E     		ldrb	r3, [r4, #25]	@ zero_extendqisi2
 240 0068 0BB1     		cbz	r3, .L59
 241 006a 42F02002 		orr	r2, r2, #32
 242              	.L59:
 243 006e 291D     		adds	r1, r5, #4
 244 0070 2646     		mov	r6, r4
 245 0072 0F46     		mov	r7, r1
 246 0074 2369     		ldr	r3, [r4, #16]
 247 0076 2B73     		strb	r3, [r5, #12]
 248 0078 2369     		ldr	r3, [r4, #16]
 249 007a 2344     		add	r3, r3, r4
 250              	.L60:
 251 007c 9E42     		cmp	r6, r3
 252 007e 04D0     		beq	.L77
 253 0080 16F801EB 		ldrb	lr, [r6], #1	@ zero_extendqisi2
 254 0084 07F801EB 		strb	lr, [r7], #1
 255 0088 F8E7     		b	.L60
 256              	.L77:
 257 008a 2B7B     		ldrb	r3, [r5, #12]	@ zero_extendqisi2
 258 008c EE18     		adds	r6, r5, r3
 259 008e 0133     		adds	r3, r3, #1
 260 0090 DBB2     		uxtb	r3, r3
 261 0092 3271     		strb	r2, [r6, #4]
 262 0094 2B73     		strb	r3, [r5, #12]
 263 0096 227D     		ldrb	r2, [r4, #20]	@ zero_extendqisi2
 264 0098 AAB9     		cbnz	r2, .L54
 265 009a 4FF6FF72 		movw	r2, #65535
 266 009e 0B44     		add	r3, r3, r1
 267              	.L62:
 268 00a0 9942     		cmp	r1, r3
 269 00a2 0AD0     		beq	.L78
 270 00a4 11F8014B 		ldrb	r4, [r1], #1	@ zero_extendqisi2
 271 00a8 074E     		ldr	r6, .L79
 272 00aa 84EA1224 		eor	r4, r4, r2, lsr #8
 273 00ae 36F81440 		ldrh	r4, [r6, r4, lsl #1]
 274 00b2 84EA0222 		eor	r2, r4, r2, lsl #8
 275 00b6 92B2     		uxth	r2, r2
 276 00b8 F2E7     		b	.L62
 277              	.L78:
 278 00ba 2B68     		ldr	r3, [r5]
 279 00bc C2F30D02 		ubfx	r2, r2, #0, #14
 280 00c0 43EA8222 		orr	r2, r3, r2, lsl #10
 281 00c4 2A60     		str	r2, [r5]
 282              	.L54:
 283 00c6 F8BD     		pop	{r3, r4, r5, r6, r7, pc}
 284              	.L80:
 285              		.align	2
ARM GAS  /tmp/ccVpUR5g.s 			page 6


 286              	.L79:
 287 00c8 00000000 		.word	_ZN6uavcan11TransferCRC5TableE
 288              		.size	_ZNK6uavcan5Frame7compileERNS_8CanFrameE, .-_ZNK6uavcan5Frame7compileERNS_8CanFrameE
 289              		.section	.text._ZNK6uavcan5FrameeqERKS0_,"ax",%progbits
 290              		.align	1
 291              		.global	_ZNK6uavcan5FrameeqERKS0_
 292              		.thumb
 293              		.thumb_func
 294              		.type	_ZNK6uavcan5FrameeqERKS0_, %function
 295              	_ZNK6uavcan5FrameeqERKS0_:
 296              		@ args = 0, pretend = 0, frame = 0
 297              		@ frame_needed = 0, uses_anonymous_args = 0
 298 0000 10B5     		push	{r4, lr}
 299 0002 C279     		ldrb	r2, [r0, #7]	@ zero_extendqisi2
 300 0004 CB79     		ldrb	r3, [r1, #7]	@ zero_extendqisi2
 301 0006 9A42     		cmp	r2, r3
 302 0008 30D1     		bne	.L95
 303 000a 027A     		ldrb	r2, [r0, #8]	@ zero_extendqisi2
 304 000c 0B7A     		ldrb	r3, [r1, #8]	@ zero_extendqisi2
 305 000e 9A42     		cmp	r2, r3
 306 0010 2CD1     		bne	.L95
 307 0012 C268     		ldr	r2, [r0, #12]
 308 0014 CB68     		ldr	r3, [r1, #12]
 309 0016 9A42     		cmp	r2, r3
 310 0018 28D1     		bne	.L95
 311 001a 027D     		ldrb	r2, [r0, #20]	@ zero_extendqisi2
 312 001c 0B7D     		ldrb	r3, [r1, #20]	@ zero_extendqisi2
 313 001e 9A42     		cmp	r2, r3
 314 0020 24D1     		bne	.L95
 315 0022 427D     		ldrb	r2, [r0, #21]	@ zero_extendqisi2
 316 0024 4B7D     		ldrb	r3, [r1, #21]	@ zero_extendqisi2
 317 0026 9A42     		cmp	r2, r3
 318 0028 20D1     		bne	.L95
 319 002a 827D     		ldrb	r2, [r0, #22]	@ zero_extendqisi2
 320 002c 8B7D     		ldrb	r3, [r1, #22]	@ zero_extendqisi2
 321 002e 9A42     		cmp	r2, r3
 322 0030 1CD1     		bne	.L95
 323 0032 427E     		ldrb	r2, [r0, #25]	@ zero_extendqisi2
 324 0034 4B7E     		ldrb	r3, [r1, #25]	@ zero_extendqisi2
 325 0036 9A42     		cmp	r2, r3
 326 0038 18D1     		bne	.L95
 327 003a C27D     		ldrb	r2, [r0, #23]	@ zero_extendqisi2
 328 003c CB7D     		ldrb	r3, [r1, #23]	@ zero_extendqisi2
 329 003e 9A42     		cmp	r2, r3
 330 0040 14D1     		bne	.L95
 331 0042 027E     		ldrb	r2, [r0, #24]	@ zero_extendqisi2
 332 0044 0B7E     		ldrb	r3, [r1, #24]	@ zero_extendqisi2
 333 0046 9A42     		cmp	r2, r3
 334 0048 10D1     		bne	.L95
 335 004a 0369     		ldr	r3, [r0, #16]
 336 004c 0A69     		ldr	r2, [r1, #16]
 337 004e 9342     		cmp	r3, r2
 338 0050 0CD1     		bne	.L95
 339 0052 0344     		add	r3, r3, r0
 340 0054 0139     		subs	r1, r1, #1
 341              	.L83:
 342 0056 9842     		cmp	r0, r3
ARM GAS  /tmp/ccVpUR5g.s 			page 7


 343 0058 06D0     		beq	.L96
 344 005a 0478     		ldrb	r4, [r0]	@ zero_extendqisi2
 345 005c 11F8012F 		ldrb	r2, [r1, #1]!	@ zero_extendqisi2
 346 0060 9442     		cmp	r4, r2
 347 0062 03D1     		bne	.L95
 348 0064 0130     		adds	r0, r0, #1
 349 0066 F6E7     		b	.L83
 350              	.L96:
 351 0068 0120     		movs	r0, #1
 352 006a 10BD     		pop	{r4, pc}
 353              	.L95:
 354 006c 0020     		movs	r0, #0
 355 006e 10BD     		pop	{r4, pc}
 356              		.size	_ZNK6uavcan5FrameeqERKS0_, .-_ZNK6uavcan5FrameeqERKS0_
 357              		.section	.text._ZN6uavcan7RxFrame5parseERKNS_10CanRxFrameE,"ax",%progbits
 358              		.align	1
 359              		.global	_ZN6uavcan7RxFrame5parseERKNS_10CanRxFrameE
 360              		.thumb
 361              		.thumb_func
 362              		.type	_ZN6uavcan7RxFrame5parseERKNS_10CanRxFrameE, %function
 363              	_ZN6uavcan7RxFrame5parseERKNS_10CanRxFrameE:
 364              		@ args = 0, pretend = 0, frame = 0
 365              		@ frame_needed = 0, uses_anonymous_args = 0
 366 0000 38B5     		push	{r3, r4, r5, lr}
 367 0002 0546     		mov	r5, r0
 368 0004 0C46     		mov	r4, r1
 369 0006 FFF7FEFF 		bl	_ZN6uavcan5Frame5parseERKNS_8CanFrameE
 370 000a 0346     		mov	r3, r0
 371 000c C8B1     		cbz	r0, .L98
 372 000e D4E90401 		ldrd	r0, [r4, #16]
 373 0012 50EA0102 		orrs	r2, r0, r1
 374 0016 1FBF     		itttt	ne
 375 0018 05F12002 		addne	r2, r5, #32
 376 001c 04F11001 		addne	r1, r4, #16
 377 0020 03C9     		ldmiane	r1, {r0, r1}
 378 0022 82E80300 		stmiane	r2, {r0, r1}
 379 0026 1FBF     		itttt	ne
 380 0028 05F12802 		addne	r2, r5, #40
 381 002c 04F11801 		addne	r1, r4, #24
 382 0030 03C9     		ldmiane	r1, {r0, r1}
 383 0032 82E80300 		stmiane	r2, {r0, r1}
 384 0036 16BF     		itet	ne
 385 0038 94F82020 		ldrbne	r2, [r4, #32]	@ zero_extendqisi2
 386 003c 0023     		moveq	r3, #0
 387 003e 85F83020 		strbne	r2, [r5, #48]
 388              	.L98:
 389 0042 1846     		mov	r0, r3
 390 0044 38BD     		pop	{r3, r4, r5, pc}
 391              		.size	_ZN6uavcan7RxFrame5parseERKNS_10CanRxFrameE, .-_ZN6uavcan7RxFrame5parseERKNS_10CanRxFrameE
 392              		.ident	"GCC: (15:4.9.3+svn231177-1) 4.9.3 20150529 (prerelease)"
ARM GAS  /tmp/ccVpUR5g.s 			page 8


DEFINED SYMBOLS
                            *ABS*:0000000000000000 uc_frame.cpp
     /tmp/ccVpUR5g.s:16     .text._ZN6uavcan5Frame10setPayloadEPKhj:0000000000000000 $t
     /tmp/ccVpUR5g.s:21     .text._ZN6uavcan5Frame10setPayloadEPKhj:0000000000000000 _ZN6uavcan5Frame10setPayloadEPKhj
     /tmp/ccVpUR5g.s:42     .text._ZNK6uavcan5Frame7isValidEv:0000000000000000 $t
     /tmp/ccVpUR5g.s:47     .text._ZNK6uavcan5Frame7isValidEv:0000000000000000 _ZNK6uavcan5Frame7isValidEv
     /tmp/ccVpUR5g.s:106    .text._ZN6uavcan5Frame5parseERKNS_8CanFrameE:0000000000000000 $t
     /tmp/ccVpUR5g.s:111    .text._ZN6uavcan5Frame5parseERKNS_8CanFrameE:0000000000000000 _ZN6uavcan5Frame5parseERKNS_8CanFrameE
     /tmp/ccVpUR5g.s:185    .text._ZN6uavcan5Frame5parseERKNS_8CanFrameE:000000000000009c $d
     /tmp/ccVpUR5g.s:188    .text._ZNK6uavcan5Frame7compileERNS_8CanFrameE:0000000000000000 $t
     /tmp/ccVpUR5g.s:193    .text._ZNK6uavcan5Frame7compileERNS_8CanFrameE:0000000000000000 _ZNK6uavcan5Frame7compileERNS_8CanFrameE
     /tmp/ccVpUR5g.s:287    .text._ZNK6uavcan5Frame7compileERNS_8CanFrameE:00000000000000c8 $d
     /tmp/ccVpUR5g.s:290    .text._ZNK6uavcan5FrameeqERKS0_:0000000000000000 $t
     /tmp/ccVpUR5g.s:295    .text._ZNK6uavcan5FrameeqERKS0_:0000000000000000 _ZNK6uavcan5FrameeqERKS0_
     /tmp/ccVpUR5g.s:358    .text._ZN6uavcan7RxFrame5parseERKNS_10CanRxFrameE:0000000000000000 $t
     /tmp/ccVpUR5g.s:363    .text._ZN6uavcan7RxFrame5parseERKNS_10CanRxFrameE:0000000000000000 _ZN6uavcan7RxFrame5parseERKNS_10CanRxFrameE

UNDEFINED SYMBOLS
_ZN6uavcan10DataTypeID26getMaxValueForDataTypeKindENS_12DataTypeKindE
_ZN6uavcan6NodeID9BroadcastE
_ZN6uavcan11TransferCRC5TableE
