ARM GAS  /tmp/ccjio1KC.s 			page 1


   1              		.syntax unified
   2              		.cpu cortex-m3
   3              		.fpu softvfp
   4              		.eabi_attribute 20, 1
   5              		.eabi_attribute 21, 1
   6              		.eabi_attribute 23, 3
   7              		.eabi_attribute 24, 1
   8              		.eabi_attribute 25, 1
   9              		.eabi_attribute 26, 1
  10              		.eabi_attribute 30, 4
  11              		.eabi_attribute 34, 1
  12              		.eabi_attribute 18, 4
  13              		.thumb
  14              		.file	"uc_global_data_type_registry.cpp"
  15              		.section	.text._ZN6uavcan22GlobalDataTypeRegistryD2Ev,"axG",%progbits,_ZN6uavcan22GlobalDataTypeRe
  16              		.align	1
  17              		.weak	_ZN6uavcan22GlobalDataTypeRegistryD2Ev
  18              		.thumb
  19              		.thumb_func
  20              		.type	_ZN6uavcan22GlobalDataTypeRegistryD2Ev, %function
  21              	_ZN6uavcan22GlobalDataTypeRegistryD2Ev:
  22              		@ args = 0, pretend = 0, frame = 0
  23              		@ frame_needed = 0, uses_anonymous_args = 0
  24              		@ link register save eliminated.
  25 0000 7047     		bx	lr
  26              		.size	_ZN6uavcan22GlobalDataTypeRegistryD2Ev, .-_ZN6uavcan22GlobalDataTypeRegistryD2Ev
  27              		.weak	_ZN6uavcan22GlobalDataTypeRegistryD1Ev
  28              		.thumb_set _ZN6uavcan22GlobalDataTypeRegistryD1Ev,_ZN6uavcan22GlobalDataTypeRegistryD2Ev
  29              		.section	.text._ZNK6uavcan22GlobalDataTypeRegistry10selectListENS_12DataTypeKindE,"ax",%progbits
  30              		.align	1
  31              		.global	_ZNK6uavcan22GlobalDataTypeRegistry10selectListENS_12DataTypeKindE
  32              		.thumb
  33              		.thumb_func
  34              		.type	_ZNK6uavcan22GlobalDataTypeRegistry10selectListENS_12DataTypeKindE, %function
  35              	_ZNK6uavcan22GlobalDataTypeRegistry10selectListENS_12DataTypeKindE:
  36              		@ args = 0, pretend = 0, frame = 0
  37              		@ frame_needed = 0, uses_anonymous_args = 0
  38              		@ link register save eliminated.
  39 0000 0129     		cmp	r1, #1
  40 0002 03D0     		beq	.L4
  41 0004 09B9     		cbnz	r1, .L5
  42 0006 0430     		adds	r0, r0, #4
  43 0008 7047     		bx	lr
  44              	.L5:
  45 000a 0020     		movs	r0, #0
  46              	.L4:
  47 000c 7047     		bx	lr
  48              		.size	_ZNK6uavcan22GlobalDataTypeRegistry10selectListENS_12DataTypeKindE, .-_ZNK6uavcan22GlobalDat
  49              		.section	.text._ZN6uavcan22GlobalDataTypeRegistry8instanceEv,"ax",%progbits
  50              		.align	1
  51              		.global	_ZN6uavcan22GlobalDataTypeRegistry8instanceEv
  52              		.thumb
  53              		.thumb_func
  54              		.type	_ZN6uavcan22GlobalDataTypeRegistry8instanceEv, %function
  55              	_ZN6uavcan22GlobalDataTypeRegistry8instanceEv:
  56              		@ args = 0, pretend = 0, frame = 0
  57              		@ frame_needed = 0, uses_anonymous_args = 0
ARM GAS  /tmp/ccjio1KC.s 			page 2


  58 0000 084A     		ldr	r2, .L9
  59 0002 08B5     		push	{r3, lr}
  60 0004 1368     		ldr	r3, [r2]
  61 0006 13F00103 		ands	r3, r3, #1
  62 000a 09D1     		bne	.L8
  63 000c 0648     		ldr	r0, .L9+4
  64 000e 0749     		ldr	r1, .L9+8
  65 0010 0360     		str	r3, [r0]
  66 0012 4360     		str	r3, [r0, #4]
  67 0014 0372     		strb	r3, [r0, #8]
  68 0016 0123     		movs	r3, #1
  69 0018 1360     		str	r3, [r2]
  70 001a 054A     		ldr	r2, .L9+12
  71 001c FFF7FEFF 		bl	__aeabi_atexit
  72              	.L8:
  73 0020 0148     		ldr	r0, .L9+4
  74 0022 08BD     		pop	{r3, pc}
  75              	.L10:
  76              		.align	2
  77              	.L9:
  78 0024 00000000 		.word	.LANCHOR0
  79 0028 00000000 		.word	.LANCHOR1
  80 002c 00000000 		.word	_ZN6uavcan22GlobalDataTypeRegistryD1Ev
  81 0030 00000000 		.word	__dso_handle
  82              		.size	_ZN6uavcan22GlobalDataTypeRegistry8instanceEv, .-_ZN6uavcan22GlobalDataTypeRegistry8instance
  83              		.section	.text._ZN6uavcan22GlobalDataTypeRegistry6freezeEv,"ax",%progbits
  84              		.align	1
  85              		.global	_ZN6uavcan22GlobalDataTypeRegistry6freezeEv
  86              		.thumb
  87              		.thumb_func
  88              		.type	_ZN6uavcan22GlobalDataTypeRegistry6freezeEv, %function
  89              	_ZN6uavcan22GlobalDataTypeRegistry6freezeEv:
  90              		@ args = 0, pretend = 0, frame = 0
  91              		@ frame_needed = 0, uses_anonymous_args = 0
  92              		@ link register save eliminated.
  93 0000 037A     		ldrb	r3, [r0, #8]	@ zero_extendqisi2
  94 0002 0BB9     		cbnz	r3, .L11
  95 0004 0123     		movs	r3, #1
  96 0006 0372     		strb	r3, [r0, #8]
  97              	.L11:
  98 0008 7047     		bx	lr
  99              		.size	_ZN6uavcan22GlobalDataTypeRegistry6freezeEv, .-_ZN6uavcan22GlobalDataTypeRegistry6freezeEv
 100              		.section	.text._ZNK6uavcan22GlobalDataTypeRegistry4findENS_12DataTypeKindEPKc,"ax",%progbits
 101              		.align	1
 102              		.global	_ZNK6uavcan22GlobalDataTypeRegistry4findENS_12DataTypeKindEPKc
 103              		.thumb
 104              		.thumb_func
 105              		.type	_ZNK6uavcan22GlobalDataTypeRegistry4findENS_12DataTypeKindEPKc, %function
 106              	_ZNK6uavcan22GlobalDataTypeRegistry4findENS_12DataTypeKindEPKc:
 107              		@ args = 0, pretend = 0, frame = 0
 108              		@ frame_needed = 0, uses_anonymous_args = 0
 109 0000 F8B5     		push	{r3, r4, r5, r6, r7, lr}
 110 0002 0E46     		mov	r6, r1
 111 0004 1746     		mov	r7, r2
 112 0006 0AB9     		cbnz	r2, .L14
 113              	.L18:
 114 0008 0020     		movs	r0, #0
ARM GAS  /tmp/ccjio1KC.s 			page 3


 115 000a F8BD     		pop	{r3, r4, r5, r6, r7, pc}
 116              	.L14:
 117 000c 0129     		cmp	r1, #1
 118 000e 02D0     		beq	.L17
 119 0010 0029     		cmp	r1, #0
 120 0012 F9D1     		bne	.L18
 121 0014 0430     		adds	r0, r0, #4
 122              	.L17:
 123 0016 0028     		cmp	r0, #0
 124 0018 F6D0     		beq	.L18
 125 001a 0568     		ldr	r5, [r0]
 126              	.L19:
 127 001c 002D     		cmp	r5, #0
 128 001e F3D0     		beq	.L18
 129 0020 05F10804 		add	r4, r5, #8
 130 0024 2046     		mov	r0, r4
 131 0026 3146     		mov	r1, r6
 132 0028 3A46     		mov	r2, r7
 133 002a FFF7FEFF 		bl	_ZNK6uavcan18DataTypeDescriptor5matchENS_12DataTypeKindEPKc
 134 002e 08B9     		cbnz	r0, .L21
 135 0030 2D68     		ldr	r5, [r5]
 136 0032 F3E7     		b	.L19
 137              	.L21:
 138 0034 2046     		mov	r0, r4
 139 0036 F8BD     		pop	{r3, r4, r5, r6, r7, pc}
 140              		.size	_ZNK6uavcan22GlobalDataTypeRegistry4findENS_12DataTypeKindEPKc, .-_ZNK6uavcan22GlobalDataTyp
 141              		.section	.text._ZNK6uavcan22GlobalDataTypeRegistry4findEPKc,"ax",%progbits
 142              		.align	1
 143              		.global	_ZNK6uavcan22GlobalDataTypeRegistry4findEPKc
 144              		.thumb
 145              		.thumb_func
 146              		.type	_ZNK6uavcan22GlobalDataTypeRegistry4findEPKc, %function
 147              	_ZNK6uavcan22GlobalDataTypeRegistry4findEPKc:
 148              		@ args = 0, pretend = 0, frame = 0
 149              		@ frame_needed = 0, uses_anonymous_args = 0
 150 0000 38B5     		push	{r3, r4, r5, lr}
 151 0002 0C46     		mov	r4, r1
 152 0004 0121     		movs	r1, #1
 153 0006 2246     		mov	r2, r4
 154 0008 0546     		mov	r5, r0
 155 000a FFF7FEFF 		bl	_ZNK6uavcan22GlobalDataTypeRegistry4findENS_12DataTypeKindEPKc
 156 000e 0146     		mov	r1, r0
 157 0010 28B9     		cbnz	r0, .L26
 158 0012 2846     		mov	r0, r5
 159 0014 2246     		mov	r2, r4
 160 0016 BDE83840 		pop	{r3, r4, r5, lr}
 161 001a FFF7FEBF 		b	_ZNK6uavcan22GlobalDataTypeRegistry4findENS_12DataTypeKindEPKc
 162              	.L26:
 163 001e 38BD     		pop	{r3, r4, r5, pc}
 164              		.size	_ZNK6uavcan22GlobalDataTypeRegistry4findEPKc, .-_ZNK6uavcan22GlobalDataTypeRegistry4findEPKc
 165              		.section	.text._ZNK6uavcan22GlobalDataTypeRegistry4findENS_12DataTypeKindENS_10DataTypeIDE,"ax",%p
 166              		.align	1
 167              		.global	_ZNK6uavcan22GlobalDataTypeRegistry4findENS_12DataTypeKindENS_10DataTypeIDE
 168              		.thumb
 169              		.thumb_func
 170              		.type	_ZNK6uavcan22GlobalDataTypeRegistry4findENS_12DataTypeKindENS_10DataTypeIDE, %function
 171              	_ZNK6uavcan22GlobalDataTypeRegistry4findENS_12DataTypeKindENS_10DataTypeIDE:
ARM GAS  /tmp/ccjio1KC.s 			page 4


 172              		@ args = 0, pretend = 0, frame = 0
 173              		@ frame_needed = 0, uses_anonymous_args = 0
 174 0000 0129     		cmp	r1, #1
 175 0002 F8B5     		push	{r3, r4, r5, r6, r7, lr}
 176 0004 0E46     		mov	r6, r1
 177 0006 1746     		mov	r7, r2
 178 0008 03D0     		beq	.L29
 179 000a 09B1     		cbz	r1, .L30
 180              	.L32:
 181 000c 0020     		movs	r0, #0
 182 000e F8BD     		pop	{r3, r4, r5, r6, r7, pc}
 183              	.L30:
 184 0010 0430     		adds	r0, r0, #4
 185              	.L29:
 186 0012 0028     		cmp	r0, #0
 187 0014 FAD0     		beq	.L32
 188 0016 0568     		ldr	r5, [r0]
 189              	.L33:
 190 0018 002D     		cmp	r5, #0
 191 001a F7D0     		beq	.L32
 192 001c 05F10804 		add	r4, r5, #8
 193 0020 2046     		mov	r0, r4
 194 0022 3146     		mov	r1, r6
 195 0024 3A46     		mov	r2, r7
 196 0026 FFF7FEFF 		bl	_ZNK6uavcan18DataTypeDescriptor5matchENS_12DataTypeKindENS_10DataTypeIDE
 197 002a 08B9     		cbnz	r0, .L35
 198 002c 2D68     		ldr	r5, [r5]
 199 002e F3E7     		b	.L33
 200              	.L35:
 201 0030 2046     		mov	r0, r4
 202 0032 F8BD     		pop	{r3, r4, r5, r6, r7, pc}
 203              		.size	_ZNK6uavcan22GlobalDataTypeRegistry4findENS_12DataTypeKindENS_10DataTypeIDE, .-_ZNK6uavcan22
 204              		.section	.text._ZN6uavcan14LinkedListRootINS_22GlobalDataTypeRegistry5EntryEE6removeEPKS2_,"axG",%
 205              		.align	1
 206              		.weak	_ZN6uavcan14LinkedListRootINS_22GlobalDataTypeRegistry5EntryEE6removeEPKS2_
 207              		.thumb
 208              		.thumb_func
 209              		.type	_ZN6uavcan14LinkedListRootINS_22GlobalDataTypeRegistry5EntryEE6removeEPKS2_, %function
 210              	_ZN6uavcan14LinkedListRootINS_22GlobalDataTypeRegistry5EntryEE6removeEPKS2_:
 211              		@ args = 0, pretend = 0, frame = 0
 212              		@ frame_needed = 0, uses_anonymous_args = 0
 213              		@ link register save eliminated.
 214 0000 0368     		ldr	r3, [r0]
 215 0002 6BB1     		cbz	r3, .L39
 216 0004 61B1     		cbz	r1, .L39
 217 0006 8B42     		cmp	r3, r1
 218 0008 03D1     		bne	.L42
 219 000a 1B68     		ldr	r3, [r3]
 220 000c 0360     		str	r3, [r0]
 221 000e 7047     		bx	lr
 222              	.L44:
 223 0010 1346     		mov	r3, r2
 224              	.L42:
 225 0012 1A68     		ldr	r2, [r3]
 226 0014 22B1     		cbz	r2, .L39
 227 0016 8A42     		cmp	r2, r1
 228 0018 FAD1     		bne	.L44
ARM GAS  /tmp/ccjio1KC.s 			page 5


 229 001a 0A68     		ldr	r2, [r1]
 230 001c 1A60     		str	r2, [r3]
 231 001e 7047     		bx	lr
 232              	.L39:
 233 0020 7047     		bx	lr
 234              		.size	_ZN6uavcan14LinkedListRootINS_22GlobalDataTypeRegistry5EntryEE6removeEPKS2_, .-_ZN6uavcan14L
 235              		.section	.text._ZN6uavcan22GlobalDataTypeRegistry6removeEPNS0_5EntryE,"ax",%progbits
 236              		.align	1
 237              		.global	_ZN6uavcan22GlobalDataTypeRegistry6removeEPNS0_5EntryE
 238              		.thumb
 239              		.thumb_func
 240              		.type	_ZN6uavcan22GlobalDataTypeRegistry6removeEPNS0_5EntryE, %function
 241              	_ZN6uavcan22GlobalDataTypeRegistry6removeEPNS0_5EntryE:
 242              		@ args = 0, pretend = 0, frame = 0
 243              		@ frame_needed = 0, uses_anonymous_args = 0
 244 0000 F8B5     		push	{r3, r4, r5, r6, r7, lr}
 245 0002 0E46     		mov	r6, r1
 246 0004 59B1     		cbz	r1, .L60
 247 0006 037A     		ldrb	r3, [r0, #8]	@ zero_extendqisi2
 248 0008 3BB9     		cbnz	r3, .L59
 249 000a 0B7D     		ldrb	r3, [r1, #20]	@ zero_extendqisi2
 250 000c 012B     		cmp	r3, #1
 251 000e 01D1     		bne	.L53
 252 0010 0546     		mov	r5, r0
 253 0012 06E0     		b	.L54
 254              	.L53:
 255 0014 1BB9     		cbnz	r3, .L60
 256 0016 051D     		adds	r5, r0, #4
 257 0018 03E0     		b	.L54
 258              	.L59:
 259 001a 0320     		movs	r0, #3
 260 001c F8BD     		pop	{r3, r4, r5, r6, r7, pc}
 261              	.L60:
 262 001e 0220     		movs	r0, #2
 263 0020 F8BD     		pop	{r3, r4, r5, r6, r7, pc}
 264              	.L54:
 265 0022 2846     		mov	r0, r5
 266 0024 3146     		mov	r1, r6
 267 0026 FFF7FEFF 		bl	_ZN6uavcan14LinkedListRootINS_22GlobalDataTypeRegistry5EntryEE6removeEPKS2_
 268 002a 2C68     		ldr	r4, [r5]
 269              	.L57:
 270 002c 2046     		mov	r0, r4
 271 002e 64B1     		cbz	r4, .L65
 272 0030 50F8087B 		ldr	r7, [r0], #8
 273 0034 317D     		ldrb	r1, [r6, #20]	@ zero_extendqisi2
 274 0036 3269     		ldr	r2, [r6, #16]
 275 0038 FFF7FEFF 		bl	_ZNK6uavcan18DataTypeDescriptor5matchENS_12DataTypeKindEPKc
 276 003c 18B1     		cbz	r0, .L55
 277 003e 2846     		mov	r0, r5
 278 0040 2146     		mov	r1, r4
 279 0042 FFF7FEFF 		bl	_ZN6uavcan14LinkedListRootINS_22GlobalDataTypeRegistry5EntryEE6removeEPKS2_
 280              	.L55:
 281 0046 3C46     		mov	r4, r7
 282 0048 F0E7     		b	.L57
 283              	.L65:
 284 004a F8BD     		pop	{r3, r4, r5, r6, r7, pc}
 285              		.size	_ZN6uavcan22GlobalDataTypeRegistry6removeEPNS0_5EntryE, .-_ZN6uavcan22GlobalDataTypeRegistry
ARM GAS  /tmp/ccjio1KC.s 			page 6


 286              		.section	.text._ZN6uavcan22GlobalDataTypeRegistry10registImplEPNS0_5EntryE,"ax",%progbits
 287              		.align	1
 288              		.global	_ZN6uavcan22GlobalDataTypeRegistry10registImplEPNS0_5EntryE
 289              		.thumb
 290              		.thumb_func
 291              		.type	_ZN6uavcan22GlobalDataTypeRegistry10registImplEPNS0_5EntryE, %function
 292              	_ZN6uavcan22GlobalDataTypeRegistry10registImplEPNS0_5EntryE:
 293              		@ args = 0, pretend = 0, frame = 0
 294              		@ frame_needed = 0, uses_anonymous_args = 0
 295 0000 F8B5     		push	{r3, r4, r5, r6, r7, lr}
 296 0002 0546     		mov	r5, r0
 297 0004 0C46     		mov	r4, r1
 298 0006 21B1     		cbz	r1, .L67
 299 0008 01F10800 		add	r0, r1, #8
 300 000c FFF7FEFF 		bl	_ZNK6uavcan18DataTypeDescriptor7isValidEv
 301 0010 08B9     		cbnz	r0, .L68
 302              	.L67:
 303 0012 0220     		movs	r0, #2
 304 0014 F8BD     		pop	{r3, r4, r5, r6, r7, pc}
 305              	.L68:
 306 0016 2B7A     		ldrb	r3, [r5, #8]	@ zero_extendqisi2
 307 0018 33B9     		cbnz	r3, .L84
 308 001a 237D     		ldrb	r3, [r4, #20]	@ zero_extendqisi2
 309 001c 012B     		cmp	r3, #1
 310 001e 05D0     		beq	.L70
 311 0020 002B     		cmp	r3, #0
 312 0022 F6D1     		bne	.L67
 313 0024 0435     		adds	r5, r5, #4
 314 0026 01E0     		b	.L70
 315              	.L84:
 316 0028 0320     		movs	r0, #3
 317 002a F8BD     		pop	{r3, r4, r5, r6, r7, pc}
 318              	.L70:
 319 002c 2E68     		ldr	r6, [r5]
 320              	.L79:
 321 002e A769     		ldr	r7, [r4, #24]
 322 0030 56B1     		cbz	r6, .L93
 323 0032 B369     		ldr	r3, [r6, #24]
 324 0034 BB42     		cmp	r3, r7
 325 0036 1BD0     		beq	.L83
 326 0038 3069     		ldr	r0, [r6, #16]
 327 003a 2169     		ldr	r1, [r4, #16]
 328 003c 5022     		movs	r2, #80
 329 003e FFF7FEFF 		bl	strncmp
 330 0042 A8B1     		cbz	r0, .L83
 331 0044 3668     		ldr	r6, [r6]
 332 0046 F2E7     		b	.L79
 333              	.L93:
 334 0048 2846     		mov	r0, r5
 335 004a 2146     		mov	r1, r4
 336 004c FFF7FEFF 		bl	_ZN6uavcan14LinkedListRootINS_22GlobalDataTypeRegistry5EntryEE6removeEPKS2_
 337 0050 2B68     		ldr	r3, [r5]
 338 0052 7BB1     		cbz	r3, .L73
 339 0054 9A69     		ldr	r2, [r3, #24]
 340 0056 BA42     		cmp	r2, r7
 341 0058 0CD8     		bhi	.L73
 342              	.L76:
ARM GAS  /tmp/ccjio1KC.s 			page 7


 343 005a 1A68     		ldr	r2, [r3]
 344 005c 22B1     		cbz	r2, .L75
 345 005e 9169     		ldr	r1, [r2, #24]
 346 0060 B942     		cmp	r1, r7
 347 0062 01D8     		bhi	.L75
 348 0064 1346     		mov	r3, r2
 349 0066 F8E7     		b	.L76
 350              	.L75:
 351 0068 2260     		str	r2, [r4]
 352 006a 1C60     		str	r4, [r3]
 353              	.L80:
 354 006c 0020     		movs	r0, #0
 355 006e F8BD     		pop	{r3, r4, r5, r6, r7, pc}
 356              	.L83:
 357 0070 0120     		movs	r0, #1
 358 0072 F8BD     		pop	{r3, r4, r5, r6, r7, pc}
 359              	.L73:
 360 0074 2360     		str	r3, [r4]
 361 0076 2C60     		str	r4, [r5]
 362 0078 F8E7     		b	.L80
 363              		.size	_ZN6uavcan22GlobalDataTypeRegistry10registImplEPNS0_5EntryE, .-_ZN6uavcan22GlobalDataTypeReg
 364              		.section	.bss._ZGVZN6uavcan22GlobalDataTypeRegistry8instanceEvE9singleton,"aw",%nobits
 365              		.align	2
 366              		.set	.LANCHOR0,. + 0
 367              		.type	_ZGVZN6uavcan22GlobalDataTypeRegistry8instanceEvE9singleton, %object
 368              		.size	_ZGVZN6uavcan22GlobalDataTypeRegistry8instanceEvE9singleton, 4
 369              	_ZGVZN6uavcan22GlobalDataTypeRegistry8instanceEvE9singleton:
 370 0000 00000000 		.space	4
 371              		.section	.bss._ZZN6uavcan22GlobalDataTypeRegistry8instanceEvE9singleton,"aw",%nobits
 372              		.align	2
 373              		.set	.LANCHOR1,. + 0
 374              		.type	_ZZN6uavcan22GlobalDataTypeRegistry8instanceEvE9singleton, %object
 375              		.size	_ZZN6uavcan22GlobalDataTypeRegistry8instanceEvE9singleton, 12
 376              	_ZZN6uavcan22GlobalDataTypeRegistry8instanceEvE9singleton:
 377 0000 00000000 		.space	12
 377      00000000 
 377      00000000 
 378              		.hidden	__dso_handle
 379              		.ident	"GCC: (15:4.9.3+svn231177-1) 4.9.3 20150529 (prerelease)"
ARM GAS  /tmp/ccjio1KC.s 			page 8


DEFINED SYMBOLS
                            *ABS*:0000000000000000 uc_global_data_type_registry.cpp
     /tmp/ccjio1KC.s:16     .text._ZN6uavcan22GlobalDataTypeRegistryD2Ev:0000000000000000 $t
     /tmp/ccjio1KC.s:21     .text._ZN6uavcan22GlobalDataTypeRegistryD2Ev:0000000000000000 _ZN6uavcan22GlobalDataTypeRegistryD2Ev
     /tmp/ccjio1KC.s:21     .text._ZN6uavcan22GlobalDataTypeRegistryD2Ev:0000000000000000 _ZN6uavcan22GlobalDataTypeRegistryD1Ev
     /tmp/ccjio1KC.s:30     .text._ZNK6uavcan22GlobalDataTypeRegistry10selectListENS_12DataTypeKindE:0000000000000000 $t
     /tmp/ccjio1KC.s:35     .text._ZNK6uavcan22GlobalDataTypeRegistry10selectListENS_12DataTypeKindE:0000000000000000 _ZNK6uavcan22GlobalDataTypeRegistry10selectListENS_12DataTypeKindE
     /tmp/ccjio1KC.s:50     .text._ZN6uavcan22GlobalDataTypeRegistry8instanceEv:0000000000000000 $t
     /tmp/ccjio1KC.s:55     .text._ZN6uavcan22GlobalDataTypeRegistry8instanceEv:0000000000000000 _ZN6uavcan22GlobalDataTypeRegistry8instanceEv
     /tmp/ccjio1KC.s:78     .text._ZN6uavcan22GlobalDataTypeRegistry8instanceEv:0000000000000024 $d
     /tmp/ccjio1KC.s:84     .text._ZN6uavcan22GlobalDataTypeRegistry6freezeEv:0000000000000000 $t
     /tmp/ccjio1KC.s:89     .text._ZN6uavcan22GlobalDataTypeRegistry6freezeEv:0000000000000000 _ZN6uavcan22GlobalDataTypeRegistry6freezeEv
     /tmp/ccjio1KC.s:101    .text._ZNK6uavcan22GlobalDataTypeRegistry4findENS_12DataTypeKindEPKc:0000000000000000 $t
     /tmp/ccjio1KC.s:106    .text._ZNK6uavcan22GlobalDataTypeRegistry4findENS_12DataTypeKindEPKc:0000000000000000 _ZNK6uavcan22GlobalDataTypeRegistry4findENS_12DataTypeKindEPKc
     /tmp/ccjio1KC.s:142    .text._ZNK6uavcan22GlobalDataTypeRegistry4findEPKc:0000000000000000 $t
     /tmp/ccjio1KC.s:147    .text._ZNK6uavcan22GlobalDataTypeRegistry4findEPKc:0000000000000000 _ZNK6uavcan22GlobalDataTypeRegistry4findEPKc
     /tmp/ccjio1KC.s:166    .text._ZNK6uavcan22GlobalDataTypeRegistry4findENS_12DataTypeKindENS_10DataTypeIDE:0000000000000000 $t
     /tmp/ccjio1KC.s:171    .text._ZNK6uavcan22GlobalDataTypeRegistry4findENS_12DataTypeKindENS_10DataTypeIDE:0000000000000000 _ZNK6uavcan22GlobalDataTypeRegistry4findENS_12DataTypeKindENS_10DataTypeIDE
     /tmp/ccjio1KC.s:205    .text._ZN6uavcan14LinkedListRootINS_22GlobalDataTypeRegistry5EntryEE6removeEPKS2_:0000000000000000 $t
     /tmp/ccjio1KC.s:210    .text._ZN6uavcan14LinkedListRootINS_22GlobalDataTypeRegistry5EntryEE6removeEPKS2_:0000000000000000 _ZN6uavcan14LinkedListRootINS_22GlobalDataTypeRegistry5EntryEE6removeEPKS2_
     /tmp/ccjio1KC.s:236    .text._ZN6uavcan22GlobalDataTypeRegistry6removeEPNS0_5EntryE:0000000000000000 $t
     /tmp/ccjio1KC.s:241    .text._ZN6uavcan22GlobalDataTypeRegistry6removeEPNS0_5EntryE:0000000000000000 _ZN6uavcan22GlobalDataTypeRegistry6removeEPNS0_5EntryE
     /tmp/ccjio1KC.s:287    .text._ZN6uavcan22GlobalDataTypeRegistry10registImplEPNS0_5EntryE:0000000000000000 $t
     /tmp/ccjio1KC.s:292    .text._ZN6uavcan22GlobalDataTypeRegistry10registImplEPNS0_5EntryE:0000000000000000 _ZN6uavcan22GlobalDataTypeRegistry10registImplEPNS0_5EntryE
     /tmp/ccjio1KC.s:365    .bss._ZGVZN6uavcan22GlobalDataTypeRegistry8instanceEvE9singleton:0000000000000000 $d
     /tmp/ccjio1KC.s:369    .bss._ZGVZN6uavcan22GlobalDataTypeRegistry8instanceEvE9singleton:0000000000000000 _ZGVZN6uavcan22GlobalDataTypeRegistry8instanceEvE9singleton
     /tmp/ccjio1KC.s:372    .bss._ZZN6uavcan22GlobalDataTypeRegistry8instanceEvE9singleton:0000000000000000 $d
     /tmp/ccjio1KC.s:376    .bss._ZZN6uavcan22GlobalDataTypeRegistry8instanceEvE9singleton:0000000000000000 _ZZN6uavcan22GlobalDataTypeRegistry8instanceEvE9singleton
                           .group:0000000000000000 _ZN6uavcan22GlobalDataTypeRegistryD5Ev

UNDEFINED SYMBOLS
__aeabi_atexit
__dso_handle
_ZNK6uavcan18DataTypeDescriptor5matchENS_12DataTypeKindEPKc
_ZNK6uavcan18DataTypeDescriptor5matchENS_12DataTypeKindENS_10DataTypeIDE
_ZNK6uavcan18DataTypeDescriptor7isValidEv
strncmp
