ARM GAS  /tmp/ccjzYqTx.s 			page 1


   1              		.syntax unified
   2              		.cpu cortex-m3
   3              		.fpu softvfp
   4              		.eabi_attribute 20, 1
   5              		.eabi_attribute 21, 1
   6              		.eabi_attribute 23, 3
   7              		.eabi_attribute 24, 1
   8              		.eabi_attribute 25, 1
   9              		.eabi_attribute 26, 1
  10              		.eabi_attribute 30, 4
  11              		.eabi_attribute 34, 1
  12              		.eabi_attribute 18, 4
  13              		.thumb
  14              		.file	"uc_transfer_listener.cpp"
  15              		.section	.text._ZN6uavcan16IncomingTransfer7releaseEv,"axG",%progbits,_ZN6uavcan16IncomingTransfer
  16              		.align	1
  17              		.weak	_ZN6uavcan16IncomingTransfer7releaseEv
  18              		.thumb
  19              		.thumb_func
  20              		.type	_ZN6uavcan16IncomingTransfer7releaseEv, %function
  21              	_ZN6uavcan16IncomingTransfer7releaseEv:
  22              		@ args = 0, pretend = 0, frame = 0
  23              		@ frame_needed = 0, uses_anonymous_args = 0
  24              		@ link register save eliminated.
  25 0000 7047     		bx	lr
  26              		.size	_ZN6uavcan16IncomingTransfer7releaseEv, .-_ZN6uavcan16IncomingTransfer7releaseEv
  27              		.section	.text._ZNK6uavcan16IncomingTransfer19isAnonymousTransferEv,"axG",%progbits,_ZNK6uavcan16I
  28              		.align	1
  29              		.weak	_ZNK6uavcan16IncomingTransfer19isAnonymousTransferEv
  30              		.thumb
  31              		.thumb_func
  32              		.type	_ZNK6uavcan16IncomingTransfer19isAnonymousTransferEv, %function
  33              	_ZNK6uavcan16IncomingTransfer19isAnonymousTransferEv:
  34              		@ args = 0, pretend = 0, frame = 0
  35              		@ frame_needed = 0, uses_anonymous_args = 0
  36              		@ link register save eliminated.
  37 0000 0020     		movs	r0, #0
  38 0002 7047     		bx	lr
  39              		.size	_ZNK6uavcan16IncomingTransfer19isAnonymousTransferEv, .-_ZNK6uavcan16IncomingTransfer19isAno
  40              		.section	.text._ZN6uavcan16IncomingTransfer5writeEjPKhj,"ax",%progbits
  41              		.align	1
  42              		.global	_ZN6uavcan16IncomingTransfer5writeEjPKhj
  43              		.thumb
  44              		.thumb_func
  45              		.type	_ZN6uavcan16IncomingTransfer5writeEjPKhj, %function
  46              	_ZN6uavcan16IncomingTransfer5writeEjPKhj:
  47              		@ args = 0, pretend = 0, frame = 0
  48              		@ frame_needed = 0, uses_anonymous_args = 0
  49              		@ link register save eliminated.
  50 0000 6FF00900 		mvn	r0, #9
  51 0004 7047     		bx	lr
  52              		.size	_ZN6uavcan16IncomingTransfer5writeEjPKhj, .-_ZN6uavcan16IncomingTransfer5writeEjPKhj
  53              		.section	.text._ZNK6uavcan27SingleFrameIncomingTransfer19isAnonymousTransferEv,"ax",%progbits
  54              		.align	1
  55              		.global	_ZNK6uavcan27SingleFrameIncomingTransfer19isAnonymousTransferEv
  56              		.thumb
  57              		.thumb_func
ARM GAS  /tmp/ccjzYqTx.s 			page 2


  58              		.type	_ZNK6uavcan27SingleFrameIncomingTransfer19isAnonymousTransferEv, %function
  59              	_ZNK6uavcan27SingleFrameIncomingTransfer19isAnonymousTransferEv:
  60              		@ args = 0, pretend = 0, frame = 0
  61              		@ frame_needed = 0, uses_anonymous_args = 0
  62              		@ link register save eliminated.
  63 0000 437E     		ldrb	r3, [r0, #25]	@ zero_extendqisi2
  64 0002 022B     		cmp	r3, #2
  65 0004 03BF     		ittte	eq
  66 0006 C07E     		ldrbeq	r0, [r0, #27]	@ zero_extendqisi2
  67 0008 B0FA80F0 		clzeq	r0, r0
  68 000c 4009     		lsreq	r0, r0, #5
  69 000e 0020     		movne	r0, #0
  70 0010 7047     		bx	lr
  71              		.size	_ZNK6uavcan27SingleFrameIncomingTransfer19isAnonymousTransferEv, .-_ZNK6uavcan27SingleFrameI
  72              		.section	.text._ZNK6uavcan27SingleFrameIncomingTransfer4readEjPhj,"ax",%progbits
  73              		.align	1
  74              		.global	_ZNK6uavcan27SingleFrameIncomingTransfer4readEjPhj
  75              		.thumb
  76              		.thumb_func
  77              		.type	_ZNK6uavcan27SingleFrameIncomingTransfer4readEjPhj, %function
  78              	_ZNK6uavcan27SingleFrameIncomingTransfer4readEjPhj:
  79              		@ args = 0, pretend = 0, frame = 0
  80              		@ frame_needed = 0, uses_anonymous_args = 0
  81 0000 30B5     		push	{r4, r5, lr}
  82 0002 A2B1     		cbz	r2, .L12
  83 0004 90F82440 		ldrb	r4, [r0, #36]	@ zero_extendqisi2
  84 0008 A142     		cmp	r1, r4
  85 000a 13D2     		bcs	.L13
  86 000c CD18     		adds	r5, r1, r3
  87 000e A542     		cmp	r5, r4
  88 0010 88BF     		it	hi
  89 0012 631A     		subhi	r3, r4, r1
  90 0014 046A     		ldr	r4, [r0, #32]
  91 0016 6018     		adds	r0, r4, r1
  92 0018 1944     		add	r1, r1, r3
  93 001a 2144     		add	r1, r1, r4
  94              	.L10:
  95 001c 8842     		cmp	r0, r1
  96 001e 04D0     		beq	.L15
  97 0020 10F8014B 		ldrb	r4, [r0], #1	@ zero_extendqisi2
  98 0024 02F8014B 		strb	r4, [r2], #1
  99 0028 F8E7     		b	.L10
 100              	.L15:
 101 002a 1846     		mov	r0, r3
 102 002c 30BD     		pop	{r4, r5, pc}
 103              	.L12:
 104 002e 6FF00100 		mvn	r0, #1
 105 0032 30BD     		pop	{r4, r5, pc}
 106              	.L13:
 107 0034 0020     		movs	r0, #0
 108 0036 30BD     		pop	{r4, r5, pc}
 109              		.size	_ZNK6uavcan27SingleFrameIncomingTransfer4readEjPhj, .-_ZNK6uavcan27SingleFrameIncomingTransf
 110              		.section	.text._ZN6uavcan26MultiFrameIncomingTransferD2Ev,"axG",%progbits,_ZN6uavcan26MultiFrameIn
 111              		.align	1
 112              		.weak	_ZN6uavcan26MultiFrameIncomingTransferD2Ev
 113              		.thumb
 114              		.thumb_func
ARM GAS  /tmp/ccjzYqTx.s 			page 3


 115              		.type	_ZN6uavcan26MultiFrameIncomingTransferD2Ev, %function
 116              	_ZN6uavcan26MultiFrameIncomingTransferD2Ev:
 117              		@ args = 0, pretend = 0, frame = 0
 118              		@ frame_needed = 0, uses_anonymous_args = 0
 119              		@ link register save eliminated.
 120 0000 7047     		bx	lr
 121              		.size	_ZN6uavcan26MultiFrameIncomingTransferD2Ev, .-_ZN6uavcan26MultiFrameIncomingTransferD2Ev
 122              		.weak	_ZN6uavcan26MultiFrameIncomingTransferD1Ev
 123              		.thumb_set _ZN6uavcan26MultiFrameIncomingTransferD1Ev,_ZN6uavcan26MultiFrameIncomingTransferD2Ev
 124              		.section	.text._ZN6uavcan27SingleFrameIncomingTransferD2Ev,"axG",%progbits,_ZN6uavcan27SingleFrame
 125              		.align	1
 126              		.weak	_ZN6uavcan27SingleFrameIncomingTransferD2Ev
 127              		.thumb
 128              		.thumb_func
 129              		.type	_ZN6uavcan27SingleFrameIncomingTransferD2Ev, %function
 130              	_ZN6uavcan27SingleFrameIncomingTransferD2Ev:
 131              		@ args = 0, pretend = 0, frame = 0
 132              		@ frame_needed = 0, uses_anonymous_args = 0
 133              		@ link register save eliminated.
 134 0000 7047     		bx	lr
 135              		.size	_ZN6uavcan27SingleFrameIncomingTransferD2Ev, .-_ZN6uavcan27SingleFrameIncomingTransferD2Ev
 136              		.weak	_ZN6uavcan27SingleFrameIncomingTransferD1Ev
 137              		.thumb_set _ZN6uavcan27SingleFrameIncomingTransferD1Ev,_ZN6uavcan27SingleFrameIncomingTransferD2Ev
 138              		.section	.text._ZNK6uavcan26MultiFrameIncomingTransfer4readEjPhj,"ax",%progbits
 139              		.align	1
 140              		.global	_ZNK6uavcan26MultiFrameIncomingTransfer4readEjPhj
 141              		.thumb
 142              		.thumb_func
 143              		.type	_ZNK6uavcan26MultiFrameIncomingTransfer4readEjPhj, %function
 144              	_ZNK6uavcan26MultiFrameIncomingTransfer4readEjPhj:
 145              		@ args = 0, pretend = 0, frame = 0
 146              		@ frame_needed = 0, uses_anonymous_args = 0
 147 0000 2DE9F041 		push	{r4, r5, r6, r7, r8, lr}
 148 0004 0F46     		mov	r7, r1
 149 0006 016A     		ldr	r1, [r0, #32]
 150 0008 1646     		mov	r6, r2
 151 000a 0868     		ldr	r0, [r1]
 152 000c 0431     		adds	r1, r1, #4
 153 000e 1D46     		mov	r5, r3
 154 0010 FFF7FEFF 		bl	_ZN6uavcan21TransferBufferManager6accessERKNS_24TransferBufferManagerKeyE
 155 0014 40B1     		cbz	r0, .L19
 156 0016 0368     		ldr	r3, [r0]
 157 0018 3946     		mov	r1, r7
 158 001a 9C68     		ldr	r4, [r3, #8]
 159 001c 3246     		mov	r2, r6
 160 001e 2B46     		mov	r3, r5
 161 0020 A446     		mov	ip, r4
 162 0022 BDE8F041 		pop	{r4, r5, r6, r7, r8, lr}
 163 0026 6047     		bx	ip
 164              	.L19:
 165 0028 6FF00900 		mvn	r0, #9
 166 002c BDE8F081 		pop	{r4, r5, r6, r7, r8, pc}
 167              		.size	_ZNK6uavcan26MultiFrameIncomingTransfer4readEjPhj, .-_ZNK6uavcan26MultiFrameIncomingTransfer
 168              		.section	.text._ZN6uavcan26MultiFrameIncomingTransfer7releaseEv,"axG",%progbits,_ZN6uavcan26MultiF
 169              		.align	1
 170              		.weak	_ZN6uavcan26MultiFrameIncomingTransfer7releaseEv
 171              		.thumb
ARM GAS  /tmp/ccjzYqTx.s 			page 4


 172              		.thumb_func
 173              		.type	_ZN6uavcan26MultiFrameIncomingTransfer7releaseEv, %function
 174              	_ZN6uavcan26MultiFrameIncomingTransfer7releaseEv:
 175              		@ args = 0, pretend = 0, frame = 0
 176              		@ frame_needed = 0, uses_anonymous_args = 0
 177              		@ link register save eliminated.
 178 0000 016A     		ldr	r1, [r0, #32]
 179 0002 0868     		ldr	r0, [r1]
 180 0004 0431     		adds	r1, r1, #4
 181 0006 FFF7FEBF 		b	_ZN6uavcan21TransferBufferManager6removeERKNS_24TransferBufferManagerKeyE
 182              		.size	_ZN6uavcan26MultiFrameIncomingTransfer7releaseEv, .-_ZN6uavcan26MultiFrameIncomingTransfer7r
 183              		.section	.text._ZN6uavcan27SingleFrameIncomingTransferD0Ev,"axG",%progbits,_ZN6uavcan27SingleFrame
 184              		.align	1
 185              		.weak	_ZN6uavcan27SingleFrameIncomingTransferD0Ev
 186              		.thumb
 187              		.thumb_func
 188              		.type	_ZN6uavcan27SingleFrameIncomingTransferD0Ev, %function
 189              	_ZN6uavcan27SingleFrameIncomingTransferD0Ev:
 190              		@ args = 0, pretend = 0, frame = 0
 191              		@ frame_needed = 0, uses_anonymous_args = 0
 192 0000 10B5     		push	{r4, lr}
 193 0002 0446     		mov	r4, r0
 194 0004 FFF7FEFF 		bl	_ZdlPv
 195 0008 2046     		mov	r0, r4
 196 000a 10BD     		pop	{r4, pc}
 197              		.size	_ZN6uavcan27SingleFrameIncomingTransferD0Ev, .-_ZN6uavcan27SingleFrameIncomingTransferD0Ev
 198              		.section	.text._ZN6uavcan26MultiFrameIncomingTransferD0Ev,"axG",%progbits,_ZN6uavcan26MultiFrameIn
 199              		.align	1
 200              		.weak	_ZN6uavcan26MultiFrameIncomingTransferD0Ev
 201              		.thumb
 202              		.thumb_func
 203              		.type	_ZN6uavcan26MultiFrameIncomingTransferD0Ev, %function
 204              	_ZN6uavcan26MultiFrameIncomingTransferD0Ev:
 205              		@ args = 0, pretend = 0, frame = 0
 206              		@ frame_needed = 0, uses_anonymous_args = 0
 207 0000 10B5     		push	{r4, lr}
 208 0002 0446     		mov	r4, r0
 209 0004 FFF7FEFF 		bl	_ZdlPv
 210 0008 2046     		mov	r0, r4
 211 000a 10BD     		pop	{r4, pc}
 212              		.size	_ZN6uavcan26MultiFrameIncomingTransferD0Ev, .-_ZN6uavcan26MultiFrameIncomingTransferD0Ev
 213              		.section	.text._ZN6uavcan16TransferReceiverC2Ev,"axG",%progbits,_ZN6uavcan16TransferReceiverC5Ev,c
 214              		.align	1
 215              		.weak	_ZN6uavcan16TransferReceiverC2Ev
 216              		.thumb
 217              		.thumb_func
 218              		.type	_ZN6uavcan16TransferReceiverC2Ev, %function
 219              	_ZN6uavcan16TransferReceiverC2Ev:
 220              		@ args = 0, pretend = 0, frame = 0
 221              		@ frame_needed = 0, uses_anonymous_args = 0
 222 0000 4FF47A72 		mov	r2, #1000
 223 0004 30B5     		push	{r4, r5, lr}
 224 0006 0283     		strh	r2, [r0, #24]	@ movhi
 225 0008 C27F     		ldrb	r2, [r0, #31]	@ zero_extendqisi2
 226 000a 0021     		movs	r1, #0
 227 000c 02F0FE02 		and	r2, r2, #254
 228 0010 42F00602 		orr	r2, r2, #6
ARM GAS  /tmp/ccjzYqTx.s 			page 5


 229 0014 0024     		movs	r4, #0
 230 0016 0025     		movs	r5, #0
 231 0018 61F3C702 		bfi	r2, r1, #3, #5
 232 001c C0E90045 		strd	r4, [r0]
 233 0020 C0E90245 		strd	r4, [r0, #8]
 234 0024 C0E90445 		strd	r4, [r0, #16]
 235 0028 4183     		strh	r1, [r0, #26]	@ movhi
 236 002a 8183     		strh	r1, [r0, #28]	@ movhi
 237 002c 8177     		strb	r1, [r0, #30]
 238 002e C277     		strb	r2, [r0, #31]
 239 0030 30BD     		pop	{r4, r5, pc}
 240              		.size	_ZN6uavcan16TransferReceiverC2Ev, .-_ZN6uavcan16TransferReceiverC2Ev
 241              		.weak	_ZN6uavcan16TransferReceiverC1Ev
 242              		.thumb_set _ZN6uavcan16TransferReceiverC1Ev,_ZN6uavcan16TransferReceiverC2Ev
 243              		.section	.text._ZN6uavcan27SingleFrameIncomingTransferC2ERKNS_7RxFrameE,"ax",%progbits
 244              		.align	1
 245              		.global	_ZN6uavcan27SingleFrameIncomingTransferC2ERKNS_7RxFrameE
 246              		.thumb
 247              		.thumb_func
 248              		.type	_ZN6uavcan27SingleFrameIncomingTransferC2ERKNS_7RxFrameE, %function
 249              	_ZN6uavcan27SingleFrameIncomingTransferC2ERKNS_7RxFrameE:
 250              		@ args = 0, pretend = 0, frame = 0
 251              		@ frame_needed = 0, uses_anonymous_args = 0
 252 0000 91F83020 		ldrb	r2, [r1, #48]	@ zero_extendqisi2
 253 0004 91F807C0 		ldrb	ip, [r1, #7]	@ zero_extendqisi2
 254 0008 2DE9F043 		push	{r4, r5, r6, r7, r8, r9, lr}
 255 000c D1E90845 		ldrd	r4, [r1, #32]
 256 0010 D1E90A89 		ldrd	r8, [r1, #40]
 257 0014 91F808E0 		ldrb	lr, [r1, #8]	@ zero_extendqisi2
 258 0018 8F7D     		ldrb	r7, [r1, #22]	@ zero_extendqisi2
 259 001a 0E7D     		ldrb	r6, [r1, #20]	@ zero_extendqisi2
 260 001c C0E90245 		strd	r4, [r0, #8]
 261 0020 C0E90489 		strd	r8, [r0, #16]
 262 0024 0277     		strb	r2, [r0, #28]
 263 0026 074A     		ldr	r2, .L25
 264 0028 80F818C0 		strb	ip, [r0, #24]
 265 002c 8776     		strb	r7, [r0, #26]
 266 002e C676     		strb	r6, [r0, #27]
 267 0030 0260     		str	r2, [r0]
 268 0032 0A69     		ldr	r2, [r1, #16]
 269 0034 80F819E0 		strb	lr, [r0, #25]
 270 0038 0162     		str	r1, [r0, #32]
 271 003a 80F82420 		strb	r2, [r0, #36]
 272 003e BDE8F083 		pop	{r4, r5, r6, r7, r8, r9, pc}
 273              	.L26:
 274 0042 00BF     		.align	2
 275              	.L25:
 276 0044 08000000 		.word	.LANCHOR0+8
 277              		.size	_ZN6uavcan27SingleFrameIncomingTransferC2ERKNS_7RxFrameE, .-_ZN6uavcan27SingleFrameIncomingT
 278              		.global	_ZN6uavcan27SingleFrameIncomingTransferC1ERKNS_7RxFrameE
 279              		.thumb_set _ZN6uavcan27SingleFrameIncomingTransferC1ERKNS_7RxFrameE,_ZN6uavcan27SingleFrameIncomin
 280              		.section	.text._ZN6uavcan26MultiFrameIncomingTransferC2ENS_13MonotonicTimeENS_7UtcTimeERKNS_7RxFra
 281              		.align	1
 282              		.global	_ZN6uavcan26MultiFrameIncomingTransferC2ENS_13MonotonicTimeENS_7UtcTimeERKNS_7RxFrameERNS_
 283              		.thumb
 284              		.thumb_func
 285              		.type	_ZN6uavcan26MultiFrameIncomingTransferC2ENS_13MonotonicTimeENS_7UtcTimeERKNS_7RxFrameERNS_22
ARM GAS  /tmp/ccjzYqTx.s 			page 6


 286              	_ZN6uavcan26MultiFrameIncomingTransferC2ENS_13MonotonicTimeENS_7UtcTimeERKNS_7RxFrameERNS_22Transfe
 287              		@ args = 4, pretend = 0, frame = 0
 288              		@ frame_needed = 0, uses_anonymous_args = 0
 289 0000 2DE9F043 		push	{r4, r5, r6, r7, r8, r9, lr}
 290 0004 D1E90067 		ldrd	r6, [r1]
 291 0008 D2E90089 		ldrd	r8, [r2]
 292 000c 93F807E0 		ldrb	lr, [r3, #7]	@ zero_extendqisi2
 293 0010 1D7A     		ldrb	r5, [r3, #8]	@ zero_extendqisi2
 294 0012 997D     		ldrb	r1, [r3, #22]	@ zero_extendqisi2
 295 0014 1A7D     		ldrb	r2, [r3, #20]	@ zero_extendqisi2
 296 0016 93F83030 		ldrb	r3, [r3, #48]	@ zero_extendqisi2
 297 001a C0E90267 		strd	r6, [r0, #8]
 298 001e 0377     		strb	r3, [r0, #28]
 299 0020 064B     		ldr	r3, .L28
 300 0022 C0E90489 		strd	r8, [r0, #16]
 301 0026 0360     		str	r3, [r0]
 302 0028 079B     		ldr	r3, [sp, #28]
 303 002a 80F818E0 		strb	lr, [r0, #24]
 304 002e 4576     		strb	r5, [r0, #25]
 305 0030 8176     		strb	r1, [r0, #26]
 306 0032 C276     		strb	r2, [r0, #27]
 307 0034 0362     		str	r3, [r0, #32]
 308 0036 BDE8F083 		pop	{r4, r5, r6, r7, r8, r9, pc}
 309              	.L29:
 310 003a 00BF     		.align	2
 311              	.L28:
 312 003c 08000000 		.word	.LANCHOR1+8
 313              		.size	_ZN6uavcan26MultiFrameIncomingTransferC2ENS_13MonotonicTimeENS_7UtcTimeERKNS_7RxFrameERNS_22
 314              		.global	_ZN6uavcan26MultiFrameIncomingTransferC1ENS_13MonotonicTimeENS_7UtcTimeERKNS_7RxFrameERNS_
 315              		.thumb_set _ZN6uavcan26MultiFrameIncomingTransferC1ENS_13MonotonicTimeENS_7UtcTimeERKNS_7RxFrameER
 316              		.section	.text._ZNK6uavcan16TransferListener25TimedOutReceiverPredicateclERKNS_24TransferBufferMan
 317              		.align	1
 318              		.global	_ZNK6uavcan16TransferListener25TimedOutReceiverPredicateclERKNS_24TransferBufferManagerKey
 319              		.thumb
 320              		.thumb_func
 321              		.type	_ZNK6uavcan16TransferListener25TimedOutReceiverPredicateclERKNS_24TransferBufferManagerKeyER
 322              	_ZNK6uavcan16TransferListener25TimedOutReceiverPredicateclERKNS_24TransferBufferManagerKeyERKNS_16T
 323              		@ args = 0, pretend = 0, frame = 8
 324              		@ frame_needed = 0, uses_anonymous_args = 0
 325 0000 73B5     		push	{r0, r1, r4, r5, r6, lr}
 326 0002 0446     		mov	r4, r0
 327 0004 0E46     		mov	r6, r1
 328 0006 03C8     		ldmia	r0, {r0, r1}
 329 0008 8DE80300 		stmia	sp, {r0, r1}
 330 000c 1046     		mov	r0, r2
 331 000e 6946     		mov	r1, sp
 332 0010 FFF7FEFF 		bl	_ZNK6uavcan16TransferReceiver10isTimedOutENS_13MonotonicTimeE
 333 0014 0546     		mov	r5, r0
 334 0016 18B1     		cbz	r0, .L31
 335 0018 A068     		ldr	r0, [r4, #8]
 336 001a 3146     		mov	r1, r6
 337 001c FFF7FEFF 		bl	_ZN6uavcan21TransferBufferManager6removeERKNS_24TransferBufferManagerKeyE
 338              	.L31:
 339 0020 2846     		mov	r0, r5
 340 0022 02B0     		add	sp, sp, #8
 341              		@ sp needed
 342 0024 70BD     		pop	{r4, r5, r6, pc}
ARM GAS  /tmp/ccjzYqTx.s 			page 7


 343              		.size	_ZNK6uavcan16TransferListener25TimedOutReceiverPredicateclERKNS_24TransferBufferManagerKeyER
 344              		.section	.text._ZNK6uavcan16TransferListener15checkPayloadCrcEtRKNS_15ITransferBufferE,"ax",%progb
 345              		.align	1
 346              		.global	_ZNK6uavcan16TransferListener15checkPayloadCrcEtRKNS_15ITransferBufferE
 347              		.thumb
 348              		.thumb_func
 349              		.type	_ZNK6uavcan16TransferListener15checkPayloadCrcEtRKNS_15ITransferBufferE, %function
 350              	_ZNK6uavcan16TransferListener15checkPayloadCrcEtRKNS_15ITransferBufferE:
 351              		@ args = 0, pretend = 0, frame = 16
 352              		@ frame_needed = 0, uses_anonymous_args = 0
 353 0000 F0B5     		push	{r4, r5, r6, r7, lr}
 354 0002 0F46     		mov	r7, r1
 355 0004 1646     		mov	r6, r2
 356 0006 848C     		ldrh	r4, [r0, #36]
 357 0008 85B0     		sub	sp, sp, #20
 358 000a 0025     		movs	r5, #0
 359              	.L40:
 360 000c 3368     		ldr	r3, [r6]
 361 000e 3046     		mov	r0, r6
 362 0010 D3F808C0 		ldr	ip, [r3, #8]
 363 0014 2946     		mov	r1, r5
 364 0016 6A46     		mov	r2, sp
 365 0018 1023     		movs	r3, #16
 366 001a E047     		blx	ip
 367 001c 0028     		cmp	r0, #0
 368 001e 01DA     		bge	.L36
 369 0020 0020     		movs	r0, #0
 370 0022 13E0     		b	.L37
 371              	.L36:
 372 0024 0FD0     		beq	.L38
 373 0026 0544     		add	r5, r5, r0
 374 0028 0023     		movs	r3, #0
 375              	.L39:
 376 002a 1DF80320 		ldrb	r2, [sp, r3]	@ zero_extendqisi2
 377 002e 0849     		ldr	r1, .L42
 378 0030 82EA1422 		eor	r2, r2, r4, lsr #8
 379 0034 31F81220 		ldrh	r2, [r1, r2, lsl #1]
 380 0038 0133     		adds	r3, r3, #1
 381 003a 82EA0424 		eor	r4, r2, r4, lsl #8
 382 003e 8342     		cmp	r3, r0
 383 0040 A4B2     		uxth	r4, r4
 384 0042 F2D1     		bne	.L39
 385 0044 E2E7     		b	.L40
 386              	.L38:
 387 0046 E31B     		subs	r3, r4, r7
 388 0048 5842     		rsbs	r0, r3, #0
 389 004a 5841     		adcs	r0, r0, r3
 390              	.L37:
 391 004c 05B0     		add	sp, sp, #20
 392              		@ sp needed
 393 004e F0BD     		pop	{r4, r5, r6, r7, pc}
 394              	.L43:
 395              		.align	2
 396              	.L42:
 397 0050 00000000 		.word	_ZN6uavcan11TransferCRC5TableE
 398              		.size	_ZNK6uavcan16TransferListener15checkPayloadCrcEtRKNS_15ITransferBufferE, .-_ZNK6uavcan16Tran
 399              		.section	.text._ZN6uavcan16TransferListener15handleReceptionERNS_16TransferReceiverERKNS_7RxFrameE
ARM GAS  /tmp/ccjzYqTx.s 			page 8


 400              		.align	1
 401              		.global	_ZN6uavcan16TransferListener15handleReceptionERNS_16TransferReceiverERKNS_7RxFrameERNS_22T
 402              		.thumb
 403              		.thumb_func
 404              		.type	_ZN6uavcan16TransferListener15handleReceptionERNS_16TransferReceiverERKNS_7RxFrameERNS_22Tra
 405              	_ZN6uavcan16TransferListener15handleReceptionERNS_16TransferReceiverERKNS_7RxFrameERNS_22TransferBu
 406              		@ args = 0, pretend = 0, frame = 56
 407              		@ frame_needed = 0, uses_anonymous_args = 0
 408 0000 F0B5     		push	{r4, r5, r6, r7, lr}
 409 0002 0546     		mov	r5, r0
 410 0004 91B0     		sub	sp, sp, #68
 411 0006 0846     		mov	r0, r1
 412 0008 0C46     		mov	r4, r1
 413 000a 1746     		mov	r7, r2
 414 000c 1146     		mov	r1, r2
 415 000e 1A46     		mov	r2, r3
 416 0010 1E46     		mov	r6, r3
 417 0012 FFF7FEFF 		bl	_ZN6uavcan16TransferReceiver8addFrameERKNS_7RxFrameERNS_22TransferBufferAccessorE
 418 0016 0128     		cmp	r0, #1
 419 0018 22D0     		beq	.L46
 420 001a 13D3     		bcc	.L47
 421 001c 0228     		cmp	r0, #2
 422 001e 4BD1     		bne	.L44
 423 0020 296A     		ldr	r1, [r5, #32]
 424 0022 06A8     		add	r0, sp, #24
 425 0024 D1E90223 		ldrd	r2, [r1, #8]
 426 0028 0132     		adds	r2, r2, #1
 427 002a 43F10003 		adc	r3, r3, #0
 428 002e C1E90223 		strd	r2, [r1, #8]
 429 0032 3946     		mov	r1, r7
 430 0034 FFF7FEFF 		bl	_ZN6uavcan27SingleFrameIncomingTransferC2ERKNS_7RxFrameE
 431 0038 2B68     		ldr	r3, [r5]
 432 003a 2846     		mov	r0, r5
 433 003c 1B68     		ldr	r3, [r3]
 434 003e 06A9     		add	r1, sp, #24
 435 0040 9847     		blx	r3
 436 0042 39E0     		b	.L44
 437              	.L47:
 438 0044 2046     		mov	r0, r4
 439 0046 2D6A     		ldr	r5, [r5, #32]
 440 0048 FFF7FEFF 		bl	_ZN6uavcan16TransferReceiver15yieldErrorCountEv
 441 004c D5E90423 		ldrd	r2, [r5, #16]
 442 0050 C0B2     		uxtb	r0, r0
 443 0052 8018     		adds	r0, r0, r2
 444 0054 4FF00001 		mov	r1, #0
 445 0058 5941     		adcs	r1, r1, r3
 446 005a C5E90401 		strd	r0, [r5, #16]
 447 005e 2BE0     		b	.L44
 448              	.L46:
 449 0060 296A     		ldr	r1, [r5, #32]
 450 0062 3068     		ldr	r0, [r6]
 451 0064 D1E90223 		ldrd	r2, [r1, #8]
 452 0068 0132     		adds	r2, r2, #1
 453 006a 43F10003 		adc	r3, r3, #0
 454 006e C1E90223 		strd	r2, [r1, #8]
 455 0072 311D     		adds	r1, r6, #4
 456 0074 FFF7FEFF 		bl	_ZN6uavcan21TransferBufferManager6accessERKNS_24TransferBufferManagerKeyE
ARM GAS  /tmp/ccjzYqTx.s 			page 9


 457 0078 0246     		mov	r2, r0
 458 007a E8B1     		cbz	r0, .L44
 459 007c 2846     		mov	r0, r5
 460 007e 618B     		ldrh	r1, [r4, #26]
 461 0080 FFF7FEFF 		bl	_ZNK6uavcan16TransferListener15checkPayloadCrcEtRKNS_15ITransferBufferE
 462 0084 C0B1     		cbz	r0, .L44
 463 0086 94E80300 		ldmia	r4, {r0, r1}
 464 008a 02AB     		add	r3, sp, #8
 465 008c 04AA     		add	r2, sp, #16
 466 008e 1034     		adds	r4, r4, #16
 467 0090 83E80300 		stmia	r3, {r0, r1}
 468 0094 94E80300 		ldmia	r4, {r0, r1}
 469 0098 82E80300 		stmia	r2, {r0, r1}
 470 009c 1946     		mov	r1, r3
 471 009e 0096     		str	r6, [sp]
 472 00a0 3B46     		mov	r3, r7
 473 00a2 06A8     		add	r0, sp, #24
 474 00a4 FFF7FEFF 		bl	_ZN6uavcan26MultiFrameIncomingTransferC2ENS_13MonotonicTimeENS_7UtcTimeERKNS_7RxFrameERNS_22Tra
 475 00a8 2B68     		ldr	r3, [r5]
 476 00aa 2846     		mov	r0, r5
 477 00ac 1B68     		ldr	r3, [r3]
 478 00ae 06A9     		add	r1, sp, #24
 479 00b0 9847     		blx	r3
 480 00b2 06A8     		add	r0, sp, #24
 481 00b4 FFF7FEFF 		bl	_ZN6uavcan26MultiFrameIncomingTransfer7releaseEv
 482              	.L44:
 483 00b8 11B0     		add	sp, sp, #68
 484              		@ sp needed
 485 00ba F0BD     		pop	{r4, r5, r6, r7, pc}
 486              		.size	_ZN6uavcan16TransferListener15handleReceptionERNS_16TransferReceiverERKNS_7RxFrameERNS_22Tra
 487              		.section	.text._ZN6uavcan16TransferListener32handleAnonymousTransferReceptionERKNS_7RxFrameE,"ax",
 488              		.align	1
 489              		.global	_ZN6uavcan16TransferListener32handleAnonymousTransferReceptionERKNS_7RxFrameE
 490              		.thumb
 491              		.thumb_func
 492              		.type	_ZN6uavcan16TransferListener32handleAnonymousTransferReceptionERKNS_7RxFrameE, %function
 493              	_ZN6uavcan16TransferListener32handleAnonymousTransferReceptionERKNS_7RxFrameE:
 494              		@ args = 0, pretend = 0, frame = 40
 495              		@ frame_needed = 0, uses_anonymous_args = 0
 496 0000 10B5     		push	{r4, lr}
 497 0002 90F82630 		ldrb	r3, [r0, #38]	@ zero_extendqisi2
 498 0006 8AB0     		sub	sp, sp, #40
 499 0008 0446     		mov	r4, r0
 500 000a 7BB1     		cbz	r3, .L55
 501 000c 006A     		ldr	r0, [r0, #32]
 502 000e D0E90223 		ldrd	r2, [r0, #8]
 503 0012 0132     		adds	r2, r2, #1
 504 0014 43F10003 		adc	r3, r3, #0
 505 0018 C0E90223 		strd	r2, [r0, #8]
 506 001c 6846     		mov	r0, sp
 507 001e FFF7FEFF 		bl	_ZN6uavcan27SingleFrameIncomingTransferC2ERKNS_7RxFrameE
 508 0022 2368     		ldr	r3, [r4]
 509 0024 2046     		mov	r0, r4
 510 0026 1B68     		ldr	r3, [r3]
 511 0028 6946     		mov	r1, sp
 512 002a 9847     		blx	r3
 513              	.L55:
ARM GAS  /tmp/ccjzYqTx.s 			page 10


 514 002c 0AB0     		add	sp, sp, #40
 515              		@ sp needed
 516 002e 10BD     		pop	{r4, pc}
 517              		.size	_ZN6uavcan16TransferListener32handleAnonymousTransferReceptionERKNS_7RxFrameE, .-_ZN6uavcan1
 518              		.section	.text._ZN6uavcan3MapINS_24TransferBufferManagerKeyENS_16TransferReceiverEE7findKeyERKS1_,
 519              		.align	1
 520              		.weak	_ZN6uavcan3MapINS_24TransferBufferManagerKeyENS_16TransferReceiverEE7findKeyERKS1_
 521              		.thumb
 522              		.thumb_func
 523              		.type	_ZN6uavcan3MapINS_24TransferBufferManagerKeyENS_16TransferReceiverEE7findKeyERKS1_, %functio
 524              	_ZN6uavcan3MapINS_24TransferBufferManagerKeyENS_16TransferReceiverEE7findKeyERKS1_:
 525              		@ args = 0, pretend = 0, frame = 0
 526              		@ frame_needed = 0, uses_anonymous_args = 0
 527              		@ link register save eliminated.
 528              	.L62:
 529 0000 0068     		ldr	r0, [r0]
 530 0002 58B1     		cbz	r0, .L67
 531 0004 0A78     		ldrb	r2, [r1]	@ zero_extendqisi2
 532 0006 90F82830 		ldrb	r3, [r0, #40]	@ zero_extendqisi2
 533 000a 9A42     		cmp	r2, r3
 534 000c F8D1     		bne	.L62
 535 000e 4A78     		ldrb	r2, [r1, #1]	@ zero_extendqisi2
 536 0010 90F82930 		ldrb	r3, [r0, #41]	@ zero_extendqisi2
 537 0014 9A42     		cmp	r2, r3
 538 0016 F3D1     		bne	.L62
 539 0018 0830     		adds	r0, r0, #8
 540 001a 7047     		bx	lr
 541              	.L67:
 542 001c 7047     		bx	lr
 543              		.size	_ZN6uavcan3MapINS_24TransferBufferManagerKeyENS_16TransferReceiverEE7findKeyERKS1_, .-_ZN6ua
 544              		.section	.text._ZN6uavcan14LinkedListRootINS_3MapINS_24TransferBufferManagerKeyENS_16TransferRecei
 545              		.align	1
 546              		.weak	_ZN6uavcan14LinkedListRootINS_3MapINS_24TransferBufferManagerKeyENS_16TransferReceiverEE7KVG
 547              		.thumb
 548              		.thumb_func
 549              		.type	_ZN6uavcan14LinkedListRootINS_3MapINS_24TransferBufferManagerKeyENS_16TransferReceiverEE7KVG
 550              	_ZN6uavcan14LinkedListRootINS_3MapINS_24TransferBufferManagerKeyENS_16TransferReceiverEE7KVGroupEE6
 551              		@ args = 0, pretend = 0, frame = 0
 552              		@ frame_needed = 0, uses_anonymous_args = 0
 553              		@ link register save eliminated.
 554 0000 0368     		ldr	r3, [r0]
 555 0002 6BB1     		cbz	r3, .L68
 556 0004 61B1     		cbz	r1, .L68
 557 0006 8B42     		cmp	r3, r1
 558 0008 03D1     		bne	.L71
 559 000a 1B68     		ldr	r3, [r3]
 560 000c 0360     		str	r3, [r0]
 561 000e 7047     		bx	lr
 562              	.L73:
 563 0010 1346     		mov	r3, r2
 564              	.L71:
 565 0012 1A68     		ldr	r2, [r3]
 566 0014 22B1     		cbz	r2, .L68
 567 0016 8A42     		cmp	r2, r1
 568 0018 FAD1     		bne	.L73
 569 001a 0A68     		ldr	r2, [r1]
 570 001c 1A60     		str	r2, [r3]
ARM GAS  /tmp/ccjzYqTx.s 			page 11


 571 001e 7047     		bx	lr
 572              	.L68:
 573 0020 7047     		bx	lr
 574              		.size	_ZN6uavcan14LinkedListRootINS_3MapINS_24TransferBufferManagerKeyENS_16TransferReceiverEE7KVG
 575              		.section	.text._ZN6uavcan3MapINS_24TransferBufferManagerKeyENS_16TransferReceiverEE6insertERKS1_RK
 576              		.align	1
 577              		.thumb
 578              		.thumb_func
 579              		.type	_ZN6uavcan3MapINS_24TransferBufferManagerKeyENS_16TransferReceiverEE6insertERKS1_RKS2_.part.
 580              	_ZN6uavcan3MapINS_24TransferBufferManagerKeyENS_16TransferReceiverEE6insertERKS1_RKS2_.part.18:
 581              		@ args = 0, pretend = 0, frame = 40
 582              		@ frame_needed = 0, uses_anonymous_args = 0
 583 0000 2DE9F043 		push	{r4, r5, r6, r7, r8, r9, lr}
 584 0004 0746     		mov	r7, r0
 585 0006 4068     		ldr	r0, [r0, #4]
 586 0008 8BB0     		sub	sp, sp, #44
 587 000a 0368     		ldr	r3, [r0]
 588 000c 8946     		mov	r9, r1
 589 000e 9B68     		ldr	r3, [r3, #8]
 590 0010 3021     		movs	r1, #48
 591 0012 1446     		mov	r4, r2
 592 0014 9847     		blx	r3
 593 0016 4FF00008 		mov	r8, #0
 594 001a 0546     		mov	r5, r0
 595 001c 0646     		mov	r6, r0
 596 001e 48B3     		cbz	r0, .L81
 597 0020 46F8088B 		str	r8, [r6], #8
 598 0024 3046     		mov	r0, r6
 599 0026 FFF7FEFF 		bl	_ZN6uavcan16TransferReceiverC1Ev
 600 002a FF23     		movs	r3, #255
 601 002c 85F82830 		strb	r3, [r5, #40]
 602 0030 2946     		mov	r1, r5
 603 0032 85F82980 		strb	r8, [r5, #41]
 604 0036 3846     		mov	r0, r7
 605 0038 FFF7FEFF 		bl	_ZN6uavcan14LinkedListRootINS_3MapINS_24TransferBufferManagerKeyENS_16TransferReceiverEE7KVGrou
 606 003c 3B68     		ldr	r3, [r7]
 607 003e 2B60     		str	r3, [r5]
 608 0040 3D60     		str	r5, [r7]
 609 0042 6D46     		mov	r5, sp
 610 0044 0FCC     		ldmia	r4!, {r0, r1, r2, r3}
 611 0046 0FC5     		stmia	r5!, {r0, r1, r2, r3}
 612 0048 94E80F00 		ldmia	r4, {r0, r1, r2, r3}
 613 004c 85E80F00 		stmia	r5, {r0, r1, r2, r3}
 614 0050 B9F80030 		ldrh	r3, [r9]	@ unaligned
 615 0054 6C46     		mov	r4, sp
 616 0056 ADF82030 		strh	r3, [sp, #32]	@ unaligned
 617 005a 3346     		mov	r3, r6
 618 005c 08AD     		add	r5, sp, #32
 619              	.L82:
 620 005e 2246     		mov	r2, r4
 621 0060 03CA     		ldmia	r2!, {r0, r1}
 622 0062 AA42     		cmp	r2, r5
 623 0064 1860     		str	r0, [r3]	@ unaligned
 624 0066 5960     		str	r1, [r3, #4]	@ unaligned
 625 0068 1446     		mov	r4, r2
 626 006a 03F10803 		add	r3, r3, #8
 627 006e F6D1     		bne	.L82
ARM GAS  /tmp/ccjzYqTx.s 			page 12


 628 0070 1288     		ldrh	r2, [r2]	@ unaligned
 629 0072 1A80     		strh	r2, [r3]	@ unaligned
 630              	.L81:
 631 0074 3046     		mov	r0, r6
 632 0076 0BB0     		add	sp, sp, #44
 633              		@ sp needed
 634 0078 BDE8F083 		pop	{r4, r5, r6, r7, r8, r9, pc}
 635              		.size	_ZN6uavcan3MapINS_24TransferBufferManagerKeyENS_16TransferReceiverEE6insertERKS1_RKS2_.part.
 636              		.section	.text._ZN6uavcan3MapINS_24TransferBufferManagerKeyENS_16TransferReceiverEE7compactEv,"axG
 637              		.align	1
 638              		.weak	_ZN6uavcan3MapINS_24TransferBufferManagerKeyENS_16TransferReceiverEE7compactEv
 639              		.thumb
 640              		.thumb_func
 641              		.type	_ZN6uavcan3MapINS_24TransferBufferManagerKeyENS_16TransferReceiverEE7compactEv, %function
 642              	_ZN6uavcan3MapINS_24TransferBufferManagerKeyENS_16TransferReceiverEE7compactEv:
 643              		@ args = 0, pretend = 0, frame = 0
 644              		@ frame_needed = 0, uses_anonymous_args = 0
 645 0000 70B5     		push	{r4, r5, r6, lr}
 646 0002 0546     		mov	r5, r0
 647 0004 0468     		ldr	r4, [r0]
 648              	.L86:
 649 0006 74B1     		cbz	r4, .L95
 650 0008 94F82830 		ldrb	r3, [r4, #40]	@ zero_extendqisi2
 651 000c 2668     		ldr	r6, [r4]
 652 000e FF2B     		cmp	r3, #255
 653 0010 07D1     		bne	.L89
 654 0012 94F82930 		ldrb	r3, [r4, #41]	@ zero_extendqisi2
 655 0016 3BB1     		cbz	r3, .L88
 656 0018 03E0     		b	.L89
 657              	.L90:
 658 001a 0368     		ldr	r3, [r0]
 659 001c 2146     		mov	r1, r4
 660 001e DB68     		ldr	r3, [r3, #12]
 661 0020 9847     		blx	r3
 662              	.L89:
 663 0022 3446     		mov	r4, r6
 664 0024 EFE7     		b	.L86
 665              	.L95:
 666 0026 70BD     		pop	{r4, r5, r6, pc}
 667              	.L88:
 668 0028 2846     		mov	r0, r5
 669 002a 2146     		mov	r1, r4
 670 002c FFF7FEFF 		bl	_ZN6uavcan14LinkedListRootINS_3MapINS_24TransferBufferManagerKeyENS_16TransferReceiverEE7KVGrou
 671 0030 6868     		ldr	r0, [r5, #4]
 672 0032 04F10802 		add	r2, r4, #8
 673 0036 04F13003 		add	r3, r4, #48
 674              	.L91:
 675 003a 9342     		cmp	r3, r2
 676 003c EDD0     		beq	.L90
 677 003e 283B     		subs	r3, r3, #40
 678 0040 FBE7     		b	.L91
 679              		.size	_ZN6uavcan3MapINS_24TransferBufferManagerKeyENS_16TransferReceiverEE7compactEv, .-_ZN6uavcan
 680              		.section	.text._ZN6uavcan3MapINS_24TransferBufferManagerKeyENS_16TransferReceiverEE14removeAllWher
 681              		.align	1
 682              		.thumb
 683              		.thumb_func
 684              		.type	_ZN6uavcan3MapINS_24TransferBufferManagerKeyENS_16TransferReceiverEE14removeAllWhereINS3_12Y
ARM GAS  /tmp/ccjzYqTx.s 			page 13


 685              	_ZN6uavcan3MapINS_24TransferBufferManagerKeyENS_16TransferReceiverEE14removeAllWhereINS3_12YesPredi
 686              		@ args = 0, pretend = 0, frame = 40
 687              		@ frame_needed = 0, uses_anonymous_args = 0
 688 0000 2DE9F041 		push	{r4, r5, r6, r7, r8, lr}
 689 0004 0746     		mov	r7, r0
 690 0006 0468     		ldr	r4, [r0]
 691 0008 8AB0     		sub	sp, sp, #40
 692 000a 0026     		movs	r6, #0
 693              	.L97:
 694 000c 34B3     		cbz	r4, .L109
 695 000e 94F82830 		ldrb	r3, [r4, #40]	@ zero_extendqisi2
 696 0012 D4F80080 		ldr	r8, [r4]
 697 0016 FF2B     		cmp	r3, #255
 698 0018 06D1     		bne	.L103
 699 001a 94F82950 		ldrb	r5, [r4, #41]	@ zero_extendqisi2
 700 001e B5FA85F5 		clz	r5, r5
 701 0022 6D09     		lsrs	r5, r5, #5
 702 0024 C5B9     		cbnz	r5, .L99
 703 0026 00E0     		b	.L108
 704              	.L103:
 705 0028 0025     		movs	r5, #0
 706              	.L108:
 707 002a 6846     		mov	r0, sp
 708 002c FFF7FEFF 		bl	_ZN6uavcan16TransferReceiverC1Ev
 709 0030 FF23     		movs	r3, #255
 710 0032 8DF82030 		strb	r3, [sp, #32]
 711 0036 6B46     		mov	r3, sp
 712 0038 8DF82150 		strb	r5, [sp, #33]
 713 003c 0136     		adds	r6, r6, #1
 714 003e 0834     		adds	r4, r4, #8
 715 0040 08AD     		add	r5, sp, #32
 716              	.L100:
 717 0042 1A46     		mov	r2, r3
 718 0044 03CA     		ldmia	r2!, {r0, r1}
 719 0046 AA42     		cmp	r2, r5
 720 0048 2060     		str	r0, [r4]	@ unaligned
 721 004a 6160     		str	r1, [r4, #4]	@ unaligned
 722 004c 1346     		mov	r3, r2
 723 004e 04F10804 		add	r4, r4, #8
 724 0052 F6D1     		bne	.L100
 725 0054 1388     		ldrh	r3, [r2]	@ unaligned
 726 0056 2380     		strh	r3, [r4]	@ unaligned
 727              	.L99:
 728 0058 4446     		mov	r4, r8
 729 005a D7E7     		b	.L97
 730              	.L109:
 731 005c 16B1     		cbz	r6, .L96
 732 005e 3846     		mov	r0, r7
 733 0060 FFF7FEFF 		bl	_ZN6uavcan3MapINS_24TransferBufferManagerKeyENS_16TransferReceiverEE7compactEv
 734              	.L96:
 735 0064 0AB0     		add	sp, sp, #40
 736              		@ sp needed
 737 0066 BDE8F081 		pop	{r4, r5, r6, r7, r8, pc}
 738              		.size	_ZN6uavcan3MapINS_24TransferBufferManagerKeyENS_16TransferReceiverEE14removeAllWhereINS3_12Y
 739              		.section	.text._ZN6uavcan16TransferListenerD2Ev,"ax",%progbits
 740              		.align	1
 741              		.global	_ZN6uavcan16TransferListenerD2Ev
ARM GAS  /tmp/ccjzYqTx.s 			page 14


 742              		.thumb
 743              		.thumb_func
 744              		.type	_ZN6uavcan16TransferListenerD2Ev, %function
 745              	_ZN6uavcan16TransferListenerD2Ev:
 746              		@ args = 0, pretend = 0, frame = 0
 747              		@ frame_needed = 0, uses_anonymous_args = 0
 748 0000 38B5     		push	{r3, r4, r5, lr}
 749 0002 0446     		mov	r4, r0
 750 0004 0546     		mov	r5, r0
 751 0006 074B     		ldr	r3, .L111
 752 0008 44F8183B 		str	r3, [r4], #24
 753 000c 2046     		mov	r0, r4
 754 000e FFF7FEFF 		bl	_ZN6uavcan3MapINS_24TransferBufferManagerKeyENS_16TransferReceiverEE14removeAllWhereINS3_12YesP
 755 0012 2046     		mov	r0, r4
 756 0014 FFF7FEFF 		bl	_ZN6uavcan3MapINS_24TransferBufferManagerKeyENS_16TransferReceiverEE14removeAllWhereINS3_12YesP
 757 0018 05F10C00 		add	r0, r5, #12
 758 001c FFF7FEFF 		bl	_ZN6uavcan21TransferBufferManagerD1Ev
 759 0020 2846     		mov	r0, r5
 760 0022 38BD     		pop	{r3, r4, r5, pc}
 761              	.L112:
 762              		.align	2
 763              	.L111:
 764 0024 08000000 		.word	.LANCHOR2+8
 765              		.size	_ZN6uavcan16TransferListenerD2Ev, .-_ZN6uavcan16TransferListenerD2Ev
 766              		.global	_ZN6uavcan16TransferListenerD1Ev
 767              		.thumb_set _ZN6uavcan16TransferListenerD1Ev,_ZN6uavcan16TransferListenerD2Ev
 768              		.section	.text._ZN6uavcan16TransferListenerD0Ev,"ax",%progbits
 769              		.align	1
 770              		.global	_ZN6uavcan16TransferListenerD0Ev
 771              		.thumb
 772              		.thumb_func
 773              		.type	_ZN6uavcan16TransferListenerD0Ev, %function
 774              	_ZN6uavcan16TransferListenerD0Ev:
 775              		@ args = 0, pretend = 0, frame = 0
 776              		@ frame_needed = 0, uses_anonymous_args = 0
 777 0000 10B5     		push	{r4, lr}
 778 0002 0446     		mov	r4, r0
 779 0004 FFF7FEFF 		bl	_ZN6uavcan16TransferListenerD2Ev
 780 0008 2046     		mov	r0, r4
 781 000a FFF7FEFF 		bl	_ZdlPv
 782 000e 2046     		mov	r0, r4
 783 0010 10BD     		pop	{r4, pc}
 784              		.size	_ZN6uavcan16TransferListenerD0Ev, .-_ZN6uavcan16TransferListenerD0Ev
 785              		.section	.text._ZN6uavcan3MapINS_24TransferBufferManagerKeyENS_16TransferReceiverEE14removeAllWher
 786              		.align	1
 787              		.weak	_ZN6uavcan3MapINS_24TransferBufferManagerKeyENS_16TransferReceiverEE14removeAllWhereINS_16Tr
 788              		.thumb
 789              		.thumb_func
 790              		.type	_ZN6uavcan3MapINS_24TransferBufferManagerKeyENS_16TransferReceiverEE14removeAllWhereINS_16Tr
 791              	_ZN6uavcan3MapINS_24TransferBufferManagerKeyENS_16TransferReceiverEE14removeAllWhereINS_16TransferL
 792              		@ args = 0, pretend = 0, frame = 40
 793              		@ frame_needed = 0, uses_anonymous_args = 0
 794 0000 2DE9F043 		push	{r4, r5, r6, r7, r8, r9, lr}
 795 0004 0646     		mov	r6, r0
 796 0006 0F46     		mov	r7, r1
 797 0008 0168     		ldr	r1, [r0]
 798 000a 8BB0     		sub	sp, sp, #44
ARM GAS  /tmp/ccjzYqTx.s 			page 15


 799 000c 4FF00009 		mov	r9, #0
 800              	.L115:
 801 0010 79B3     		cbz	r1, .L130
 802 0012 91F82830 		ldrb	r3, [r1, #40]	@ zero_extendqisi2
 803 0016 D1F80080 		ldr	r8, [r1]
 804 001a FF2B     		cmp	r3, #255
 805 001c 06D1     		bne	.L121
 806 001e 91F82950 		ldrb	r5, [r1, #41]	@ zero_extendqisi2
 807 0022 B5FA85F5 		clz	r5, r5
 808 0026 6D09     		lsrs	r5, r5, #5
 809 0028 0DBB     		cbnz	r5, .L117
 810 002a 00E0     		b	.L129
 811              	.L121:
 812 002c 0025     		movs	r5, #0
 813              	.L129:
 814 002e 01F10804 		add	r4, r1, #8
 815 0032 3846     		mov	r0, r7
 816 0034 2831     		adds	r1, r1, #40
 817 0036 2246     		mov	r2, r4
 818 0038 FFF7FEFF 		bl	_ZNK6uavcan16TransferListener25TimedOutReceiverPredicateclERKNS_24TransferBufferManagerKeyERKNS
 819 003c B8B1     		cbz	r0, .L117
 820 003e 6846     		mov	r0, sp
 821 0040 FFF7FEFF 		bl	_ZN6uavcan16TransferReceiverC1Ev
 822 0044 FF23     		movs	r3, #255
 823 0046 8DF82030 		strb	r3, [sp, #32]
 824 004a 2246     		mov	r2, r4
 825 004c 6B46     		mov	r3, sp
 826 004e 8DF82150 		strb	r5, [sp, #33]
 827 0052 09F10109 		add	r9, r9, #1
 828 0056 08AD     		add	r5, sp, #32
 829              	.L118:
 830 0058 1C46     		mov	r4, r3
 831 005a 03CC     		ldmia	r4!, {r0, r1}
 832 005c AC42     		cmp	r4, r5
 833 005e 1060     		str	r0, [r2]	@ unaligned
 834 0060 5160     		str	r1, [r2, #4]	@ unaligned
 835 0062 2346     		mov	r3, r4
 836 0064 02F10802 		add	r2, r2, #8
 837 0068 F6D1     		bne	.L118
 838 006a 2388     		ldrh	r3, [r4]	@ unaligned
 839 006c 1380     		strh	r3, [r2]	@ unaligned
 840              	.L117:
 841 006e 4146     		mov	r1, r8
 842 0070 CEE7     		b	.L115
 843              	.L130:
 844 0072 B9F1000F 		cmp	r9, #0
 845 0076 02D0     		beq	.L114
 846 0078 3046     		mov	r0, r6
 847 007a FFF7FEFF 		bl	_ZN6uavcan3MapINS_24TransferBufferManagerKeyENS_16TransferReceiverEE7compactEv
 848              	.L114:
 849 007e 0BB0     		add	sp, sp, #44
 850              		@ sp needed
 851 0080 BDE8F083 		pop	{r4, r5, r6, r7, r8, r9, pc}
 852              		.size	_ZN6uavcan3MapINS_24TransferBufferManagerKeyENS_16TransferReceiverEE14removeAllWhereINS_16Tr
 853              		.section	.text._ZN6uavcan16TransferListener7cleanupENS_13MonotonicTimeE,"ax",%progbits
 854              		.align	1
 855              		.global	_ZN6uavcan16TransferListener7cleanupENS_13MonotonicTimeE
ARM GAS  /tmp/ccjzYqTx.s 			page 16


 856              		.thumb
 857              		.thumb_func
 858              		.type	_ZN6uavcan16TransferListener7cleanupENS_13MonotonicTimeE, %function
 859              	_ZN6uavcan16TransferListener7cleanupENS_13MonotonicTimeE:
 860              		@ args = 0, pretend = 0, frame = 16
 861              		@ frame_needed = 0, uses_anonymous_args = 0
 862 0000 1FB5     		push	{r0, r1, r2, r3, r4, lr}
 863 0002 D1E90023 		ldrd	r2, [r1]
 864 0006 6946     		mov	r1, sp
 865 0008 CDE90023 		strd	r2, [sp]
 866 000c 00F10C03 		add	r3, r0, #12
 867 0010 1830     		adds	r0, r0, #24
 868 0012 0293     		str	r3, [sp, #8]
 869 0014 FFF7FEFF 		bl	_ZN6uavcan3MapINS_24TransferBufferManagerKeyENS_16TransferReceiverEE14removeAllWhereINS_16Trans
 870 0018 05B0     		add	sp, sp, #20
 871              		@ sp needed
 872 001a 5DF804FB 		ldr	pc, [sp], #4
 873              		.size	_ZN6uavcan16TransferListener7cleanupENS_13MonotonicTimeE, .-_ZN6uavcan16TransferListener7cle
 874              		.section	.text._ZN6uavcan3MapINS_24TransferBufferManagerKeyENS_16TransferReceiverEE6insertERKS1_RK
 875              		.align	1
 876              		.weak	_ZN6uavcan3MapINS_24TransferBufferManagerKeyENS_16TransferReceiverEE6insertERKS1_RKS2_
 877              		.thumb
 878              		.thumb_func
 879              		.type	_ZN6uavcan3MapINS_24TransferBufferManagerKeyENS_16TransferReceiverEE6insertERKS1_RKS2_, %fun
 880              	_ZN6uavcan3MapINS_24TransferBufferManagerKeyENS_16TransferReceiverEE6insertERKS1_RKS2_:
 881              		@ args = 0, pretend = 0, frame = 40
 882              		@ frame_needed = 0, uses_anonymous_args = 0
 883 0000 F0B5     		push	{r4, r5, r6, r7, lr}
 884 0002 8BB0     		sub	sp, sp, #44
 885 0004 0446     		mov	r4, r0
 886 0006 0F46     		mov	r7, r1
 887 0008 1546     		mov	r5, r2
 888 000a FFF7FEFF 		bl	_ZN6uavcan3MapINS_24TransferBufferManagerKeyENS_16TransferReceiverEE7findKeyERKS1_
 889 000e 90B3     		cbz	r0, .L133
 890 0010 6FF01702 		mvn	r2, #23
 891 0014 0276     		strb	r2, [r0, #24]
 892 0016 0322     		movs	r2, #3
 893 0018 4276     		strb	r2, [r0, #25]
 894 001a C27F     		ldrb	r2, [r0, #31]	@ zero_extendqisi2
 895 001c 0023     		movs	r3, #0
 896 001e 02F0FE02 		and	r2, r2, #254
 897 0022 42F00602 		orr	r2, r2, #6
 898 0026 63F3C702 		bfi	r2, r3, #3, #5
 899 002a C277     		strb	r2, [r0, #31]
 900 002c FF22     		movs	r2, #255
 901 002e 0370     		strb	r3, [r0]
 902 0030 4370     		strb	r3, [r0, #1]
 903 0032 8370     		strb	r3, [r0, #2]
 904 0034 C370     		strb	r3, [r0, #3]
 905 0036 0371     		strb	r3, [r0, #4]
 906 0038 4371     		strb	r3, [r0, #5]
 907 003a 8371     		strb	r3, [r0, #6]
 908 003c C371     		strb	r3, [r0, #7]
 909 003e 0372     		strb	r3, [r0, #8]
 910 0040 4372     		strb	r3, [r0, #9]
 911 0042 8372     		strb	r3, [r0, #10]
 912 0044 C372     		strb	r3, [r0, #11]
ARM GAS  /tmp/ccjzYqTx.s 			page 17


 913 0046 0373     		strb	r3, [r0, #12]
 914 0048 4373     		strb	r3, [r0, #13]
 915 004a 8373     		strb	r3, [r0, #14]
 916 004c C373     		strb	r3, [r0, #15]
 917 004e 0374     		strb	r3, [r0, #16]
 918 0050 4374     		strb	r3, [r0, #17]
 919 0052 8374     		strb	r3, [r0, #18]
 920 0054 C374     		strb	r3, [r0, #19]
 921 0056 0375     		strb	r3, [r0, #20]
 922 0058 4375     		strb	r3, [r0, #21]
 923 005a 8375     		strb	r3, [r0, #22]
 924 005c C375     		strb	r3, [r0, #23]
 925 005e 8376     		strb	r3, [r0, #26]
 926 0060 C376     		strb	r3, [r0, #27]
 927 0062 0377     		strb	r3, [r0, #28]
 928 0064 4377     		strb	r3, [r0, #29]
 929 0066 8377     		strb	r3, [r0, #30]
 930 0068 80F82020 		strb	r2, [r0, #32]
 931 006c 80F82130 		strb	r3, [r0, #33]
 932 0070 2046     		mov	r0, r4
 933 0072 FFF7FEFF 		bl	_ZN6uavcan3MapINS_24TransferBufferManagerKeyENS_16TransferReceiverEE7compactEv
 934              	.L133:
 935 0076 FF23     		movs	r3, #255
 936 0078 8DF80030 		strb	r3, [sp]
 937 007c 2046     		mov	r0, r4
 938 007e 0023     		movs	r3, #0
 939 0080 6946     		mov	r1, sp
 940 0082 8DF80130 		strb	r3, [sp, #1]
 941 0086 FFF7FEFF 		bl	_ZN6uavcan3MapINS_24TransferBufferManagerKeyENS_16TransferReceiverEE7findKeyERKS1_
 942 008a 0646     		mov	r6, r0
 943 008c C8B1     		cbz	r0, .L134
 944 008e 0FCD     		ldmia	r5!, {r0, r1, r2, r3}
 945 0090 6C46     		mov	r4, sp
 946 0092 0FC4     		stmia	r4!, {r0, r1, r2, r3}
 947 0094 95E80F00 		ldmia	r5, {r0, r1, r2, r3}
 948 0098 84E80F00 		stmia	r4, {r0, r1, r2, r3}
 949 009c 3B88     		ldrh	r3, [r7]	@ unaligned
 950 009e 0AAD     		add	r5, sp, #40
 951 00a0 25F8083D 		strh	r3, [r5, #-8]!	@ unaligned
 952 00a4 3246     		mov	r2, r6
 953 00a6 6B46     		mov	r3, sp
 954              	.L135:
 955 00a8 1C46     		mov	r4, r3
 956 00aa 03CC     		ldmia	r4!, {r0, r1}
 957 00ac AC42     		cmp	r4, r5
 958 00ae 1060     		str	r0, [r2]	@ unaligned
 959 00b0 5160     		str	r1, [r2, #4]	@ unaligned
 960 00b2 2346     		mov	r3, r4
 961 00b4 02F10802 		add	r2, r2, #8
 962 00b8 F6D1     		bne	.L135
 963 00ba 2388     		ldrh	r3, [r4]	@ unaligned
 964 00bc 3046     		mov	r0, r6
 965 00be 1380     		strh	r3, [r2]	@ unaligned
 966 00c0 04E0     		b	.L136
 967              	.L134:
 968 00c2 2046     		mov	r0, r4
 969 00c4 3946     		mov	r1, r7
ARM GAS  /tmp/ccjzYqTx.s 			page 18


 970 00c6 2A46     		mov	r2, r5
 971 00c8 FFF7FEFF 		bl	_ZN6uavcan3MapINS_24TransferBufferManagerKeyENS_16TransferReceiverEE6insertERKS1_RKS2_.part.18
 972              	.L136:
 973 00cc 0BB0     		add	sp, sp, #44
 974              		@ sp needed
 975 00ce F0BD     		pop	{r4, r5, r6, r7, pc}
 976              		.size	_ZN6uavcan3MapINS_24TransferBufferManagerKeyENS_16TransferReceiverEE6insertERKS1_RKS2_, .-_Z
 977              		.section	.text._ZN6uavcan16TransferListener11handleFrameERKNS_7RxFrameE,"ax",%progbits
 978              		.align	1
 979              		.global	_ZN6uavcan16TransferListener11handleFrameERKNS_7RxFrameE
 980              		.thumb
 981              		.thumb_func
 982              		.type	_ZN6uavcan16TransferListener11handleFrameERKNS_7RxFrameE, %function
 983              	_ZN6uavcan16TransferListener11handleFrameERKNS_7RxFrameE:
 984              		@ args = 0, pretend = 0, frame = 40
 985              		@ frame_needed = 0, uses_anonymous_args = 0
 986 0000 70B5     		push	{r4, r5, r6, lr}
 987 0002 0B7D     		ldrb	r3, [r1, #20]	@ zero_extendqisi2
 988 0004 8AB0     		sub	sp, sp, #40
 989 0006 5AB2     		sxtb	r2, r3
 990 0008 002A     		cmp	r2, #0
 991 000a 0546     		mov	r5, r0
 992 000c 0C46     		mov	r4, r1
 993 000e 2CDD     		ble	.L142
 994 0010 0A7A     		ldrb	r2, [r1, #8]	@ zero_extendqisi2
 995 0012 00F11806 		add	r6, r0, #24
 996 0016 3046     		mov	r0, r6
 997 0018 0DF10601 		add	r1, sp, #6
 998 001c 8DF80630 		strb	r3, [sp, #6]
 999 0020 8DF80720 		strb	r2, [sp, #7]
 1000 0024 FFF7FEFF 		bl	_ZN6uavcan3MapINS_24TransferBufferManagerKeyENS_16TransferReceiverEE7findKeyERKS1_
 1001 0028 08B1     		cbz	r0, .L143
 1002 002a 0146     		mov	r1, r0
 1003 002c 0CE0     		b	.L144
 1004              	.L143:
 1005 002e E37D     		ldrb	r3, [r4, #23]	@ zero_extendqisi2
 1006 0030 23B3     		cbz	r3, .L141
 1007 0032 02A8     		add	r0, sp, #8
 1008 0034 FFF7FEFF 		bl	_ZN6uavcan16TransferReceiverC1Ev
 1009 0038 0DF10601 		add	r1, sp, #6
 1010 003c 3046     		mov	r0, r6
 1011 003e 02AA     		add	r2, sp, #8
 1012 0040 FFF7FEFF 		bl	_ZN6uavcan3MapINS_24TransferBufferManagerKeyENS_16TransferReceiverEE6insertERKS1_RKS2_
 1013 0044 0146     		mov	r1, r0
 1014 0046 C8B1     		cbz	r0, .L141
 1015              	.L144:
 1016 0048 9DF80620 		ldrb	r2, [sp, #6]	@ zero_extendqisi2
 1017 004c 9DF80730 		ldrb	r3, [sp, #7]	@ zero_extendqisi2
 1018 0050 05F10C00 		add	r0, r5, #12
 1019 0054 0290     		str	r0, [sp, #8]
 1020 0056 8DF80C20 		strb	r2, [sp, #12]
 1021 005a 8DF80D30 		strb	r3, [sp, #13]
 1022 005e 2846     		mov	r0, r5
 1023 0060 2246     		mov	r2, r4
 1024 0062 02AB     		add	r3, sp, #8
 1025 0064 FFF7FEFF 		bl	_ZN6uavcan16TransferListener15handleReceptionERNS_16TransferReceiverERKNS_7RxFrameERNS_22Transf
 1026 0068 08E0     		b	.L141
ARM GAS  /tmp/ccjzYqTx.s 			page 19


 1027              	.L142:
 1028 006a 3BB9     		cbnz	r3, .L141
 1029 006c CB7D     		ldrb	r3, [r1, #23]	@ zero_extendqisi2
 1030 006e 2BB1     		cbz	r3, .L141
 1031 0070 0B7E     		ldrb	r3, [r1, #24]	@ zero_extendqisi2
 1032 0072 1BB1     		cbz	r3, .L141
 1033 0074 4B7D     		ldrb	r3, [r1, #21]	@ zero_extendqisi2
 1034 0076 0BB9     		cbnz	r3, .L141
 1035 0078 FFF7FEFF 		bl	_ZN6uavcan16TransferListener32handleAnonymousTransferReceptionERKNS_7RxFrameE
 1036              	.L141:
 1037 007c 0AB0     		add	sp, sp, #40
 1038              		@ sp needed
 1039 007e 70BD     		pop	{r4, r5, r6, pc}
 1040              		.size	_ZN6uavcan16TransferListener11handleFrameERKNS_7RxFrameE, .-_ZN6uavcan16TransferListener11ha
 1041              		.section	.text._ZN6uavcan26TransferListenerWithFilter11handleFrameERKNS_7RxFrameE,"ax",%progbits
 1042              		.align	1
 1043              		.global	_ZN6uavcan26TransferListenerWithFilter11handleFrameERKNS_7RxFrameE
 1044              		.thumb
 1045              		.thumb_func
 1046              		.type	_ZN6uavcan26TransferListenerWithFilter11handleFrameERKNS_7RxFrameE, %function
 1047              	_ZN6uavcan26TransferListenerWithFilter11handleFrameERKNS_7RxFrameE:
 1048              		@ args = 0, pretend = 0, frame = 0
 1049              		@ frame_needed = 0, uses_anonymous_args = 0
 1050 0000 38B5     		push	{r3, r4, r5, lr}
 1051 0002 0446     		mov	r4, r0
 1052 0004 806A     		ldr	r0, [r0, #40]
 1053 0006 0D46     		mov	r5, r1
 1054 0008 48B1     		cbz	r0, .L158
 1055 000a 0368     		ldr	r3, [r0]
 1056 000c 1B68     		ldr	r3, [r3]
 1057 000e 9847     		blx	r3
 1058 0010 28B1     		cbz	r0, .L158
 1059 0012 2046     		mov	r0, r4
 1060 0014 2946     		mov	r1, r5
 1061 0016 BDE83840 		pop	{r3, r4, r5, lr}
 1062 001a FFF7FEBF 		b	_ZN6uavcan16TransferListener11handleFrameERKNS_7RxFrameE
 1063              	.L158:
 1064 001e 38BD     		pop	{r3, r4, r5, pc}
 1065              		.size	_ZN6uavcan26TransferListenerWithFilter11handleFrameERKNS_7RxFrameE, .-_ZN6uavcan26TransferLi
 1066              		.global	_ZTVN6uavcan16IncomingTransferE
 1067              		.global	_ZTVN6uavcan27SingleFrameIncomingTransferE
 1068              		.global	_ZTVN6uavcan26MultiFrameIncomingTransferE
 1069              		.global	_ZTVN6uavcan16TransferListenerE
 1070              		.global	_ZTVN6uavcan26TransferListenerWithFilterE
 1071              		.section	.rodata._ZTVN6uavcan27SingleFrameIncomingTransferE,"a",%progbits
 1072              		.align	3
 1073              		.set	.LANCHOR0,. + 0
 1074              		.type	_ZTVN6uavcan27SingleFrameIncomingTransferE, %object
 1075              		.size	_ZTVN6uavcan27SingleFrameIncomingTransferE, 32
 1076              	_ZTVN6uavcan27SingleFrameIncomingTransferE:
 1077 0000 00000000 		.word	0
 1078 0004 00000000 		.word	0
 1079 0008 00000000 		.word	_ZN6uavcan27SingleFrameIncomingTransferD1Ev
 1080 000c 00000000 		.word	_ZN6uavcan27SingleFrameIncomingTransferD0Ev
 1081 0010 00000000 		.word	_ZNK6uavcan27SingleFrameIncomingTransfer4readEjPhj
 1082 0014 00000000 		.word	_ZN6uavcan16IncomingTransfer5writeEjPKhj
 1083 0018 00000000 		.word	_ZN6uavcan16IncomingTransfer7releaseEv
ARM GAS  /tmp/ccjzYqTx.s 			page 20


 1084 001c 00000000 		.word	_ZNK6uavcan27SingleFrameIncomingTransfer19isAnonymousTransferEv
 1085              		.section	.rodata._ZTVN6uavcan16TransferListenerE,"a",%progbits
 1086              		.align	3
 1087              		.set	.LANCHOR2,. + 0
 1088              		.type	_ZTVN6uavcan16TransferListenerE, %object
 1089              		.size	_ZTVN6uavcan16TransferListenerE, 24
 1090              	_ZTVN6uavcan16TransferListenerE:
 1091 0000 00000000 		.word	0
 1092 0004 00000000 		.word	0
 1093 0008 00000000 		.word	__cxa_pure_virtual
 1094 000c 00000000 		.word	0
 1095 0010 00000000 		.word	0
 1096 0014 00000000 		.word	_ZN6uavcan16TransferListener11handleFrameERKNS_7RxFrameE
 1097              		.section	.rodata._ZTVN6uavcan16IncomingTransferE,"a",%progbits
 1098              		.align	3
 1099              		.type	_ZTVN6uavcan16IncomingTransferE, %object
 1100              		.size	_ZTVN6uavcan16IncomingTransferE, 32
 1101              	_ZTVN6uavcan16IncomingTransferE:
 1102 0000 00000000 		.word	0
 1103 0004 00000000 		.word	0
 1104 0008 00000000 		.word	0
 1105 000c 00000000 		.word	0
 1106 0010 00000000 		.word	__cxa_pure_virtual
 1107 0014 00000000 		.word	_ZN6uavcan16IncomingTransfer5writeEjPKhj
 1108 0018 00000000 		.word	_ZN6uavcan16IncomingTransfer7releaseEv
 1109 001c 00000000 		.word	_ZNK6uavcan16IncomingTransfer19isAnonymousTransferEv
 1110              		.section	.rodata._ZTVN6uavcan26MultiFrameIncomingTransferE,"a",%progbits
 1111              		.align	3
 1112              		.set	.LANCHOR1,. + 0
 1113              		.type	_ZTVN6uavcan26MultiFrameIncomingTransferE, %object
 1114              		.size	_ZTVN6uavcan26MultiFrameIncomingTransferE, 32
 1115              	_ZTVN6uavcan26MultiFrameIncomingTransferE:
 1116 0000 00000000 		.word	0
 1117 0004 00000000 		.word	0
 1118 0008 00000000 		.word	_ZN6uavcan26MultiFrameIncomingTransferD1Ev
 1119 000c 00000000 		.word	_ZN6uavcan26MultiFrameIncomingTransferD0Ev
 1120 0010 00000000 		.word	_ZNK6uavcan26MultiFrameIncomingTransfer4readEjPhj
 1121 0014 00000000 		.word	_ZN6uavcan16IncomingTransfer5writeEjPKhj
 1122 0018 00000000 		.word	_ZN6uavcan26MultiFrameIncomingTransfer7releaseEv
 1123 001c 00000000 		.word	_ZNK6uavcan16IncomingTransfer19isAnonymousTransferEv
 1124              		.section	.rodata._ZTVN6uavcan26TransferListenerWithFilterE,"a",%progbits
 1125              		.align	3
 1126              		.type	_ZTVN6uavcan26TransferListenerWithFilterE, %object
 1127              		.size	_ZTVN6uavcan26TransferListenerWithFilterE, 24
 1128              	_ZTVN6uavcan26TransferListenerWithFilterE:
 1129 0000 00000000 		.word	0
 1130 0004 00000000 		.word	0
 1131 0008 00000000 		.word	__cxa_pure_virtual
 1132 000c 00000000 		.word	0
 1133 0010 00000000 		.word	0
 1134 0014 00000000 		.word	_ZN6uavcan26TransferListenerWithFilter11handleFrameERKNS_7RxFrameE
 1135              		.ident	"GCC: (15:4.9.3+svn231177-1) 4.9.3 20150529 (prerelease)"
ARM GAS  /tmp/ccjzYqTx.s 			page 21


DEFINED SYMBOLS
                            *ABS*:0000000000000000 uc_transfer_listener.cpp
     /tmp/ccjzYqTx.s:16     .text._ZN6uavcan16IncomingTransfer7releaseEv:0000000000000000 $t
     /tmp/ccjzYqTx.s:21     .text._ZN6uavcan16IncomingTransfer7releaseEv:0000000000000000 _ZN6uavcan16IncomingTransfer7releaseEv
     /tmp/ccjzYqTx.s:28     .text._ZNK6uavcan16IncomingTransfer19isAnonymousTransferEv:0000000000000000 $t
     /tmp/ccjzYqTx.s:33     .text._ZNK6uavcan16IncomingTransfer19isAnonymousTransferEv:0000000000000000 _ZNK6uavcan16IncomingTransfer19isAnonymousTransferEv
     /tmp/ccjzYqTx.s:41     .text._ZN6uavcan16IncomingTransfer5writeEjPKhj:0000000000000000 $t
     /tmp/ccjzYqTx.s:46     .text._ZN6uavcan16IncomingTransfer5writeEjPKhj:0000000000000000 _ZN6uavcan16IncomingTransfer5writeEjPKhj
     /tmp/ccjzYqTx.s:54     .text._ZNK6uavcan27SingleFrameIncomingTransfer19isAnonymousTransferEv:0000000000000000 $t
     /tmp/ccjzYqTx.s:59     .text._ZNK6uavcan27SingleFrameIncomingTransfer19isAnonymousTransferEv:0000000000000000 _ZNK6uavcan27SingleFrameIncomingTransfer19isAnonymousTransferEv
     /tmp/ccjzYqTx.s:73     .text._ZNK6uavcan27SingleFrameIncomingTransfer4readEjPhj:0000000000000000 $t
     /tmp/ccjzYqTx.s:78     .text._ZNK6uavcan27SingleFrameIncomingTransfer4readEjPhj:0000000000000000 _ZNK6uavcan27SingleFrameIncomingTransfer4readEjPhj
     /tmp/ccjzYqTx.s:111    .text._ZN6uavcan26MultiFrameIncomingTransferD2Ev:0000000000000000 $t
     /tmp/ccjzYqTx.s:116    .text._ZN6uavcan26MultiFrameIncomingTransferD2Ev:0000000000000000 _ZN6uavcan26MultiFrameIncomingTransferD2Ev
     /tmp/ccjzYqTx.s:116    .text._ZN6uavcan26MultiFrameIncomingTransferD2Ev:0000000000000000 _ZN6uavcan26MultiFrameIncomingTransferD1Ev
     /tmp/ccjzYqTx.s:125    .text._ZN6uavcan27SingleFrameIncomingTransferD2Ev:0000000000000000 $t
     /tmp/ccjzYqTx.s:130    .text._ZN6uavcan27SingleFrameIncomingTransferD2Ev:0000000000000000 _ZN6uavcan27SingleFrameIncomingTransferD2Ev
     /tmp/ccjzYqTx.s:130    .text._ZN6uavcan27SingleFrameIncomingTransferD2Ev:0000000000000000 _ZN6uavcan27SingleFrameIncomingTransferD1Ev
     /tmp/ccjzYqTx.s:139    .text._ZNK6uavcan26MultiFrameIncomingTransfer4readEjPhj:0000000000000000 $t
     /tmp/ccjzYqTx.s:144    .text._ZNK6uavcan26MultiFrameIncomingTransfer4readEjPhj:0000000000000000 _ZNK6uavcan26MultiFrameIncomingTransfer4readEjPhj
     /tmp/ccjzYqTx.s:169    .text._ZN6uavcan26MultiFrameIncomingTransfer7releaseEv:0000000000000000 $t
     /tmp/ccjzYqTx.s:174    .text._ZN6uavcan26MultiFrameIncomingTransfer7releaseEv:0000000000000000 _ZN6uavcan26MultiFrameIncomingTransfer7releaseEv
     /tmp/ccjzYqTx.s:184    .text._ZN6uavcan27SingleFrameIncomingTransferD0Ev:0000000000000000 $t
     /tmp/ccjzYqTx.s:189    .text._ZN6uavcan27SingleFrameIncomingTransferD0Ev:0000000000000000 _ZN6uavcan27SingleFrameIncomingTransferD0Ev
     /tmp/ccjzYqTx.s:199    .text._ZN6uavcan26MultiFrameIncomingTransferD0Ev:0000000000000000 $t
     /tmp/ccjzYqTx.s:204    .text._ZN6uavcan26MultiFrameIncomingTransferD0Ev:0000000000000000 _ZN6uavcan26MultiFrameIncomingTransferD0Ev
     /tmp/ccjzYqTx.s:214    .text._ZN6uavcan16TransferReceiverC2Ev:0000000000000000 $t
     /tmp/ccjzYqTx.s:219    .text._ZN6uavcan16TransferReceiverC2Ev:0000000000000000 _ZN6uavcan16TransferReceiverC2Ev
     /tmp/ccjzYqTx.s:219    .text._ZN6uavcan16TransferReceiverC2Ev:0000000000000000 _ZN6uavcan16TransferReceiverC1Ev
     /tmp/ccjzYqTx.s:244    .text._ZN6uavcan27SingleFrameIncomingTransferC2ERKNS_7RxFrameE:0000000000000000 $t
     /tmp/ccjzYqTx.s:249    .text._ZN6uavcan27SingleFrameIncomingTransferC2ERKNS_7RxFrameE:0000000000000000 _ZN6uavcan27SingleFrameIncomingTransferC2ERKNS_7RxFrameE
     /tmp/ccjzYqTx.s:276    .text._ZN6uavcan27SingleFrameIncomingTransferC2ERKNS_7RxFrameE:0000000000000044 $d
     /tmp/ccjzYqTx.s:249    .text._ZN6uavcan27SingleFrameIncomingTransferC2ERKNS_7RxFrameE:0000000000000000 _ZN6uavcan27SingleFrameIncomingTransferC1ERKNS_7RxFrameE
     /tmp/ccjzYqTx.s:281    .text._ZN6uavcan26MultiFrameIncomingTransferC2ENS_13MonotonicTimeENS_7UtcTimeERKNS_7RxFrameERNS_22TransferBufferAccessorE:0000000000000000 $t
     /tmp/ccjzYqTx.s:286    .text._ZN6uavcan26MultiFrameIncomingTransferC2ENS_13MonotonicTimeENS_7UtcTimeERKNS_7RxFrameERNS_22TransferBufferAccessorE:0000000000000000 _ZN6uavcan26MultiFrameIncomingTransferC2ENS_13MonotonicTimeENS_7UtcTimeERKNS_7RxFrameERNS_22TransferBufferAccessorE
     /tmp/ccjzYqTx.s:312    .text._ZN6uavcan26MultiFrameIncomingTransferC2ENS_13MonotonicTimeENS_7UtcTimeERKNS_7RxFrameERNS_22TransferBufferAccessorE:000000000000003c $d
     /tmp/ccjzYqTx.s:286    .text._ZN6uavcan26MultiFrameIncomingTransferC2ENS_13MonotonicTimeENS_7UtcTimeERKNS_7RxFrameERNS_22TransferBufferAccessorE:0000000000000000 _ZN6uavcan26MultiFrameIncomingTransferC1ENS_13MonotonicTimeENS_7UtcTimeERKNS_7RxFrameERNS_22TransferBufferAccessorE
     /tmp/ccjzYqTx.s:317    .text._ZNK6uavcan16TransferListener25TimedOutReceiverPredicateclERKNS_24TransferBufferManagerKeyERKNS_16TransferReceiverE:0000000000000000 $t
     /tmp/ccjzYqTx.s:322    .text._ZNK6uavcan16TransferListener25TimedOutReceiverPredicateclERKNS_24TransferBufferManagerKeyERKNS_16TransferReceiverE:0000000000000000 _ZNK6uavcan16TransferListener25TimedOutReceiverPredicateclERKNS_24TransferBufferManagerKeyERKNS_16TransferReceiverE
     /tmp/ccjzYqTx.s:345    .text._ZNK6uavcan16TransferListener15checkPayloadCrcEtRKNS_15ITransferBufferE:0000000000000000 $t
     /tmp/ccjzYqTx.s:350    .text._ZNK6uavcan16TransferListener15checkPayloadCrcEtRKNS_15ITransferBufferE:0000000000000000 _ZNK6uavcan16TransferListener15checkPayloadCrcEtRKNS_15ITransferBufferE
     /tmp/ccjzYqTx.s:397    .text._ZNK6uavcan16TransferListener15checkPayloadCrcEtRKNS_15ITransferBufferE:0000000000000050 $d
     /tmp/ccjzYqTx.s:400    .text._ZN6uavcan16TransferListener15handleReceptionERNS_16TransferReceiverERKNS_7RxFrameERNS_22TransferBufferAccessorE:0000000000000000 $t
     /tmp/ccjzYqTx.s:405    .text._ZN6uavcan16TransferListener15handleReceptionERNS_16TransferReceiverERKNS_7RxFrameERNS_22TransferBufferAccessorE:0000000000000000 _ZN6uavcan16TransferListener15handleReceptionERNS_16TransferReceiverERKNS_7RxFrameERNS_22TransferBufferAccessorE
     /tmp/ccjzYqTx.s:488    .text._ZN6uavcan16TransferListener32handleAnonymousTransferReceptionERKNS_7RxFrameE:0000000000000000 $t
     /tmp/ccjzYqTx.s:493    .text._ZN6uavcan16TransferListener32handleAnonymousTransferReceptionERKNS_7RxFrameE:0000000000000000 _ZN6uavcan16TransferListener32handleAnonymousTransferReceptionERKNS_7RxFrameE
     /tmp/ccjzYqTx.s:519    .text._ZN6uavcan3MapINS_24TransferBufferManagerKeyENS_16TransferReceiverEE7findKeyERKS1_:0000000000000000 $t
     /tmp/ccjzYqTx.s:524    .text._ZN6uavcan3MapINS_24TransferBufferManagerKeyENS_16TransferReceiverEE7findKeyERKS1_:0000000000000000 _ZN6uavcan3MapINS_24TransferBufferManagerKeyENS_16TransferReceiverEE7findKeyERKS1_
     /tmp/ccjzYqTx.s:545    .text._ZN6uavcan14LinkedListRootINS_3MapINS_24TransferBufferManagerKeyENS_16TransferReceiverEE7KVGroupEE6removeEPKS5_:0000000000000000 $t
     /tmp/ccjzYqTx.s:550    .text._ZN6uavcan14LinkedListRootINS_3MapINS_24TransferBufferManagerKeyENS_16TransferReceiverEE7KVGroupEE6removeEPKS5_:0000000000000000 _ZN6uavcan14LinkedListRootINS_3MapINS_24TransferBufferManagerKeyENS_16TransferReceiverEE7KVGroupEE6removeEPKS5_
     /tmp/ccjzYqTx.s:576    .text._ZN6uavcan3MapINS_24TransferBufferManagerKeyENS_16TransferReceiverEE6insertERKS1_RKS2_.part.18:0000000000000000 $t
     /tmp/ccjzYqTx.s:580    .text._ZN6uavcan3MapINS_24TransferBufferManagerKeyENS_16TransferReceiverEE6insertERKS1_RKS2_.part.18:0000000000000000 _ZN6uavcan3MapINS_24TransferBufferManagerKeyENS_16TransferReceiverEE6insertERKS1_RKS2_.part.18
     /tmp/ccjzYqTx.s:637    .text._ZN6uavcan3MapINS_24TransferBufferManagerKeyENS_16TransferReceiverEE7compactEv:0000000000000000 $t
     /tmp/ccjzYqTx.s:642    .text._ZN6uavcan3MapINS_24TransferBufferManagerKeyENS_16TransferReceiverEE7compactEv:0000000000000000 _ZN6uavcan3MapINS_24TransferBufferManagerKeyENS_16TransferReceiverEE7compactEv
     /tmp/ccjzYqTx.s:681    .text._ZN6uavcan3MapINS_24TransferBufferManagerKeyENS_16TransferReceiverEE14removeAllWhereINS3_12YesPredicateEEEvT_.isra.17:0000000000000000 $t
     /tmp/ccjzYqTx.s:685    .text._ZN6uavcan3MapINS_24TransferBufferManagerKeyENS_16TransferReceiverEE14removeAllWhereINS3_12YesPredicateEEEvT_.isra.17:0000000000000000 _ZN6uavcan3MapINS_24TransferBufferManagerKeyENS_16TransferReceiverEE14removeAllWhereINS3_12YesPredicateEEEvT_.isra.17
     /tmp/ccjzYqTx.s:740    .text._ZN6uavcan16TransferListenerD2Ev:0000000000000000 $t
ARM GAS  /tmp/ccjzYqTx.s 			page 22


     /tmp/ccjzYqTx.s:745    .text._ZN6uavcan16TransferListenerD2Ev:0000000000000000 _ZN6uavcan16TransferListenerD2Ev
     /tmp/ccjzYqTx.s:764    .text._ZN6uavcan16TransferListenerD2Ev:0000000000000024 $d
     /tmp/ccjzYqTx.s:745    .text._ZN6uavcan16TransferListenerD2Ev:0000000000000000 _ZN6uavcan16TransferListenerD1Ev
     /tmp/ccjzYqTx.s:769    .text._ZN6uavcan16TransferListenerD0Ev:0000000000000000 $t
     /tmp/ccjzYqTx.s:774    .text._ZN6uavcan16TransferListenerD0Ev:0000000000000000 _ZN6uavcan16TransferListenerD0Ev
     /tmp/ccjzYqTx.s:786    .text._ZN6uavcan3MapINS_24TransferBufferManagerKeyENS_16TransferReceiverEE14removeAllWhereINS_16TransferListener25TimedOutReceiverPredicateEEEvT_:0000000000000000 $t
     /tmp/ccjzYqTx.s:791    .text._ZN6uavcan3MapINS_24TransferBufferManagerKeyENS_16TransferReceiverEE14removeAllWhereINS_16TransferListener25TimedOutReceiverPredicateEEEvT_:0000000000000000 _ZN6uavcan3MapINS_24TransferBufferManagerKeyENS_16TransferReceiverEE14removeAllWhereINS_16TransferListener25TimedOutReceiverPredicateEEEvT_
     /tmp/ccjzYqTx.s:854    .text._ZN6uavcan16TransferListener7cleanupENS_13MonotonicTimeE:0000000000000000 $t
     /tmp/ccjzYqTx.s:859    .text._ZN6uavcan16TransferListener7cleanupENS_13MonotonicTimeE:0000000000000000 _ZN6uavcan16TransferListener7cleanupENS_13MonotonicTimeE
     /tmp/ccjzYqTx.s:875    .text._ZN6uavcan3MapINS_24TransferBufferManagerKeyENS_16TransferReceiverEE6insertERKS1_RKS2_:0000000000000000 $t
     /tmp/ccjzYqTx.s:880    .text._ZN6uavcan3MapINS_24TransferBufferManagerKeyENS_16TransferReceiverEE6insertERKS1_RKS2_:0000000000000000 _ZN6uavcan3MapINS_24TransferBufferManagerKeyENS_16TransferReceiverEE6insertERKS1_RKS2_
     /tmp/ccjzYqTx.s:978    .text._ZN6uavcan16TransferListener11handleFrameERKNS_7RxFrameE:0000000000000000 $t
     /tmp/ccjzYqTx.s:983    .text._ZN6uavcan16TransferListener11handleFrameERKNS_7RxFrameE:0000000000000000 _ZN6uavcan16TransferListener11handleFrameERKNS_7RxFrameE
     /tmp/ccjzYqTx.s:1042   .text._ZN6uavcan26TransferListenerWithFilter11handleFrameERKNS_7RxFrameE:0000000000000000 $t
     /tmp/ccjzYqTx.s:1047   .text._ZN6uavcan26TransferListenerWithFilter11handleFrameERKNS_7RxFrameE:0000000000000000 _ZN6uavcan26TransferListenerWithFilter11handleFrameERKNS_7RxFrameE
     /tmp/ccjzYqTx.s:1101   .rodata._ZTVN6uavcan16IncomingTransferE:0000000000000000 _ZTVN6uavcan16IncomingTransferE
     /tmp/ccjzYqTx.s:1076   .rodata._ZTVN6uavcan27SingleFrameIncomingTransferE:0000000000000000 _ZTVN6uavcan27SingleFrameIncomingTransferE
     /tmp/ccjzYqTx.s:1115   .rodata._ZTVN6uavcan26MultiFrameIncomingTransferE:0000000000000000 _ZTVN6uavcan26MultiFrameIncomingTransferE
     /tmp/ccjzYqTx.s:1090   .rodata._ZTVN6uavcan16TransferListenerE:0000000000000000 _ZTVN6uavcan16TransferListenerE
     /tmp/ccjzYqTx.s:1128   .rodata._ZTVN6uavcan26TransferListenerWithFilterE:0000000000000000 _ZTVN6uavcan26TransferListenerWithFilterE
     /tmp/ccjzYqTx.s:1072   .rodata._ZTVN6uavcan27SingleFrameIncomingTransferE:0000000000000000 $d
     /tmp/ccjzYqTx.s:1086   .rodata._ZTVN6uavcan16TransferListenerE:0000000000000000 $d
     /tmp/ccjzYqTx.s:1098   .rodata._ZTVN6uavcan16IncomingTransferE:0000000000000000 $d
     /tmp/ccjzYqTx.s:1111   .rodata._ZTVN6uavcan26MultiFrameIncomingTransferE:0000000000000000 $d
     /tmp/ccjzYqTx.s:1125   .rodata._ZTVN6uavcan26TransferListenerWithFilterE:0000000000000000 $d
                           .group:0000000000000000 _ZN6uavcan26MultiFrameIncomingTransferD5Ev
                           .group:0000000000000000 _ZN6uavcan27SingleFrameIncomingTransferD5Ev
                           .group:0000000000000000 _ZN6uavcan16TransferReceiverC5Ev

UNDEFINED SYMBOLS
_ZN6uavcan21TransferBufferManager6accessERKNS_24TransferBufferManagerKeyE
_ZN6uavcan21TransferBufferManager6removeERKNS_24TransferBufferManagerKeyE
_ZdlPv
_ZNK6uavcan16TransferReceiver10isTimedOutENS_13MonotonicTimeE
_ZN6uavcan11TransferCRC5TableE
_ZN6uavcan16TransferReceiver8addFrameERKNS_7RxFrameERNS_22TransferBufferAccessorE
_ZN6uavcan16TransferReceiver15yieldErrorCountEv
_ZN6uavcan21TransferBufferManagerD1Ev
__cxa_pure_virtual
